[ 2016-04-29T20:14:33+08:00 ] ::1 /yimishop/Uploads/goods/20160319/M_14583519993_160x160.jpg
INFO: [ app_init ] --START--
INFO: Run Behavior\BuildLiteBehavior [ RunTime:0.000055s ]
INFO: [ app_init ] --END-- [ RunTime:0.000625s ]
ERR: 无法加载模块:Uploads

[ 2016-04-29T20:14:33+08:00 ] ::1 /yimishop/Uploads/goods/20160319/M_14583518629_160x160.png
INFO: [ app_init ] --START--
INFO: Run Behavior\BuildLiteBehavior [ RunTime:0.000049s ]
INFO: [ app_init ] --END-- [ RunTime:0.000536s ]
ERR: 无法加载模块:Uploads

[ 2016-04-29T20:14:33+08:00 ] ::1 /yimishop/Uploads/goods/20160318/M_14582807596_160x160.jpg
INFO: [ app_init ] --START--
INFO: Run Behavior\BuildLiteBehavior [ RunTime:0.000051s ]
INFO: [ app_init ] --END-- [ RunTime:0.000717s ]
ERR: 无法加载模块:Uploads

[ 2016-04-29T20:14:33+08:00 ] ::1 /yimishop/Uploads/goods/20160318/M_14582798784_160x160.jpg
INFO: [ app_init ] --START--
INFO: Run Behavior\BuildLiteBehavior [ RunTime:0.000030s ]
INFO: [ app_init ] --END-- [ RunTime:0.000462s ]
ERR: 无法加载模块:Uploads

[ 2016-04-29T20:14:50+08:00 ] ::1 /yimishop/Uploads/goods/20160319/M_14583518629_160x160.png
INFO: [ app_init ] --START--
INFO: Run Behavior\BuildLiteBehavior [ RunTime:0.000057s ]
INFO: [ app_init ] --END-- [ RunTime:0.000790s ]
ERR: 无法加载模块:Uploads

[ 2016-04-29T20:14:50+08:00 ] ::1 /yimishop/Uploads/goods/20160318/M_14582798784_160x160.jpg
INFO: [ app_init ] --START--
INFO: Run Behavior\BuildLiteBehavior [ RunTime:0.000067s ]
INFO: [ app_init ] --END-- [ RunTime:0.000948s ]
ERR: 无法加载模块:Uploads

[ 2016-04-29T20:14:50+08:00 ] ::1 /yimishop/Uploads/goods/20160319/M_14583519993_160x160.jpg
INFO: [ app_init ] --START--
INFO: Run Behavior\BuildLiteBehavior [ RunTime:0.000058s ]
INFO: [ app_init ] --END-- [ RunTime:0.000830s ]
ERR: 无法加载模块:Uploads

[ 2016-04-29T20:14:50+08:00 ] ::1 /yimishop/Uploads/goods/20160319/M_14583519271_160x160.png
INFO: [ app_init ] --START--
INFO: Run Behavior\BuildLiteBehavior [ RunTime:0.000062s ]
INFO: [ app_init ] --END-- [ RunTime:0.000728s ]
ERR: 无法加载模块:Uploads

[ 2016-04-29T20:14:50+08:00 ] ::1 /yimishop/Uploads/goods/20160318/M_14582807596_160x160.jpg
INFO: [ app_init ] --START--
INFO: Run Behavior\BuildLiteBehavior [ RunTime:0.000030s ]
INFO: [ app_init ] --END-- [ RunTime:0.000426s ]
ERR: 无法加载模块:Uploads

[ 2016-04-29T20:39:49+08:00 ] ::1 /yimishop/Public/css/bootstrap.min.css.map
INFO: [ app_init ] --START--
INFO: Run Behavior\BuildLiteBehavior [ RunTime:0.000058s ]
INFO: [ app_init ] --END-- [ RunTime:0.000737s ]
ERR: 无法加载模块:Public

[ 2016-04-29T20:40:05+08:00 ] ::1 /yimishop/Public/css/bootstrap.min.css.map
INFO: [ app_init ] --START--
INFO: Run Behavior\BuildLiteBehavior [ RunTime:0.000065s ]
INFO: [ app_init ] --END-- [ RunTime:0.000851s ]
ERR: 无法加载模块:Public

[ 2016-04-29T21:18:06+08:00 ] ::1 /yimishop/Public/css/fileinput.css
INFO: [ app_init ] --START--
INFO: Run Behavior\BuildLiteBehavior [ RunTime:0.000031s ]
INFO: [ app_init ] --END-- [ RunTime:0.000453s ]
ERR: 无法加载模块:Public

[ 2016-04-29T21:20:32+08:00 ] ::1 /yimishop/Public/css/fileinput.css
INFO: [ app_init ] --START--
INFO: Run Behavior\BuildLiteBehavior [ RunTime:0.000035s ]
INFO: [ app_init ] --END-- [ RunTime:0.000478s ]
ERR: 无法加载模块:Public

[ 2016-04-29T21:20:53+08:00 ] ::1 /yimishop/Public/css/fileinput.css
INFO: [ app_init ] --START--
INFO: Run Behavior\BuildLiteBehavior [ RunTime:0.000030s ]
INFO: [ app_init ] --END-- [ RunTime:0.000415s ]
ERR: 无法加载模块:Public

[ 2016-04-29T21:21:01+08:00 ] ::1 /yimishop/Public/css/fileinput.css
INFO: [ app_init ] --START--
INFO: Run Behavior\BuildLiteBehavior [ RunTime:0.000034s ]
INFO: [ app_init ] --END-- [ RunTime:0.000483s ]
ERR: 无法加载模块:Public

[ 2016-04-29T21:21:46+08:00 ] ::1 /yimishop/Public/css/fileinput.css
INFO: [ app_init ] --START--
INFO: Run Behavior\BuildLiteBehavior [ RunTime:0.000058s ]
INFO: [ app_init ] --END-- [ RunTime:0.000851s ]
ERR: 无法加载模块:Public

[ 2016-04-29T21:22:03+08:00 ] ::1 /yimishop/Public/css/fileinput.css
INFO: [ app_init ] --START--
INFO: Run Behavior\BuildLiteBehavior [ RunTime:0.000037s ]
INFO: [ app_init ] --END-- [ RunTime:0.000492s ]
ERR: 无法加载模块:Public

[ 2016-04-29T21:26:26+08:00 ] ::1 /yimishop/Public/css/fileinput.css
INFO: [ app_init ] --START--
INFO: Run Behavior\BuildLiteBehavior [ RunTime:0.000067s ]
INFO: [ app_init ] --END-- [ RunTime:0.000771s ]
ERR: 无法加载模块:Public

[ 2016-04-29T21:26:36+08:00 ] ::1 /yimishop/Public/css/fileinput.css
INFO: [ app_init ] --START--
INFO: Run Behavior\BuildLiteBehavior [ RunTime:0.000031s ]
INFO: [ app_init ] --END-- [ RunTime:0.000470s ]
ERR: 无法加载模块:Public

[ 2016-04-29T21:28:32+08:00 ] ::1 /yimishop/Public/css/fileinput.css
INFO: [ app_init ] --START--
INFO: Run Behavior\BuildLiteBehavior [ RunTime:0.000061s ]
INFO: [ app_init ] --END-- [ RunTime:0.000714s ]
ERR: 无法加载模块:Public

[ 2016-04-29T21:29:08+08:00 ] ::1 /yimishop/Public/css/fileinput.css
INFO: [ app_init ] --START--
INFO: Run Behavior\BuildLiteBehavior [ RunTime:0.000064s ]
INFO: [ app_init ] --END-- [ RunTime:0.000756s ]
ERR: 无法加载模块:Public

[ 2016-04-29T21:29:29+08:00 ] ::1 /yimishop/Public/css/fileinput.css
INFO: [ app_init ] --START--
INFO: Run Behavior\BuildLiteBehavior [ RunTime:0.000054s ]
INFO: [ app_init ] --END-- [ RunTime:0.000711s ]
ERR: 无法加载模块:Public

[ 2016-04-29T21:35:51+08:00 ] ::1 /yimishop/Public/css/fileinput.css
INFO: [ app_init ] --START--
INFO: Run Behavior\BuildLiteBehavior [ RunTime:0.000033s ]
INFO: [ app_init ] --END-- [ RunTime:0.000449s ]
ERR: 无法加载模块:Public

[ 2016-04-29T21:36:37+08:00 ] ::1 /yimishop/Public/css/fileinput.css
INFO: [ app_init ] --START--
INFO: Run Behavior\BuildLiteBehavior [ RunTime:0.000069s ]
INFO: [ app_init ] --END-- [ RunTime:0.000733s ]
ERR: 无法加载模块:Public

[ 2016-04-29T21:40:29+08:00 ] ::1 /yimishop/Public/css/bootstrap.min.css.map
INFO: [ app_init ] --START--
INFO: Run Behavior\BuildLiteBehavior [ RunTime:0.000031s ]
INFO: [ app_init ] --END-- [ RunTime:0.000419s ]
ERR: 无法加载模块:Public

[ 2016-04-29T21:42:40+08:00 ] ::1 /yimishop/Public/img/loading.gif
INFO: [ app_init ] --START--
INFO: Run Behavior\BuildLiteBehavior [ RunTime:0.000056s ]
INFO: [ app_init ] --END-- [ RunTime:0.000706s ]
ERR: 无法加载模块:Public

[ 2016-04-29T21:47:12+08:00 ] ::1 /yimishop/Public/img/loading-sm.gif
INFO: [ app_init ] --START--
INFO: Run Behavior\BuildLiteBehavior [ RunTime:0.000059s ]
INFO: [ app_init ] --END-- [ RunTime:0.000834s ]
ERR: 无法加载模块:Public

[ 2016-04-29T22:02:24+08:00 ] ::1 /yimishop/Public/css/bootstrap.min.css.map
INFO: [ app_init ] --START--
INFO: Run Behavior\BuildLiteBehavior [ RunTime:0.000056s ]
INFO: [ app_init ] --END-- [ RunTime:0.000568s ]
ERR: 无法加载模块:Public

[ 2016-04-29T22:26:30+08:00 ] ::1 /yimishop/Public/css/bootstrap.min.css.map
INFO: [ app_init ] --START--
INFO: Run Behavior\BuildLiteBehavior [ RunTime:0.000062s ]
INFO: [ app_init ] --END-- [ RunTime:0.000880s ]
ERR: 无法加载模块:Public

[ 2016-04-29T22:27:23+08:00 ] ::1 /yimishop/Public/css/bootstrap.min.css.map
INFO: [ app_init ] --START--
INFO: Run Behavior\BuildLiteBehavior [ RunTime:0.000066s ]
INFO: [ app_init ] --END-- [ RunTime:0.000906s ]
ERR: 无法加载模块:Public

[ 2016-04-29T22:32:32+08:00 ] ::1 /yimishop/Public/css/bootstrap.min.css.map
INFO: [ app_init ] --START--
INFO: Run Behavior\BuildLiteBehavior [ RunTime:0.000057s ]
INFO: [ app_init ] --END-- [ RunTime:0.000728s ]
ERR: 无法加载模块:Public

[ 2016-04-29T22:33:46+08:00 ] ::1 /yimishop/Uploads/goods/20160319/M_14583519271_160x160.png
INFO: [ app_init ] --START--
INFO: Run Behavior\BuildLiteBehavior [ RunTime:0.000055s ]
INFO: [ app_init ] --END-- [ RunTime:0.000721s ]
ERR: 无法加载模块:Uploads

[ 2016-04-29T22:33:46+08:00 ] ::1 /yimishop/Uploads/goods/20160319/M_14583519993_160x160.jpg
INFO: [ app_init ] --START--
INFO: Run Behavior\BuildLiteBehavior [ RunTime:0.000054s ]
INFO: [ app_init ] --END-- [ RunTime:0.000820s ]
ERR: 无法加载模块:Uploads

[ 2016-04-29T22:33:46+08:00 ] ::1 /yimishop/Uploads/goods/20160318/M_14582798784_160x160.jpg
INFO: [ app_init ] --START--
INFO: Run Behavior\BuildLiteBehavior [ RunTime:0.000103s ]
INFO: [ app_init ] --END-- [ RunTime:0.002796s ]
ERR: 无法加载模块:Uploads

[ 2016-04-29T22:33:46+08:00 ] ::1 /yimishop/Uploads/goods/20160319/M_14583518629_160x160.png
INFO: [ app_init ] --START--
INFO: Run Behavior\BuildLiteBehavior [ RunTime:0.000052s ]
INFO: [ app_init ] --END-- [ RunTime:0.000943s ]
ERR: 无法加载模块:Uploads

[ 2016-04-29T22:33:46+08:00 ] ::1 /yimishop/Uploads/goods/20160318/M_14582807596_160x160.jpg
INFO: [ app_init ] --START--
INFO: Run Behavior\BuildLiteBehavior [ RunTime:0.000032s ]
INFO: [ app_init ] --END-- [ RunTime:0.000473s ]
ERR: 无法加载模块:Uploads

[ 2016-04-29T22:33:56+08:00 ] ::1 /yimishop/Uploads/goods/20160319/M_14583519993_160x160.jpg
INFO: [ app_init ] --START--
INFO: Run Behavior\BuildLiteBehavior [ RunTime:0.000055s ]
INFO: [ app_init ] --END-- [ RunTime:0.000665s ]
ERR: 无法加载模块:Uploads

[ 2016-04-29T22:33:56+08:00 ] ::1 /yimishop/Uploads/goods/20160319/M_14583518629_160x160.png
INFO: [ app_init ] --START--
INFO: Run Behavior\BuildLiteBehavior [ RunTime:0.000059s ]
INFO: [ app_init ] --END-- [ RunTime:0.000707s ]
ERR: 无法加载模块:Uploads

[ 2016-04-29T22:33:56+08:00 ] ::1 /yimishop/Uploads/goods/20160318/M_14582798784_160x160.jpg
INFO: [ app_init ] --START--
INFO: Run Behavior\BuildLiteBehavior [ RunTime:0.000057s ]
INFO: [ app_init ] --END-- [ RunTime:0.000715s ]
ERR: 无法加载模块:Uploads

[ 2016-04-29T22:33:56+08:00 ] ::1 /yimishop/Uploads/goods/20160318/M_14582807596_160x160.jpg
INFO: [ app_init ] --START--
INFO: Run Behavior\BuildLiteBehavior [ RunTime:0.000033s ]
INFO: [ app_init ] --END-- [ RunTime:0.000481s ]
ERR: 无法加载模块:Uploads

[ 2016-04-29T22:33:56+08:00 ] ::1 /yimishop/Uploads/goods/20160319/M_14583519271_160x160.png
INFO: [ app_init ] --START--
INFO: Run Behavior\BuildLiteBehavior [ RunTime:0.000032s ]
INFO: [ app_init ] --END-- [ RunTime:0.000451s ]
ERR: 无法加载模块:Uploads

[ 2016-04-29T22:34:03+08:00 ] ::1 /yimishop/Public/css/bootstrap.min.css.map
INFO: [ app_init ] --START--
INFO: Run Behavior\BuildLiteBehavior [ RunTime:0.000062s ]
INFO: [ app_init ] --END-- [ RunTime:0.000797s ]
ERR: 无法加载模块:Public

[ 2016-04-29T22:34:09+08:00 ] ::1 /yimishop/Uploads/goods/20160319/M_14583519993_160x160.jpg
INFO: [ app_init ] --START--
INFO: Run Behavior\BuildLiteBehavior [ RunTime:0.000058s ]
INFO: [ app_init ] --END-- [ RunTime:0.000723s ]
ERR: 无法加载模块:Uploads

[ 2016-04-29T22:34:09+08:00 ] ::1 /yimishop/Uploads/goods/20160318/M_14582798784_160x160.jpg
INFO: [ app_init ] --START--
INFO: Run Behavior\BuildLiteBehavior [ RunTime:0.000107s ]
INFO: [ app_init ] --END-- [ RunTime:0.000925s ]
ERR: 无法加载模块:Uploads

[ 2016-04-29T22:34:09+08:00 ] ::1 /yimishop/Uploads/goods/20160319/M_14583518629_160x160.png
INFO: [ app_init ] --START--
INFO: Run Behavior\BuildLiteBehavior [ RunTime:0.000101s ]
INFO: [ app_init ] --END-- [ RunTime:0.000936s ]
ERR: 无法加载模块:Uploads

[ 2016-04-29T22:34:09+08:00 ] ::1 /yimishop/Uploads/goods/20160319/M_14583519271_160x160.png
INFO: [ app_init ] --START--
INFO: Run Behavior\BuildLiteBehavior [ RunTime:0.000054s ]
INFO: [ app_init ] --END-- [ RunTime:0.000762s ]
ERR: 无法加载模块:Uploads

[ 2016-04-29T22:34:09+08:00 ] ::1 /yimishop/Uploads/goods/20160318/M_14582807596_160x160.jpg
INFO: [ app_init ] --START--
INFO: Run Behavior\BuildLiteBehavior [ RunTime:0.000032s ]
INFO: [ app_init ] --END-- [ RunTime:0.000461s ]
ERR: 无法加载模块:Uploads

[ 2016-04-29T22:34:39+08:00 ] ::1 /yimishop/Uploads/goods/20160319/M_14583519271_160x160.png
INFO: [ app_init ] --START--
INFO: Run Behavior\BuildLiteBehavior [ RunTime:0.000056s ]
INFO: [ app_init ] --END-- [ RunTime:0.000763s ]
ERR: 无法加载模块:Uploads

[ 2016-04-29T22:34:39+08:00 ] ::1 /yimishop/Uploads/goods/20160319/M_14583518629_160x160.png
INFO: [ app_init ] --START--
INFO: Run Behavior\BuildLiteBehavior [ RunTime:0.000072s ]
INFO: [ app_init ] --END-- [ RunTime:0.000666s ]
ERR: 无法加载模块:Uploads

[ 2016-04-29T22:34:39+08:00 ] ::1 /yimishop/Uploads/goods/20160319/M_14583519993_160x160.jpg
INFO: [ app_init ] --START--
INFO: Run Behavior\BuildLiteBehavior [ RunTime:0.000058s ]
INFO: [ app_init ] --END-- [ RunTime:0.000769s ]
ERR: 无法加载模块:Uploads

[ 2016-04-29T22:34:39+08:00 ] ::1 /yimishop/Uploads/goods/20160318/M_14582798784_160x160.jpg
INFO: [ app_init ] --START--
INFO: Run Behavior\BuildLiteBehavior [ RunTime:0.000064s ]
INFO: [ app_init ] --END-- [ RunTime:0.001094s ]
ERR: 无法加载模块:Uploads

[ 2016-04-29T22:34:39+08:00 ] ::1 /yimishop/Uploads/goods/20160318/M_14582807596_160x160.jpg
INFO: [ app_init ] --START--
INFO: Run Behavior\BuildLiteBehavior [ RunTime:0.000056s ]
INFO: [ app_init ] --END-- [ RunTime:0.000748s ]
ERR: 无法加载模块:Uploads

[ 2016-04-29T22:35:02+08:00 ] ::1 /yimishop/Uploads/goods/20160319/M_14583518629_160x160.png
INFO: [ app_init ] --START--
INFO: Run Behavior\BuildLiteBehavior [ RunTime:0.000058s ]
INFO: [ app_init ] --END-- [ RunTime:0.000687s ]
ERR: 无法加载模块:Uploads

[ 2016-04-29T22:35:02+08:00 ] ::1 /yimishop/Uploads/goods/20160319/M_14583519993_160x160.jpg
INFO: [ app_init ] --START--
INFO: Run Behavior\BuildLiteBehavior [ RunTime:0.000056s ]
INFO: [ app_init ] --END-- [ RunTime:0.000657s ]
ERR: 无法加载模块:Uploads

[ 2016-04-29T22:35:02+08:00 ] ::1 /yimishop/Uploads/goods/20160319/M_14583519271_160x160.png
INFO: [ app_init ] --START--
INFO: Run Behavior\BuildLiteBehavior [ RunTime:0.000061s ]
INFO: [ app_init ] --END-- [ RunTime:0.000769s ]
ERR: 无法加载模块:Uploads

[ 2016-04-29T22:35:02+08:00 ] ::1 /yimishop/Uploads/goods/20160318/M_14582807596_160x160.jpg
INFO: [ app_init ] --START--
INFO: Run Behavior\BuildLiteBehavior [ RunTime:0.000058s ]
INFO: [ app_init ] --END-- [ RunTime:0.000671s ]
ERR: 无法加载模块:Uploads

[ 2016-04-29T22:35:02+08:00 ] ::1 /yimishop/Uploads/goods/20160318/M_14582798784_160x160.jpg
INFO: [ app_init ] --START--
INFO: Run Behavior\BuildLiteBehavior [ RunTime:0.000060s ]
INFO: [ app_init ] --END-- [ RunTime:0.001181s ]
ERR: 无法加载模块:Uploads

[ 2016-04-29T22:35:09+08:00 ] ::1 /yimishop/Uploads/goods/20160319/M_14583519993_160x160.jpg
INFO: [ app_init ] --START--
INFO: Run Behavior\BuildLiteBehavior [ RunTime:0.000059s ]
INFO: [ app_init ] --END-- [ RunTime:0.000675s ]
ERR: 无法加载模块:Uploads

[ 2016-04-29T22:35:09+08:00 ] ::1 /yimishop/Uploads/goods/20160319/M_14583518629_160x160.png
INFO: [ app_init ] --START--
INFO: Run Behavior\BuildLiteBehavior [ RunTime:0.000050s ]
INFO: [ app_init ] --END-- [ RunTime:0.000670s ]
ERR: 无法加载模块:Uploads

[ 2016-04-29T22:35:09+08:00 ] ::1 /yimishop/Uploads/goods/20160318/M_14582807596_160x160.jpg
INFO: [ app_init ] --START--
INFO: Run Behavior\BuildLiteBehavior [ RunTime:0.000060s ]
INFO: [ app_init ] --END-- [ RunTime:0.001396s ]
ERR: 无法加载模块:Uploads

[ 2016-04-29T22:35:09+08:00 ] ::1 /yimishop/Uploads/goods/20160318/M_14582798784_160x160.jpg
INFO: [ app_init ] --START--
INFO: Run Behavior\BuildLiteBehavior [ RunTime:0.000062s ]
INFO: [ app_init ] --END-- [ RunTime:0.000845s ]
ERR: 无法加载模块:Uploads

[ 2016-04-29T22:35:09+08:00 ] ::1 /yimishop/Uploads/goods/20160319/M_14583519271_160x160.png
INFO: [ app_init ] --START--
INFO: Run Behavior\BuildLiteBehavior [ RunTime:0.000036s ]
INFO: [ app_init ] --END-- [ RunTime:0.000722s ]
ERR: 无法加载模块:Uploads

