[ 2016-05-11T21:47:05+08:00 ] ::1 /yimishop/Uploads/goods/20160318/M_14582807596_160x160.jpg
INFO: [ app_init ] --START--
INFO: Run Behavior\BuildLiteBehavior [ RunTime:0.000057s ]
INFO: [ app_init ] --END-- [ RunTime:0.000772s ]
ERR: 无法加载模块:Uploads

[ 2016-05-11T21:47:05+08:00 ] ::1 /yimishop/Uploads/goods/20160319/M_14583519993_160x160.jpg
INFO: [ app_init ] --START--
INFO: Run Behavior\BuildLiteBehavior [ RunTime:0.000069s ]
INFO: [ app_init ] --END-- [ RunTime:0.001132s ]
ERR: 无法加载模块:Uploads

[ 2016-05-11T21:47:05+08:00 ] ::1 /yimishop/Uploads/goods/20160319/M_14583519271_160x160.png
INFO: [ app_init ] --START--
INFO: Run Behavior\BuildLiteBehavior [ RunTime:0.000063s ]
INFO: [ app_init ] --END-- [ RunTime:0.001139s ]
ERR: 无法加载模块:Uploads

[ 2016-05-11T21:47:05+08:00 ] ::1 /yimishop/Uploads/goods/20160319/M_14583518629_160x160.png
INFO: [ app_init ] --START--
INFO: Run Behavior\BuildLiteBehavior [ RunTime:0.000064s ]
INFO: [ app_init ] --END-- [ RunTime:0.000998s ]
ERR: 无法加载模块:Uploads

[ 2016-05-11T21:47:05+08:00 ] ::1 /yimishop/Uploads/goods/20160318/M_14582807596_160x160.jpg
INFO: [ app_init ] --START--
INFO: Run Behavior\BuildLiteBehavior [ RunTime:0.000062s ]
INFO: [ app_init ] --END-- [ RunTime:0.000687s ]
ERR: 无法加载模块:Uploads

[ 2016-05-11T21:47:05+08:00 ] ::1 /yimishop/Uploads/goods/20160319/M_14583519993_160x160.jpg
INFO: [ app_init ] --START--
INFO: Run Behavior\BuildLiteBehavior [ RunTime:0.000055s ]
INFO: [ app_init ] --END-- [ RunTime:0.000782s ]
ERR: 无法加载模块:Uploads

[ 2016-05-11T21:47:05+08:00 ] ::1 /yimishop/Uploads/goods/20160318/M_14582798784_160x160.jpg
INFO: [ app_init ] --START--
INFO: Run Behavior\BuildLiteBehavior [ RunTime:0.000063s ]
INFO: [ app_init ] --END-- [ RunTime:0.000805s ]
ERR: 无法加载模块:Uploads

[ 2016-05-11T21:47:06+08:00 ] ::1 /yimishop/Uploads/goods/20160319/M_14583518629_160x160.png
INFO: [ app_init ] --START--
INFO: Run Behavior\BuildLiteBehavior [ RunTime:0.000061s ]
INFO: [ app_init ] --END-- [ RunTime:0.001052s ]
ERR: 无法加载模块:Uploads

[ 2016-05-11T21:47:06+08:00 ] ::1 /yimishop/Uploads/goods/20160319/M_14583519271_160x160.png
INFO: [ app_init ] --START--
INFO: Run Behavior\BuildLiteBehavior [ RunTime:0.000056s ]
INFO: [ app_init ] --END-- [ RunTime:0.000863s ]
ERR: 无法加载模块:Uploads

[ 2016-05-11T21:52:26+08:00 ] ::1 /yimishop/Uploads/goods/20160319/M_14583519993_160x160.jpg
INFO: [ app_init ] --START--
INFO: Run Behavior\BuildLiteBehavior [ RunTime:0.000057s ]
INFO: [ app_init ] --END-- [ RunTime:0.000783s ]
ERR: 无法加载模块:Uploads

[ 2016-05-11T21:52:26+08:00 ] ::1 /yimishop/Uploads/goods/20160319/M_14583518629_160x160.png
INFO: [ app_init ] --START--
INFO: Run Behavior\BuildLiteBehavior [ RunTime:0.000060s ]
INFO: [ app_init ] --END-- [ RunTime:0.000860s ]
ERR: 无法加载模块:Uploads

[ 2016-05-11T21:52:59+08:00 ] ::1 /yimishop/Uploads/goods/20160318/M_14582798784_160x160.jpg
INFO: [ app_init ] --START--
INFO: Run Behavior\BuildLiteBehavior [ RunTime:0.000055s ]
INFO: [ app_init ] --END-- [ RunTime:0.000666s ]
ERR: 无法加载模块:Uploads

[ 2016-05-11T21:52:59+08:00 ] ::1 /yimishop/Uploads/goods/20160319/M_14583519993_160x160.jpg
INFO: [ app_init ] --START--
INFO: Run Behavior\BuildLiteBehavior [ RunTime:0.000059s ]
INFO: [ app_init ] --END-- [ RunTime:0.000744s ]
ERR: 无法加载模块:Uploads

[ 2016-05-11T21:52:59+08:00 ] ::1 /yimishop/Uploads/goods/20160319/M_14583519271_160x160.png
INFO: [ app_init ] --START--
INFO: Run Behavior\BuildLiteBehavior [ RunTime:0.000057s ]
INFO: [ app_init ] --END-- [ RunTime:0.000829s ]
ERR: 无法加载模块:Uploads

[ 2016-05-11T21:52:59+08:00 ] ::1 /yimishop/Uploads/goods/20160318/M_14582807596_160x160.jpg
INFO: [ app_init ] --START--
INFO: Run Behavior\BuildLiteBehavior [ RunTime:0.000059s ]
INFO: [ app_init ] --END-- [ RunTime:0.000879s ]
ERR: 无法加载模块:Uploads

[ 2016-05-11T21:52:59+08:00 ] ::1 /yimishop/Uploads/goods/20160319/M_14583518629_160x160.png
INFO: [ app_init ] --START--
INFO: Run Behavior\BuildLiteBehavior [ RunTime:0.000063s ]
INFO: [ app_init ] --END-- [ RunTime:0.000801s ]
ERR: 无法加载模块:Uploads

[ 2016-05-11T21:53:20+08:00 ] ::1 /yimishop/Uploads/goods/20160318/M_14582798784_160x160.jpg
INFO: [ app_init ] --START--
INFO: Run Behavior\BuildLiteBehavior [ RunTime:0.000032s ]
INFO: [ app_init ] --END-- [ RunTime:0.000470s ]
ERR: 无法加载模块:Uploads

[ 2016-05-11T21:53:20+08:00 ] ::1 /yimishop/Uploads/goods/20160318/M_14582807596_160x160.jpg
INFO: [ app_init ] --START--
INFO: Run Behavior\BuildLiteBehavior [ RunTime:0.000031s ]
INFO: [ app_init ] --END-- [ RunTime:0.000432s ]
ERR: 无法加载模块:Uploads

[ 2016-05-11T22:02:10+08:00 ] ::1 /yimishop/Uploads/_160x160.
INFO: [ app_init ] --START--
INFO: Run Behavior\BuildLiteBehavior [ RunTime:0.000075s ]
INFO: [ app_init ] --END-- [ RunTime:0.001244s ]
ERR: 无法加载模块:Uploads

[ 2016-05-11T22:02:29+08:00 ] ::1 /yimishop/Public/css/bootstrap.min.css.map
INFO: [ app_init ] --START--
INFO: Run Behavior\BuildLiteBehavior [ RunTime:0.000032s ]
INFO: [ app_init ] --END-- [ RunTime:0.000637s ]
ERR: 无法加载模块:Public

[ 2016-05-11T22:02:47+08:00 ] ::1 /yimishop/Uploads/_160x160.
INFO: [ app_init ] --START--
INFO: Run Behavior\BuildLiteBehavior [ RunTime:0.000049s ]
INFO: [ app_init ] --END-- [ RunTime:0.000679s ]
ERR: 无法加载模块:Uploads

[ 2016-05-11T22:02:56+08:00 ] ::1 /yimishop/Uploads/_160x160.
INFO: [ app_init ] --START--
INFO: Run Behavior\BuildLiteBehavior [ RunTime:0.000032s ]
INFO: [ app_init ] --END-- [ RunTime:0.000490s ]
ERR: 无法加载模块:Uploads

[ 2016-05-11T22:39:00+08:00 ] ::1 /yimishop/Uploads/_160x160.
INFO: [ app_init ] --START--
INFO: Run Behavior\BuildLiteBehavior [ RunTime:0.000056s ]
INFO: [ app_init ] --END-- [ RunTime:0.000941s ]
ERR: 无法加载模块:Uploads

[ 2016-05-11T22:39:22+08:00 ] ::1 /yimishop/Uploads/_160x160.
INFO: [ app_init ] --START--
INFO: Run Behavior\BuildLiteBehavior [ RunTime:0.000050s ]
INFO: [ app_init ] --END-- [ RunTime:0.000758s ]
ERR: 无法加载模块:Uploads

[ 2016-05-11T22:39:32+08:00 ] ::1 /yimishop/Uploads/_160x160.
INFO: [ app_init ] --START--
INFO: Run Behavior\BuildLiteBehavior [ RunTime:0.000056s ]
INFO: [ app_init ] --END-- [ RunTime:0.000745s ]
ERR: 无法加载模块:Uploads

[ 2016-05-11T22:39:42+08:00 ] ::1 /yimishop/Uploads/_160x160.
INFO: [ app_init ] --START--
INFO: Run Behavior\BuildLiteBehavior [ RunTime:0.000059s ]
INFO: [ app_init ] --END-- [ RunTime:0.000978s ]
ERR: 无法加载模块:Uploads

[ 2016-05-11T22:39:50+08:00 ] ::1 /yimishop/Uploads/_160x160.
INFO: [ app_init ] --START--
INFO: Run Behavior\BuildLiteBehavior [ RunTime:0.000109s ]
INFO: [ app_init ] --END-- [ RunTime:0.001120s ]
ERR: 无法加载模块:Uploads

[ 2016-05-11T22:40:14+08:00 ] ::1 /yimishop/Uploads/_160x160.
INFO: [ app_init ] --START--
INFO: Run Behavior\BuildLiteBehavior [ RunTime:0.000064s ]
INFO: [ app_init ] --END-- [ RunTime:0.000738s ]
ERR: 无法加载模块:Uploads

[ 2016-05-11T22:40:22+08:00 ] ::1 /yimishop/Uploads/_160x160.
INFO: [ app_init ] --START--
INFO: Run Behavior\BuildLiteBehavior [ RunTime:0.000058s ]
INFO: [ app_init ] --END-- [ RunTime:0.000827s ]
ERR: 无法加载模块:Uploads

[ 2016-05-11T22:40:22+08:00 ] ::1 /yimishop/Uploads/_160x160.
INFO: [ app_init ] --START--
INFO: Run Behavior\BuildLiteBehavior [ RunTime:0.000033s ]
INFO: [ app_init ] --END-- [ RunTime:0.000501s ]
ERR: 无法加载模块:Uploads

[ 2016-05-11T22:40:30+08:00 ] ::1 /yimishop/Uploads/_160x160.
INFO: [ app_init ] --START--
INFO: Run Behavior\BuildLiteBehavior [ RunTime:0.000033s ]
INFO: [ app_init ] --END-- [ RunTime:0.000539s ]
ERR: 无法加载模块:Uploads

[ 2016-05-11T22:42:08+08:00 ] ::1 /yimishop/Uploads/_160x160.
INFO: [ app_init ] --START--
INFO: Run Behavior\BuildLiteBehavior [ RunTime:0.000196s ]
INFO: [ app_init ] --END-- [ RunTime:0.001340s ]
ERR: 无法加载模块:Uploads

[ 2016-05-11T22:42:18+08:00 ] ::1 /yimishop/Uploads/_160x160.
INFO: [ app_init ] --START--
INFO: Run Behavior\BuildLiteBehavior [ RunTime:0.000053s ]
INFO: [ app_init ] --END-- [ RunTime:0.000794s ]
ERR: 无法加载模块:Uploads

[ 2016-05-11T22:42:39+08:00 ] ::1 /yimishop/Uploads/_160x160.
INFO: [ app_init ] --START--
INFO: Run Behavior\BuildLiteBehavior [ RunTime:0.000033s ]
INFO: [ app_init ] --END-- [ RunTime:0.000479s ]
ERR: 无法加载模块:Uploads

[ 2016-05-11T22:42:47+08:00 ] ::1 /yimishop/Uploads/_160x160.
INFO: [ app_init ] --START--
INFO: Run Behavior\BuildLiteBehavior [ RunTime:0.000032s ]
INFO: [ app_init ] --END-- [ RunTime:0.000544s ]
ERR: 无法加载模块:Uploads

[ 2016-05-11T22:43:20+08:00 ] ::1 /yimishop/Uploads/_160x160.
INFO: [ app_init ] --START--
INFO: Run Behavior\BuildLiteBehavior [ RunTime:0.000031s ]
INFO: [ app_init ] --END-- [ RunTime:0.000468s ]
ERR: 无法加载模块:Uploads

[ 2016-05-11T22:43:31+08:00 ] ::1 /yimishop/Uploads/_160x160.
INFO: [ app_init ] --START--
INFO: Run Behavior\BuildLiteBehavior [ RunTime:0.000056s ]
INFO: [ app_init ] --END-- [ RunTime:0.000708s ]
ERR: 无法加载模块:Uploads

[ 2016-05-11T22:43:42+08:00 ] ::1 /yimishop/Uploads/_160x160.
INFO: [ app_init ] --START--
INFO: Run Behavior\BuildLiteBehavior [ RunTime:0.000031s ]
INFO: [ app_init ] --END-- [ RunTime:0.000476s ]
ERR: 无法加载模块:Uploads

[ 2016-05-11T22:44:59+08:00 ] ::1 /yimishop/Public/img/loading.gif
INFO: [ app_init ] --START--
INFO: Run Behavior\BuildLiteBehavior [ RunTime:0.000054s ]
INFO: [ app_init ] --END-- [ RunTime:0.000733s ]
ERR: 无法加载模块:Public

[ 2016-05-11T22:46:26+08:00 ] ::1 /yimishop/Uploads/_160x160.
INFO: [ app_init ] --START--
INFO: Run Behavior\BuildLiteBehavior [ RunTime:0.000034s ]
INFO: [ app_init ] --END-- [ RunTime:0.000610s ]
ERR: 无法加载模块:Uploads

