[ 2016-04-14T20:36:07+08:00 ] ::1 /yimishop/Uploads/goods/20160319/M_14583519271_160x160.png
INFO: [ app_init ] --START--
INFO: Run Behavior\BuildLiteBehavior [ RunTime:0.000061s ]
INFO: [ app_init ] --END-- [ RunTime:0.000714s ]
ERR: 无法加载模块:Uploads

[ 2016-04-14T20:36:07+08:00 ] ::1 /yimishop/Uploads/goods/20160319/M_14583519993_160x160.jpg
INFO: [ app_init ] --START--
INFO: Run Behavior\BuildLiteBehavior [ RunTime:0.000047s ]
INFO: [ app_init ] --END-- [ RunTime:0.000796s ]
ERR: 无法加载模块:Uploads

[ 2016-04-14T20:36:07+08:00 ] ::1 /yimishop/Uploads/goods/20160318/M_14582798784_160x160.jpg
INFO: [ app_init ] --START--
INFO: Run Behavior\BuildLiteBehavior [ RunTime:0.000064s ]
INFO: [ app_init ] --END-- [ RunTime:0.001400s ]
ERR: 无法加载模块:Uploads

[ 2016-04-14T20:36:30+08:00 ] ::1 /yimishop/Uploads/goods/20160319/M_14583519993_160x160.jpg
INFO: [ app_init ] --START--
INFO: Run Behavior\BuildLiteBehavior [ RunTime:0.000057s ]
INFO: [ app_init ] --END-- [ RunTime:0.000670s ]
ERR: 无法加载模块:Uploads

[ 2016-04-14T20:36:30+08:00 ] ::1 /yimishop/Uploads/goods/20160318/M_14582807596_160x160.jpg
INFO: [ app_init ] --START--
INFO: Run Behavior\BuildLiteBehavior [ RunTime:0.000057s ]
INFO: [ app_init ] --END-- [ RunTime:0.000685s ]
ERR: 无法加载模块:Uploads

[ 2016-04-14T20:36:30+08:00 ] ::1 /yimishop/Uploads/goods/20160319/M_14583518629_160x160.png
INFO: [ app_init ] --START--
INFO: Run Behavior\BuildLiteBehavior [ RunTime:0.000061s ]
INFO: [ app_init ] --END-- [ RunTime:0.000776s ]
ERR: 无法加载模块:Uploads

[ 2016-04-14T20:36:30+08:00 ] ::1 /yimishop/Uploads/goods/20160319/M_14583519271_160x160.png
INFO: [ app_init ] --START--
INFO: Run Behavior\BuildLiteBehavior [ RunTime:0.000061s ]
INFO: [ app_init ] --END-- [ RunTime:0.000727s ]
ERR: 无法加载模块:Uploads

[ 2016-04-14T20:36:30+08:00 ] ::1 /yimishop/Uploads/goods/20160318/M_14582798784_160x160.jpg
INFO: [ app_init ] --START--
INFO: Run Behavior\BuildLiteBehavior [ RunTime:0.000050s ]
INFO: [ app_init ] --END-- [ RunTime:0.000667s ]
ERR: 无法加载模块:Uploads

[ 2016-04-14T21:37:04+08:00 ] ::1 /yimishop/Uploads/goods/20160319/M_14583519993_160x160.jpg
INFO: [ app_init ] --START--
INFO: Run Behavior\BuildLiteBehavior [ RunTime:0.000058s ]
INFO: [ app_init ] --END-- [ RunTime:0.000770s ]
ERR: 无法加载模块:Uploads

[ 2016-04-14T21:37:04+08:00 ] ::1 /yimishop/Uploads/goods/20160318/M_14582807596_160x160.jpg
INFO: [ app_init ] --START--
INFO: Run Behavior\BuildLiteBehavior [ RunTime:0.000068s ]
INFO: [ app_init ] --END-- [ RunTime:0.000866s ]
ERR: 无法加载模块:Uploads

[ 2016-04-14T21:37:04+08:00 ] ::1 /yimishop/Uploads/goods/20160319/M_14583519271_160x160.png
INFO: [ app_init ] --START--
INFO: Run Behavior\BuildLiteBehavior [ RunTime:0.000054s ]
INFO: [ app_init ] --END-- [ RunTime:0.000716s ]
ERR: 无法加载模块:Uploads

[ 2016-04-14T21:37:04+08:00 ] ::1 /yimishop/Uploads/goods/20160318/M_14582798784_160x160.jpg
INFO: [ app_init ] --START--
INFO: Run Behavior\BuildLiteBehavior [ RunTime:0.000064s ]
INFO: [ app_init ] --END-- [ RunTime:0.000952s ]
ERR: 无法加载模块:Uploads

[ 2016-04-14T21:37:04+08:00 ] ::1 /yimishop/Uploads/goods/20160319/M_14583518629_160x160.png
INFO: [ app_init ] --START--
INFO: Run Behavior\BuildLiteBehavior [ RunTime:0.000057s ]
INFO: [ app_init ] --END-- [ RunTime:0.000791s ]
ERR: 无法加载模块:Uploads

[ 2016-04-14T21:37:20+08:00 ] ::1 /yimishop/Uploads/goods/20160319/M_14583519993_160x160.jpg
INFO: [ app_init ] --START--
INFO: Run Behavior\BuildLiteBehavior [ RunTime:0.000067s ]
INFO: [ app_init ] --END-- [ RunTime:0.000870s ]
ERR: 无法加载模块:Uploads

[ 2016-04-14T21:37:20+08:00 ] ::1 /yimishop/Uploads/goods/20160319/M_14583518629_160x160.png
INFO: [ app_init ] --START--
INFO: Run Behavior\BuildLiteBehavior [ RunTime:0.000065s ]
INFO: [ app_init ] --END-- [ RunTime:0.000797s ]
ERR: 无法加载模块:Uploads

[ 2016-04-14T21:37:20+08:00 ] ::1 /yimishop/Uploads/goods/20160318/M_14582807596_160x160.jpg
INFO: [ app_init ] --START--
INFO: Run Behavior\BuildLiteBehavior [ RunTime:0.000068s ]
INFO: [ app_init ] --END-- [ RunTime:0.000837s ]
ERR: 无法加载模块:Uploads

[ 2016-04-14T21:37:20+08:00 ] ::1 /yimishop/Uploads/goods/20160318/M_14582798784_160x160.jpg
INFO: [ app_init ] --START--
INFO: Run Behavior\BuildLiteBehavior [ RunTime:0.000060s ]
INFO: [ app_init ] --END-- [ RunTime:0.000734s ]
ERR: 无法加载模块:Uploads

[ 2016-04-14T21:37:20+08:00 ] ::1 /yimishop/Uploads/goods/20160319/M_14583519271_160x160.png
INFO: [ app_init ] --START--
INFO: Run Behavior\BuildLiteBehavior [ RunTime:0.000058s ]
INFO: [ app_init ] --END-- [ RunTime:0.000664s ]
ERR: 无法加载模块:Uploads

[ 2016-04-14T21:37:45+08:00 ] ::1 /yimishop/Uploads/goods/20160318/M_14582807596_160x160.jpg
INFO: [ app_init ] --START--
INFO: Run Behavior\BuildLiteBehavior [ RunTime:0.000051s ]
INFO: [ app_init ] --END-- [ RunTime:0.000637s ]
ERR: 无法加载模块:Uploads

[ 2016-04-14T21:37:45+08:00 ] ::1 /yimishop/Uploads/goods/20160319/M_14583518629_160x160.png
INFO: [ app_init ] --START--
INFO: Run Behavior\BuildLiteBehavior [ RunTime:0.000060s ]
INFO: [ app_init ] --END-- [ RunTime:0.000693s ]
ERR: 无法加载模块:Uploads

[ 2016-04-14T21:37:45+08:00 ] ::1 /yimishop/Uploads/goods/20160319/M_14583519271_160x160.png
INFO: [ app_init ] --START--
INFO: Run Behavior\BuildLiteBehavior [ RunTime:0.000058s ]
INFO: [ app_init ] --END-- [ RunTime:0.000763s ]
ERR: 无法加载模块:Uploads

[ 2016-04-14T21:37:45+08:00 ] ::1 /yimishop/Uploads/goods/20160319/M_14583519993_160x160.jpg
INFO: [ app_init ] --START--
INFO: Run Behavior\BuildLiteBehavior [ RunTime:0.000058s ]
INFO: [ app_init ] --END-- [ RunTime:0.000754s ]
ERR: 无法加载模块:Uploads

[ 2016-04-14T21:37:45+08:00 ] ::1 /yimishop/Uploads/goods/20160318/M_14582798784_160x160.jpg
INFO: [ app_init ] --START--
INFO: Run Behavior\BuildLiteBehavior [ RunTime:0.000032s ]
INFO: [ app_init ] --END-- [ RunTime:0.000433s ]
ERR: 无法加载模块:Uploads

[ 2016-04-14T21:37:54+08:00 ] ::1 /yimishop/Uploads/goods/20160319/M_14583519993_160x160.jpg
INFO: [ app_init ] --START--
INFO: Run Behavior\BuildLiteBehavior [ RunTime:0.000063s ]
INFO: [ app_init ] --END-- [ RunTime:0.000766s ]
ERR: 无法加载模块:Uploads

[ 2016-04-14T21:37:54+08:00 ] ::1 /yimishop/Uploads/goods/20160319/M_14583518629_160x160.png
INFO: [ app_init ] --START--
INFO: Run Behavior\BuildLiteBehavior [ RunTime:0.000063s ]
INFO: [ app_init ] --END-- [ RunTime:0.000757s ]
ERR: 无法加载模块:Uploads

[ 2016-04-14T21:37:54+08:00 ] ::1 /yimishop/Uploads/goods/20160319/M_14583519271_160x160.png
INFO: [ app_init ] --START--
INFO: Run Behavior\BuildLiteBehavior [ RunTime:0.000062s ]
INFO: [ app_init ] --END-- [ RunTime:0.000765s ]
ERR: 无法加载模块:Uploads

[ 2016-04-14T21:37:54+08:00 ] ::1 /yimishop/Uploads/goods/20160318/M_14582798784_160x160.jpg
INFO: [ app_init ] --START--
INFO: Run Behavior\BuildLiteBehavior [ RunTime:0.000032s ]
INFO: [ app_init ] --END-- [ RunTime:0.000493s ]
ERR: 无法加载模块:Uploads

[ 2016-04-14T21:37:54+08:00 ] ::1 /yimishop/Uploads/goods/20160318/M_14582807596_160x160.jpg
INFO: [ app_init ] --START--
INFO: Run Behavior\BuildLiteBehavior [ RunTime:0.000057s ]
INFO: [ app_init ] --END-- [ RunTime:0.000739s ]
ERR: 无法加载模块:Uploads

[ 2016-04-14T21:38:30+08:00 ] ::1 /yimishop/Uploads/goods/20160319/M_14583519271_160x160.png
INFO: [ app_init ] --START--
INFO: Run Behavior\BuildLiteBehavior [ RunTime:0.000060s ]
INFO: [ app_init ] --END-- [ RunTime:0.000707s ]
ERR: 无法加载模块:Uploads

[ 2016-04-14T21:38:30+08:00 ] ::1 /yimishop/Uploads/goods/20160319/M_14583518629_160x160.png
INFO: [ app_init ] --START--
INFO: Run Behavior\BuildLiteBehavior [ RunTime:0.000058s ]
INFO: [ app_init ] --END-- [ RunTime:0.000673s ]
ERR: 无法加载模块:Uploads

[ 2016-04-14T21:38:30+08:00 ] ::1 /yimishop/Uploads/goods/20160318/M_14582807596_160x160.jpg
INFO: [ app_init ] --START--
INFO: Run Behavior\BuildLiteBehavior [ RunTime:0.000056s ]
INFO: [ app_init ] --END-- [ RunTime:0.000655s ]
ERR: 无法加载模块:Uploads

[ 2016-04-14T21:38:30+08:00 ] ::1 /yimishop/Uploads/goods/20160318/M_14582798784_160x160.jpg
INFO: [ app_init ] --START--
INFO: Run Behavior\BuildLiteBehavior [ RunTime:0.000050s ]
INFO: [ app_init ] --END-- [ RunTime:0.000635s ]
ERR: 无法加载模块:Uploads

[ 2016-04-14T21:38:30+08:00 ] ::1 /yimishop/Uploads/goods/20160319/M_14583519993_160x160.jpg
INFO: [ app_init ] --START--
INFO: Run Behavior\BuildLiteBehavior [ RunTime:0.000032s ]
INFO: [ app_init ] --END-- [ RunTime:0.000479s ]
ERR: 无法加载模块:Uploads

[ 2016-04-14T21:38:49+08:00 ] ::1 /yimishop/Uploads/goods/20160319/M_14583519993_160x160.jpg
INFO: [ app_init ] --START--
INFO: Run Behavior\BuildLiteBehavior [ RunTime:0.000054s ]
INFO: [ app_init ] --END-- [ RunTime:0.000653s ]
ERR: 无法加载模块:Uploads

[ 2016-04-14T21:38:49+08:00 ] ::1 /yimishop/Uploads/goods/20160319/M_14583518629_160x160.png
INFO: [ app_init ] --START--
INFO: Run Behavior\BuildLiteBehavior [ RunTime:0.000057s ]
INFO: [ app_init ] --END-- [ RunTime:0.000713s ]
ERR: 无法加载模块:Uploads

[ 2016-04-14T21:38:49+08:00 ] ::1 /yimishop/Uploads/goods/20160319/M_14583519271_160x160.png
INFO: [ app_init ] --START--
INFO: Run Behavior\BuildLiteBehavior [ RunTime:0.000060s ]
INFO: [ app_init ] --END-- [ RunTime:0.000737s ]
ERR: 无法加载模块:Uploads

[ 2016-04-14T21:38:49+08:00 ] ::1 /yimishop/Uploads/goods/20160318/M_14582798784_160x160.jpg
INFO: [ app_init ] --START--
INFO: Run Behavior\BuildLiteBehavior [ RunTime:0.000060s ]
INFO: [ app_init ] --END-- [ RunTime:0.000697s ]
ERR: 无法加载模块:Uploads

[ 2016-04-14T21:38:49+08:00 ] ::1 /yimishop/Uploads/goods/20160318/M_14582807596_160x160.jpg
INFO: [ app_init ] --START--
INFO: Run Behavior\BuildLiteBehavior [ RunTime:0.000260s ]
INFO: [ app_init ] --END-- [ RunTime:0.000913s ]
ERR: 无法加载模块:Uploads

[ 2016-04-14T21:38:50+08:00 ] ::1 /yimishop/Uploads/goods/20160319/M_14583519271_160x160.png
INFO: [ app_init ] --START--
INFO: Run Behavior\BuildLiteBehavior [ RunTime:0.000061s ]
INFO: [ app_init ] --END-- [ RunTime:0.000683s ]
ERR: 无法加载模块:Uploads

[ 2016-04-14T21:38:50+08:00 ] ::1 /yimishop/Uploads/goods/20160318/M_14582807596_160x160.jpg
INFO: [ app_init ] --START--
INFO: Run Behavior\BuildLiteBehavior [ RunTime:0.000059s ]
INFO: [ app_init ] --END-- [ RunTime:0.001343s ]
ERR: 无法加载模块:Uploads

[ 2016-04-14T21:38:50+08:00 ] ::1 /yimishop/Uploads/goods/20160318/M_14582798784_160x160.jpg
INFO: [ app_init ] --START--
INFO: Run Behavior\BuildLiteBehavior [ RunTime:0.000055s ]
INFO: [ app_init ] --END-- [ RunTime:0.000823s ]
ERR: 无法加载模块:Uploads

[ 2016-04-14T21:38:50+08:00 ] ::1 /yimishop/Uploads/goods/20160319/M_14583518629_160x160.png
INFO: [ app_init ] --START--
INFO: Run Behavior\BuildLiteBehavior [ RunTime:0.000055s ]
INFO: [ app_init ] --END-- [ RunTime:0.000829s ]
ERR: 无法加载模块:Uploads

