[ 2016-05-16T20:36:59+08:00 ] ::1 /yimishop/Uploads/_160x160.
INFO: [ app_init ] --START--
INFO: Run Behavior\BuildLiteBehavior [ RunTime:0.000062s ]
INFO: [ app_init ] --END-- [ RunTime:0.001161s ]
ERR: 无法加载模块:Uploads

[ 2016-05-16T20:41:15+08:00 ] ::1 /yimishop/Uploads/_160x160.
INFO: [ app_init ] --START--
INFO: Run Behavior\BuildLiteBehavior [ RunTime:0.000110s ]
INFO: [ app_init ] --END-- [ RunTime:0.001556s ]
ERR: 无法加载模块:Uploads

[ 2016-05-16T20:41:22+08:00 ] ::1 /yimishop/Uploads/_160x160.
INFO: [ app_init ] --START--
INFO: Run Behavior\BuildLiteBehavior [ RunTime:0.000031s ]
INFO: [ app_init ] --END-- [ RunTime:0.000486s ]
ERR: 无法加载模块:Uploads

[ 2016-05-16T20:45:57+08:00 ] ::1 /yimishop/Uploads/_160x160.
INFO: [ app_init ] --START--
INFO: Run Behavior\BuildLiteBehavior [ RunTime:0.000067s ]
INFO: [ app_init ] --END-- [ RunTime:0.000481s ]
ERR: 无法加载模块:Uploads

[ 2016-05-16T20:51:29+08:00 ] ::1 /yimishop/Uploads/_160x160.
INFO: [ app_init ] --START--
INFO: Run Behavior\BuildLiteBehavior [ RunTime:0.000064s ]
INFO: [ app_init ] --END-- [ RunTime:0.000748s ]
ERR: 无法加载模块:Uploads

[ 2016-05-16T20:51:43+08:00 ] ::1 /yimishop/Uploads/_160x160.
INFO: [ app_init ] --START--
INFO: Run Behavior\BuildLiteBehavior [ RunTime:0.000033s ]
INFO: [ app_init ] --END-- [ RunTime:0.000469s ]
ERR: 无法加载模块:Uploads

[ 2016-05-16T20:51:55+08:00 ] ::1 /yimishop/Uploads/_160x160.
INFO: [ app_init ] --START--
INFO: Run Behavior\BuildLiteBehavior [ RunTime:0.000061s ]
INFO: [ app_init ] --END-- [ RunTime:0.000788s ]
ERR: 无法加载模块:Uploads

[ 2016-05-16T21:00:32+08:00 ] ::1 /yimishop/Uploads/_160x160.
INFO: [ app_init ] --START--
INFO: Run Behavior\BuildLiteBehavior [ RunTime:0.000062s ]
INFO: [ app_init ] --END-- [ RunTime:0.000750s ]
ERR: 无法加载模块:Uploads

[ 2016-05-16T21:01:20+08:00 ] ::1 /yimishop/Uploads/_160x160.
INFO: [ app_init ] --START--
INFO: Run Behavior\BuildLiteBehavior [ RunTime:0.000036s ]
INFO: [ app_init ] --END-- [ RunTime:0.000624s ]
ERR: 无法加载模块:Uploads

[ 2016-05-16T21:01:36+08:00 ] ::1 /yimishop/Uploads/_160x160.
INFO: [ app_init ] --START--
INFO: Run Behavior\BuildLiteBehavior [ RunTime:0.000039s ]
INFO: [ app_init ] --END-- [ RunTime:0.000671s ]
ERR: 无法加载模块:Uploads

[ 2016-05-16T21:01:39+08:00 ] ::1 /yimishop/Uploads/_160x160.
INFO: [ app_init ] --START--
INFO: Run Behavior\BuildLiteBehavior [ RunTime:0.000060s ]
INFO: [ app_init ] --END-- [ RunTime:0.000822s ]
ERR: 无法加载模块:Uploads

[ 2016-05-16T21:02:13+08:00 ] ::1 /yimishop/Uploads/_160x160.
INFO: [ app_init ] --START--
INFO: Run Behavior\BuildLiteBehavior [ RunTime:0.000092s ]
INFO: [ app_init ] --END-- [ RunTime:0.001161s ]
ERR: 无法加载模块:Uploads

[ 2016-05-16T21:10:23+08:00 ] ::1 /yimishop/Uploads/_160x160.
INFO: [ app_init ] --START--
INFO: Run Behavior\BuildLiteBehavior [ RunTime:0.000033s ]
INFO: [ app_init ] --END-- [ RunTime:0.000463s ]
ERR: 无法加载模块:Uploads

[ 2016-05-16T21:23:52+08:00 ] ::1 /yimishop/Uploads/_160x160.
INFO: [ app_init ] --START--
INFO: Run Behavior\BuildLiteBehavior [ RunTime:0.000054s ]
INFO: [ app_init ] --END-- [ RunTime:0.000730s ]
ERR: 无法加载模块:Uploads

[ 2016-05-16T21:58:16+08:00 ] ::1 /yimishop/Uploads/_160x160.
INFO: [ app_init ] --START--
INFO: Run Behavior\BuildLiteBehavior [ RunTime:0.000059s ]
INFO: [ app_init ] --END-- [ RunTime:0.000933s ]
ERR: 无法加载模块:Uploads

[ 2016-05-16T22:00:43+08:00 ] ::1 /yimishop/Uploads/_160x160.
INFO: [ app_init ] --START--
INFO: Run Behavior\BuildLiteBehavior [ RunTime:0.000032s ]
INFO: [ app_init ] --END-- [ RunTime:0.000477s ]
ERR: 无法加载模块:Uploads

[ 2016-05-16T22:06:13+08:00 ] ::1 /yimishop/Uploads/_160x160.
INFO: [ app_init ] --START--
INFO: Run Behavior\BuildLiteBehavior [ RunTime:0.000182s ]
INFO: [ app_init ] --END-- [ RunTime:0.002161s ]
ERR: 无法加载模块:Uploads

[ 2016-05-16T22:06:40+08:00 ] ::1 /yimishop/Uploads/_160x160.
INFO: [ app_init ] --START--
INFO: Run Behavior\BuildLiteBehavior [ RunTime:0.000034s ]
INFO: [ app_init ] --END-- [ RunTime:0.000528s ]
ERR: 无法加载模块:Uploads

[ 2016-05-16T22:08:21+08:00 ] ::1 /yimishop/Uploads/_160x160.
INFO: [ app_init ] --START--
INFO: Run Behavior\BuildLiteBehavior [ RunTime:0.000109s ]
INFO: [ app_init ] --END-- [ RunTime:0.001902s ]
ERR: 无法加载模块:Uploads

[ 2016-05-16T22:08:38+08:00 ] ::1 /yimishop/Uploads/_160x160.
INFO: [ app_init ] --START--
INFO: Run Behavior\BuildLiteBehavior [ RunTime:0.000069s ]
INFO: [ app_init ] --END-- [ RunTime:0.000914s ]
ERR: 无法加载模块:Uploads

[ 2016-05-16T22:08:45+08:00 ] ::1 /yimishop/Uploads/_160x160.
INFO: [ app_init ] --START--
INFO: Run Behavior\BuildLiteBehavior [ RunTime:0.000034s ]
INFO: [ app_init ] --END-- [ RunTime:0.000600s ]
ERR: 无法加载模块:Uploads

[ 2016-05-16T22:09:05+08:00 ] ::1 /yimishop/Uploads/_160x160.
INFO: [ app_init ] --START--
INFO: Run Behavior\BuildLiteBehavior [ RunTime:0.000034s ]
INFO: [ app_init ] --END-- [ RunTime:0.000570s ]
ERR: 无法加载模块:Uploads

[ 2016-05-16T22:20:33+08:00 ] ::1 /yimishop/Uploads/_160x160.
INFO: [ app_init ] --START--
INFO: Run Behavior\BuildLiteBehavior [ RunTime:0.000035s ]
INFO: [ app_init ] --END-- [ RunTime:0.000612s ]
ERR: 无法加载模块:Uploads

[ 2016-05-16T22:40:07+08:00 ] ::1 /yimishop/Public/css/bootstrap.min.css.map
INFO: [ app_init ] --START--
INFO: Run Behavior\BuildLiteBehavior [ RunTime:0.000062s ]
INFO: [ app_init ] --END-- [ RunTime:0.001059s ]
ERR: 无法加载模块:Public

[ 2016-05-16T22:49:47+08:00 ] ::1 /yimishop/Public/css/bootstrap.min.css.map
INFO: [ app_init ] --START--
INFO: Run Behavior\BuildLiteBehavior [ RunTime:0.000059s ]
INFO: [ app_init ] --END-- [ RunTime:0.000858s ]
ERR: 无法加载模块:Public

[ 2016-05-16T22:50:53+08:00 ] ::1 /yimishop/Public/css/bootstrap.min.css.map
INFO: [ app_init ] --START--
INFO: Run Behavior\BuildLiteBehavior [ RunTime:0.000065s ]
INFO: [ app_init ] --END-- [ RunTime:0.000861s ]
ERR: 无法加载模块:Public

