[ 2016-04-20T20:43:40+08:00 ] ::1 /yimishop/Uploads/goods/20160319/M_14583519271_160x160.png
INFO: [ app_init ] --START--
INFO: Run Behavior\BuildLiteBehavior [ RunTime:0.000063s ]
INFO: [ app_init ] --END-- [ RunTime:0.000813s ]
ERR: 无法加载模块:Uploads

[ 2016-04-20T20:43:40+08:00 ] ::1 /yimishop/Uploads/goods/20160319/M_14583519993_160x160.jpg
INFO: [ app_init ] --START--
INFO: Run Behavior\BuildLiteBehavior [ RunTime:0.000059s ]
INFO: [ app_init ] --END-- [ RunTime:0.000749s ]
ERR: 无法加载模块:Uploads

[ 2016-04-20T20:43:40+08:00 ] ::1 /yimishop/Uploads/goods/20160319/M_14583518629_160x160.png
INFO: [ app_init ] --START--
INFO: Run Behavior\BuildLiteBehavior [ RunTime:0.000058s ]
INFO: [ app_init ] --END-- [ RunTime:0.000924s ]
ERR: 无法加载模块:Uploads

[ 2016-04-20T20:43:40+08:00 ] ::1 /yimishop/Uploads/goods/20160318/M_14582807596_160x160.jpg
INFO: [ app_init ] --START--
INFO: Run Behavior\BuildLiteBehavior [ RunTime:0.000061s ]
INFO: [ app_init ] --END-- [ RunTime:0.000767s ]
ERR: 无法加载模块:Uploads

[ 2016-04-20T20:43:40+08:00 ] ::1 /yimishop/Uploads/goods/20160318/M_14582798784_160x160.jpg
INFO: [ app_init ] --START--
INFO: Run Behavior\BuildLiteBehavior [ RunTime:0.000060s ]
INFO: [ app_init ] --END-- [ RunTime:0.001114s ]
ERR: 无法加载模块:Uploads

[ 2016-04-20T20:43:40+08:00 ] ::1 /yimishop/Uploads/goods/20160319/M_14583519271_160x160.png
INFO: [ app_init ] --START--
INFO: Run Behavior\BuildLiteBehavior [ RunTime:0.000032s ]
INFO: [ app_init ] --END-- [ RunTime:0.000441s ]
ERR: 无法加载模块:Uploads

[ 2016-04-20T20:43:40+08:00 ] ::1 /yimishop/Uploads/goods/20160319/M_14583519993_160x160.jpg
INFO: [ app_init ] --START--
INFO: Run Behavior\BuildLiteBehavior [ RunTime:0.000033s ]
INFO: [ app_init ] --END-- [ RunTime:0.000452s ]
ERR: 无法加载模块:Uploads

[ 2016-04-20T20:43:50+08:00 ] ::1 /yimishop/Uploads/goods/20160319/M_14583519993_160x160.jpg
INFO: [ app_init ] --START--
INFO: Run Behavior\BuildLiteBehavior [ RunTime:0.000056s ]
INFO: [ app_init ] --END-- [ RunTime:0.000670s ]
ERR: 无法加载模块:Uploads

[ 2016-04-20T20:43:50+08:00 ] ::1 /yimishop/Uploads/goods/20160319/M_14583519271_160x160.png
INFO: [ app_init ] --START--
INFO: Run Behavior\BuildLiteBehavior [ RunTime:0.000058s ]
INFO: [ app_init ] --END-- [ RunTime:0.000696s ]
ERR: 无法加载模块:Uploads

[ 2016-04-20T20:43:50+08:00 ] ::1 /yimishop/Uploads/goods/20160318/M_14582798784_160x160.jpg
INFO: [ app_init ] --START--
INFO: Run Behavior\BuildLiteBehavior [ RunTime:0.000051s ]
INFO: [ app_init ] --END-- [ RunTime:0.000665s ]
ERR: 无法加载模块:Uploads

[ 2016-04-20T20:43:50+08:00 ] ::1 /yimishop/Uploads/goods/20160319/M_14583518629_160x160.png
INFO: [ app_init ] --START--
INFO: Run Behavior\BuildLiteBehavior [ RunTime:0.000060s ]
INFO: [ app_init ] --END-- [ RunTime:0.000756s ]
ERR: 无法加载模块:Uploads

[ 2016-04-20T20:43:50+08:00 ] ::1 /yimishop/Uploads/goods/20160318/M_14582807596_160x160.jpg
INFO: [ app_init ] --START--
INFO: Run Behavior\BuildLiteBehavior [ RunTime:0.000071s ]
INFO: [ app_init ] --END-- [ RunTime:0.000769s ]
ERR: 无法加载模块:Uploads

[ 2016-04-20T20:44:22+08:00 ] ::1 /yimishop/Uploads/goods/20160318/M_14582798784_160x160.jpg
INFO: [ app_init ] --START--
INFO: Run Behavior\BuildLiteBehavior [ RunTime:0.000055s ]
INFO: [ app_init ] --END-- [ RunTime:0.000767s ]
ERR: 无法加载模块:Uploads

[ 2016-04-20T20:44:22+08:00 ] ::1 /yimishop/Uploads/goods/20160318/M_14582807596_160x160.jpg
INFO: [ app_init ] --START--
INFO: Run Behavior\BuildLiteBehavior [ RunTime:0.000031s ]
INFO: [ app_init ] --END-- [ RunTime:0.000482s ]
ERR: 无法加载模块:Uploads

[ 2016-04-20T20:44:50+08:00 ] ::1 /yimishop/Uploads/goods/20160318/M_14582798784_160x160.jpg
INFO: [ app_init ] --START--
INFO: Run Behavior\BuildLiteBehavior [ RunTime:0.000051s ]
INFO: [ app_init ] --END-- [ RunTime:0.000650s ]
ERR: 无法加载模块:Uploads

[ 2016-04-20T20:44:50+08:00 ] ::1 /yimishop/Uploads/goods/20160318/M_14582807596_160x160.jpg
INFO: [ app_init ] --START--
INFO: Run Behavior\BuildLiteBehavior [ RunTime:0.000058s ]
INFO: [ app_init ] --END-- [ RunTime:0.000698s ]
ERR: 无法加载模块:Uploads

[ 2016-04-20T20:45:49+08:00 ] ::1 /yimishop/Uploads/goods/20160318/M_14582798784_160x160.jpg
INFO: [ app_init ] --START--
INFO: Run Behavior\BuildLiteBehavior [ RunTime:0.000058s ]
INFO: [ app_init ] --END-- [ RunTime:0.000752s ]
ERR: 无法加载模块:Uploads

[ 2016-04-20T20:45:49+08:00 ] ::1 /yimishop/Uploads/goods/20160318/M_14582807596_160x160.jpg
INFO: [ app_init ] --START--
INFO: Run Behavior\BuildLiteBehavior [ RunTime:0.000056s ]
INFO: [ app_init ] --END-- [ RunTime:0.000656s ]
ERR: 无法加载模块:Uploads

[ 2016-04-20T20:46:36+08:00 ] ::1 /yimishop/Uploads/goods/20160318/M_14582807596_160x160.jpg
INFO: [ app_init ] --START--
INFO: Run Behavior\BuildLiteBehavior [ RunTime:0.000057s ]
INFO: [ app_init ] --END-- [ RunTime:0.000682s ]
ERR: 无法加载模块:Uploads

[ 2016-04-20T20:46:36+08:00 ] ::1 /yimishop/Uploads/goods/20160318/M_14582798784_160x160.jpg
INFO: [ app_init ] --START--
INFO: Run Behavior\BuildLiteBehavior [ RunTime:0.000051s ]
INFO: [ app_init ] --END-- [ RunTime:0.000716s ]
ERR: 无法加载模块:Uploads

[ 2016-04-20T20:47:35+08:00 ] ::1 /yimishop/Uploads/goods/20160318/M_14582807596_160x160.jpg
INFO: [ app_init ] --START--
INFO: Run Behavior\BuildLiteBehavior [ RunTime:0.000066s ]
INFO: [ app_init ] --END-- [ RunTime:0.000849s ]
ERR: 无法加载模块:Uploads

[ 2016-04-20T20:47:35+08:00 ] ::1 /yimishop/Uploads/goods/20160318/M_14582798784_160x160.jpg
INFO: [ app_init ] --START--
INFO: Run Behavior\BuildLiteBehavior [ RunTime:0.000059s ]
INFO: [ app_init ] --END-- [ RunTime:0.000705s ]
ERR: 无法加载模块:Uploads

[ 2016-04-20T20:48:08+08:00 ] ::1 /yimishop/Uploads/goods/20160318/M_14582807596_160x160.jpg
INFO: [ app_init ] --START--
INFO: Run Behavior\BuildLiteBehavior [ RunTime:0.000051s ]
INFO: [ app_init ] --END-- [ RunTime:0.000625s ]
ERR: 无法加载模块:Uploads

[ 2016-04-20T20:48:08+08:00 ] ::1 /yimishop/Uploads/goods/20160318/M_14582798784_160x160.jpg
INFO: [ app_init ] --START--
INFO: Run Behavior\BuildLiteBehavior [ RunTime:0.000068s ]
INFO: [ app_init ] --END-- [ RunTime:0.000776s ]
ERR: 无法加载模块:Uploads

[ 2016-04-20T20:48:34+08:00 ] ::1 /yimishop/Uploads/goods/20160318/M_14582807596_160x160.jpg
INFO: [ app_init ] --START--
INFO: Run Behavior\BuildLiteBehavior [ RunTime:0.000057s ]
INFO: [ app_init ] --END-- [ RunTime:0.000695s ]
ERR: 无法加载模块:Uploads

[ 2016-04-20T20:48:34+08:00 ] ::1 /yimishop/Uploads/goods/20160318/M_14582798784_160x160.jpg
INFO: [ app_init ] --START--
INFO: Run Behavior\BuildLiteBehavior [ RunTime:0.000054s ]
INFO: [ app_init ] --END-- [ RunTime:0.000678s ]
ERR: 无法加载模块:Uploads

[ 2016-04-20T20:49:13+08:00 ] ::1 /yimishop/Uploads/goods/20160318/M_14582798784_160x160.jpg
INFO: [ app_init ] --START--
INFO: Run Behavior\BuildLiteBehavior [ RunTime:0.000054s ]
INFO: [ app_init ] --END-- [ RunTime:0.000714s ]
ERR: 无法加载模块:Uploads

[ 2016-04-20T20:49:13+08:00 ] ::1 /yimishop/Uploads/goods/20160318/M_14582807596_160x160.jpg
INFO: [ app_init ] --START--
INFO: Run Behavior\BuildLiteBehavior [ RunTime:0.000054s ]
INFO: [ app_init ] --END-- [ RunTime:0.000857s ]
ERR: 无法加载模块:Uploads

[ 2016-04-20T20:51:23+08:00 ] ::1 /yimishop/Uploads/goods/20160318/M_14582798784_160x160.jpg
INFO: [ app_init ] --START--
INFO: Run Behavior\BuildLiteBehavior [ RunTime:0.000032s ]
INFO: [ app_init ] --END-- [ RunTime:0.000450s ]
ERR: 无法加载模块:Uploads

[ 2016-04-20T20:51:23+08:00 ] ::1 /yimishop/Uploads/goods/20160318/M_14582807596_160x160.jpg
INFO: [ app_init ] --START--
INFO: Run Behavior\BuildLiteBehavior [ RunTime:0.000030s ]
INFO: [ app_init ] --END-- [ RunTime:0.000446s ]
ERR: 无法加载模块:Uploads

[ 2016-04-20T20:51:55+08:00 ] ::1 /yimishop/Uploads/goods/20160318/M_14582798784_160x160.jpg
INFO: [ app_init ] --START--
INFO: Run Behavior\BuildLiteBehavior [ RunTime:0.000056s ]
INFO: [ app_init ] --END-- [ RunTime:0.000665s ]
ERR: 无法加载模块:Uploads

[ 2016-04-20T20:51:55+08:00 ] ::1 /yimishop/Uploads/goods/20160318/M_14582807596_160x160.jpg
INFO: [ app_init ] --START--
INFO: Run Behavior\BuildLiteBehavior [ RunTime:0.000053s ]
INFO: [ app_init ] --END-- [ RunTime:0.000746s ]
ERR: 无法加载模块:Uploads

[ 2016-04-20T20:52:24+08:00 ] ::1 /yimishop/Uploads/goods/20160318/M_14582798784_160x160.jpg
INFO: [ app_init ] --START--
INFO: Run Behavior\BuildLiteBehavior [ RunTime:0.000054s ]
INFO: [ app_init ] --END-- [ RunTime:0.000605s ]
ERR: 无法加载模块:Uploads

[ 2016-04-20T20:52:24+08:00 ] ::1 /yimishop/Uploads/goods/20160318/M_14582807596_160x160.jpg
INFO: [ app_init ] --START--
INFO: Run Behavior\BuildLiteBehavior [ RunTime:0.000056s ]
INFO: [ app_init ] --END-- [ RunTime:0.000664s ]
ERR: 无法加载模块:Uploads

[ 2016-04-20T20:53:13+08:00 ] ::1 /yimishop/Uploads/goods/20160318/M_14582798784_160x160.jpg
INFO: [ app_init ] --START--
INFO: Run Behavior\BuildLiteBehavior [ RunTime:0.000056s ]
INFO: [ app_init ] --END-- [ RunTime:0.000702s ]
ERR: 无法加载模块:Uploads

[ 2016-04-20T20:53:13+08:00 ] ::1 /yimishop/Uploads/goods/20160318/M_14582807596_160x160.jpg
INFO: [ app_init ] --START--
INFO: Run Behavior\BuildLiteBehavior [ RunTime:0.000062s ]
INFO: [ app_init ] --END-- [ RunTime:0.000983s ]
ERR: 无法加载模块:Uploads

[ 2016-04-20T20:53:24+08:00 ] ::1 /yimishop/Uploads/goods/20160318/M_14582807596_160x160.jpg
INFO: [ app_init ] --START--
INFO: Run Behavior\BuildLiteBehavior [ RunTime:0.000059s ]
INFO: [ app_init ] --END-- [ RunTime:0.000747s ]
ERR: 无法加载模块:Uploads

[ 2016-04-20T20:53:24+08:00 ] ::1 /yimishop/Uploads/goods/20160318/M_14582798784_160x160.jpg
INFO: [ app_init ] --START--
INFO: Run Behavior\BuildLiteBehavior [ RunTime:0.000063s ]
INFO: [ app_init ] --END-- [ RunTime:0.000752s ]
ERR: 无法加载模块:Uploads

[ 2016-04-20T20:53:51+08:00 ] ::1 /yimishop/Public/css/bootstrap.min.css.map
INFO: [ app_init ] --START--
INFO: Run Behavior\BuildLiteBehavior [ RunTime:0.000034s ]
INFO: [ app_init ] --END-- [ RunTime:0.000489s ]
ERR: 无法加载模块:Public

[ 2016-04-20T20:55:39+08:00 ] ::1 /yimishop/Uploads/goods/20160318/M_14582798784_160x160.jpg
INFO: [ app_init ] --START--
INFO: Run Behavior\BuildLiteBehavior [ RunTime:0.000057s ]
INFO: [ app_init ] --END-- [ RunTime:0.000694s ]
ERR: 无法加载模块:Uploads

[ 2016-04-20T20:55:39+08:00 ] ::1 /yimishop/Uploads/goods/20160318/M_14582807596_160x160.jpg
INFO: [ app_init ] --START--
INFO: Run Behavior\BuildLiteBehavior [ RunTime:0.000074s ]
INFO: [ app_init ] --END-- [ RunTime:0.000997s ]
ERR: 无法加载模块:Uploads

[ 2016-04-20T20:55:56+08:00 ] ::1 /yimishop/Uploads/goods/20160318/M_14582798784_160x160.jpg
INFO: [ app_init ] --START--
INFO: Run Behavior\BuildLiteBehavior [ RunTime:0.000032s ]
INFO: [ app_init ] --END-- [ RunTime:0.000434s ]
ERR: 无法加载模块:Uploads

[ 2016-04-20T20:55:56+08:00 ] ::1 /yimishop/Uploads/goods/20160318/M_14582807596_160x160.jpg
INFO: [ app_init ] --START--
INFO: Run Behavior\BuildLiteBehavior [ RunTime:0.000057s ]
INFO: [ app_init ] --END-- [ RunTime:0.000804s ]
ERR: 无法加载模块:Uploads

[ 2016-04-20T20:56:18+08:00 ] ::1 /yimishop/Uploads/goods/20160318/M_14582807596_160x160.jpg
INFO: [ app_init ] --START--
INFO: Run Behavior\BuildLiteBehavior [ RunTime:0.000058s ]
INFO: [ app_init ] --END-- [ RunTime:0.000770s ]
ERR: 无法加载模块:Uploads

[ 2016-04-20T20:56:18+08:00 ] ::1 /yimishop/Uploads/goods/20160318/M_14582798784_160x160.jpg
INFO: [ app_init ] --START--
INFO: Run Behavior\BuildLiteBehavior [ RunTime:0.000060s ]
INFO: [ app_init ] --END-- [ RunTime:0.000763s ]
ERR: 无法加载模块:Uploads

[ 2016-04-20T20:56:39+08:00 ] ::1 /yimishop/Uploads/goods/20160318/M_14582798784_160x160.jpg
INFO: [ app_init ] --START--
INFO: Run Behavior\BuildLiteBehavior [ RunTime:0.000054s ]
INFO: [ app_init ] --END-- [ RunTime:0.000667s ]
ERR: 无法加载模块:Uploads

[ 2016-04-20T20:56:39+08:00 ] ::1 /yimishop/Uploads/goods/20160318/M_14582807596_160x160.jpg
INFO: [ app_init ] --START--
INFO: Run Behavior\BuildLiteBehavior [ RunTime:0.000100s ]
INFO: [ app_init ] --END-- [ RunTime:0.000698s ]
ERR: 无法加载模块:Uploads

[ 2016-04-20T20:56:57+08:00 ] ::1 /yimishop/Uploads/goods/20160318/M_14582798784_160x160.jpg
INFO: [ app_init ] --START--
INFO: Run Behavior\BuildLiteBehavior [ RunTime:0.000095s ]
INFO: [ app_init ] --END-- [ RunTime:0.000764s ]
ERR: 无法加载模块:Uploads

[ 2016-04-20T20:56:57+08:00 ] ::1 /yimishop/Uploads/goods/20160318/M_14582807596_160x160.jpg
INFO: [ app_init ] --START--
INFO: Run Behavior\BuildLiteBehavior [ RunTime:0.000092s ]
INFO: [ app_init ] --END-- [ RunTime:0.000987s ]
ERR: 无法加载模块:Uploads

[ 2016-04-20T20:57:17+08:00 ] ::1 /yimishop/Uploads/goods/20160318/M_14582807596_160x160.jpg
INFO: [ app_init ] --START--
INFO: Run Behavior\BuildLiteBehavior [ RunTime:0.000057s ]
INFO: [ app_init ] --END-- [ RunTime:0.000805s ]
ERR: 无法加载模块:Uploads

[ 2016-04-20T20:57:17+08:00 ] ::1 /yimishop/Uploads/goods/20160318/M_14582798784_160x160.jpg
INFO: [ app_init ] --START--
INFO: Run Behavior\BuildLiteBehavior [ RunTime:0.000056s ]
INFO: [ app_init ] --END-- [ RunTime:0.000697s ]
ERR: 无法加载模块:Uploads

[ 2016-04-20T20:57:53+08:00 ] ::1 /yimishop/Uploads/goods/20160318/M_14582798784_160x160.jpg
INFO: [ app_init ] --START--
INFO: Run Behavior\BuildLiteBehavior [ RunTime:0.000063s ]
INFO: [ app_init ] --END-- [ RunTime:0.000744s ]
ERR: 无法加载模块:Uploads

[ 2016-04-20T20:57:53+08:00 ] ::1 /yimishop/Uploads/goods/20160318/M_14582807596_160x160.jpg
INFO: [ app_init ] --START--
INFO: Run Behavior\BuildLiteBehavior [ RunTime:0.000116s ]
INFO: [ app_init ] --END-- [ RunTime:0.000897s ]
ERR: 无法加载模块:Uploads

[ 2016-04-20T21:07:44+08:00 ] ::1 /yimishop/Uploads/goods/20160318/M_14582807596_160x160.jpg
INFO: [ app_init ] --START--
INFO: Run Behavior\BuildLiteBehavior [ RunTime:0.000062s ]
INFO: [ app_init ] --END-- [ RunTime:0.000706s ]
ERR: 无法加载模块:Uploads

[ 2016-04-20T21:07:44+08:00 ] ::1 /yimishop/Uploads/goods/20160318/M_14582798784_160x160.jpg
INFO: [ app_init ] --START--
INFO: Run Behavior\BuildLiteBehavior [ RunTime:0.000057s ]
INFO: [ app_init ] --END-- [ RunTime:0.000729s ]
ERR: 无法加载模块:Uploads

[ 2016-04-20T21:10:12+08:00 ] ::1 /yimishop/Uploads/goods/20160318/M_14582798784_160x160.jpg
INFO: [ app_init ] --START--
INFO: Run Behavior\BuildLiteBehavior [ RunTime:0.000032s ]
INFO: [ app_init ] --END-- [ RunTime:0.000615s ]
ERR: 无法加载模块:Uploads

[ 2016-04-20T21:10:12+08:00 ] ::1 /yimishop/Uploads/goods/20160318/M_14582807596_160x160.jpg
INFO: [ app_init ] --START--
INFO: Run Behavior\BuildLiteBehavior [ RunTime:0.000053s ]
INFO: [ app_init ] --END-- [ RunTime:0.000770s ]
ERR: 无法加载模块:Uploads

[ 2016-04-20T21:10:12+08:00 ] ::1 /yimishop/Uploads/goods/20160318/M_14582807596_160x160.jpg
INFO: [ app_init ] --START--
INFO: Run Behavior\BuildLiteBehavior [ RunTime:0.000055s ]
INFO: [ app_init ] --END-- [ RunTime:0.000696s ]
ERR: 无法加载模块:Uploads

[ 2016-04-20T21:10:12+08:00 ] ::1 /yimishop/Uploads/goods/20160318/M_14582798784_160x160.jpg
INFO: [ app_init ] --START--
INFO: Run Behavior\BuildLiteBehavior [ RunTime:0.000062s ]
INFO: [ app_init ] --END-- [ RunTime:0.000730s ]
ERR: 无法加载模块:Uploads

[ 2016-04-20T21:10:53+08:00 ] ::1 /yimishop/Uploads/goods/20160318/M_14582807596_160x160.jpg
INFO: [ app_init ] --START--
INFO: Run Behavior\BuildLiteBehavior [ RunTime:0.000033s ]
INFO: [ app_init ] --END-- [ RunTime:0.000427s ]
ERR: 无法加载模块:Uploads

[ 2016-04-20T21:10:53+08:00 ] ::1 /yimishop/Uploads/goods/20160318/M_14582798784_160x160.jpg
INFO: [ app_init ] --START--
INFO: Run Behavior\BuildLiteBehavior [ RunTime:0.000059s ]
INFO: [ app_init ] --END-- [ RunTime:0.000704s ]
ERR: 无法加载模块:Uploads

[ 2016-04-20T21:11:07+08:00 ] ::1 /yimishop/Uploads/goods/20160318/M_14582807596_160x160.jpg
INFO: [ app_init ] --START--
INFO: Run Behavior\BuildLiteBehavior [ RunTime:0.000062s ]
INFO: [ app_init ] --END-- [ RunTime:0.000772s ]
ERR: 无法加载模块:Uploads

[ 2016-04-20T21:11:07+08:00 ] ::1 /yimishop/Uploads/goods/20160318/M_14582798784_160x160.jpg
INFO: [ app_init ] --START--
INFO: Run Behavior\BuildLiteBehavior [ RunTime:0.000057s ]
INFO: [ app_init ] --END-- [ RunTime:0.000742s ]
ERR: 无法加载模块:Uploads

[ 2016-04-20T21:11:28+08:00 ] ::1 /yimishop/Uploads/goods/20160318/M_14582807596_160x160.jpg
INFO: [ app_init ] --START--
INFO: Run Behavior\BuildLiteBehavior [ RunTime:0.000036s ]
INFO: [ app_init ] --END-- [ RunTime:0.000467s ]
ERR: 无法加载模块:Uploads

[ 2016-04-20T21:11:28+08:00 ] ::1 /yimishop/Uploads/goods/20160318/M_14582798784_160x160.jpg
INFO: [ app_init ] --START--
INFO: Run Behavior\BuildLiteBehavior [ RunTime:0.000033s ]
INFO: [ app_init ] --END-- [ RunTime:0.000489s ]
ERR: 无法加载模块:Uploads

[ 2016-04-20T21:12:26+08:00 ] ::1 /yimishop/Uploads/goods/20160318/M_14582807596_160x160.jpg
INFO: [ app_init ] --START--
INFO: Run Behavior\BuildLiteBehavior [ RunTime:0.000034s ]
INFO: [ app_init ] --END-- [ RunTime:0.000430s ]
ERR: 无法加载模块:Uploads

[ 2016-04-20T21:12:26+08:00 ] ::1 /yimishop/Uploads/goods/20160318/M_14582798784_160x160.jpg
INFO: [ app_init ] --START--
INFO: Run Behavior\BuildLiteBehavior [ RunTime:0.000033s ]
INFO: [ app_init ] --END-- [ RunTime:0.000966s ]
ERR: 无法加载模块:Uploads

[ 2016-04-20T21:12:51+08:00 ] ::1 /yimishop/Uploads/goods/20160318/M_14582798784_160x160.jpg
INFO: [ app_init ] --START--
INFO: Run Behavior\BuildLiteBehavior [ RunTime:0.000032s ]
INFO: [ app_init ] --END-- [ RunTime:0.000536s ]
ERR: 无法加载模块:Uploads

[ 2016-04-20T21:12:51+08:00 ] ::1 /yimishop/Uploads/goods/20160318/M_14582807596_160x160.jpg
INFO: [ app_init ] --START--
INFO: Run Behavior\BuildLiteBehavior [ RunTime:0.000061s ]
INFO: [ app_init ] --END-- [ RunTime:0.000764s ]
ERR: 无法加载模块:Uploads

[ 2016-04-20T21:13:15+08:00 ] ::1 /yimishop/Public/css/bootstrap.min.css.map
INFO: [ app_init ] --START--
INFO: Run Behavior\BuildLiteBehavior [ RunTime:0.000052s ]
INFO: [ app_init ] --END-- [ RunTime:0.000658s ]
ERR: 无法加载模块:Public

[ 2016-04-20T21:13:21+08:00 ] ::1 /yimishop/Public/css/bootstrap.min.css.map
INFO: [ app_init ] --START--
INFO: Run Behavior\BuildLiteBehavior [ RunTime:0.000055s ]
INFO: [ app_init ] --END-- [ RunTime:0.000757s ]
ERR: 无法加载模块:Public

[ 2016-04-20T21:13:33+08:00 ] ::1 /yimishop/Uploads/goods/20160318/M_14582798784_160x160.jpg
INFO: [ app_init ] --START--
INFO: Run Behavior\BuildLiteBehavior [ RunTime:0.000053s ]
INFO: [ app_init ] --END-- [ RunTime:0.000651s ]
ERR: 无法加载模块:Uploads

[ 2016-04-20T21:13:33+08:00 ] ::1 /yimishop/Uploads/goods/20160318/M_14582807596_160x160.jpg
INFO: [ app_init ] --START--
INFO: Run Behavior\BuildLiteBehavior [ RunTime:0.000056s ]
INFO: [ app_init ] --END-- [ RunTime:0.000680s ]
ERR: 无法加载模块:Uploads

[ 2016-04-20T21:13:50+08:00 ] ::1 /yimishop/Uploads/goods/20160318/M_14582807596_160x160.jpg
INFO: [ app_init ] --START--
INFO: Run Behavior\BuildLiteBehavior [ RunTime:0.000034s ]
INFO: [ app_init ] --END-- [ RunTime:0.000691s ]
ERR: 无法加载模块:Uploads

[ 2016-04-20T21:13:50+08:00 ] ::1 /yimishop/Uploads/goods/20160318/M_14582798784_160x160.jpg
INFO: [ app_init ] --START--
INFO: Run Behavior\BuildLiteBehavior [ RunTime:0.000057s ]
INFO: [ app_init ] --END-- [ RunTime:0.000713s ]
ERR: 无法加载模块:Uploads

[ 2016-04-20T21:14:07+08:00 ] ::1 /yimishop/Uploads/goods/20160318/M_14582798784_160x160.jpg
INFO: [ app_init ] --START--
INFO: Run Behavior\BuildLiteBehavior [ RunTime:0.000035s ]
INFO: [ app_init ] --END-- [ RunTime:0.000470s ]
ERR: 无法加载模块:Uploads

[ 2016-04-20T21:14:07+08:00 ] ::1 /yimishop/Uploads/goods/20160318/M_14582807596_160x160.jpg
INFO: [ app_init ] --START--
INFO: Run Behavior\BuildLiteBehavior [ RunTime:0.000059s ]
INFO: [ app_init ] --END-- [ RunTime:0.000764s ]
ERR: 无法加载模块:Uploads

[ 2016-04-20T21:14:20+08:00 ] ::1 /yimishop/Uploads/goods/20160318/M_14582807596_160x160.jpg
INFO: [ app_init ] --START--
INFO: Run Behavior\BuildLiteBehavior [ RunTime:0.000032s ]
INFO: [ app_init ] --END-- [ RunTime:0.000430s ]
ERR: 无法加载模块:Uploads

[ 2016-04-20T21:14:20+08:00 ] ::1 /yimishop/Uploads/goods/20160318/M_14582798784_160x160.jpg
INFO: [ app_init ] --START--
INFO: Run Behavior\BuildLiteBehavior [ RunTime:0.000059s ]
INFO: [ app_init ] --END-- [ RunTime:0.000717s ]
ERR: 无法加载模块:Uploads

[ 2016-04-20T21:15:07+08:00 ] ::1 /yimishop/Uploads/goods/20160318/M_14582798784_160x160.jpg
INFO: [ app_init ] --START--
INFO: Run Behavior\BuildLiteBehavior [ RunTime:0.000060s ]
INFO: [ app_init ] --END-- [ RunTime:0.000571s ]
ERR: 无法加载模块:Uploads

[ 2016-04-20T21:15:07+08:00 ] ::1 /yimishop/Uploads/goods/20160318/M_14582807596_160x160.jpg
INFO: [ app_init ] --START--
INFO: Run Behavior\BuildLiteBehavior [ RunTime:0.000061s ]
INFO: [ app_init ] --END-- [ RunTime:0.000837s ]
ERR: 无法加载模块:Uploads

[ 2016-04-20T21:15:35+08:00 ] ::1 /yimishop/Uploads/goods/20160318/M_14582807596_160x160.jpg
INFO: [ app_init ] --START--
INFO: Run Behavior\BuildLiteBehavior [ RunTime:0.000031s ]
INFO: [ app_init ] --END-- [ RunTime:0.000475s ]
ERR: 无法加载模块:Uploads

[ 2016-04-20T21:15:35+08:00 ] ::1 /yimishop/Uploads/goods/20160318/M_14582798784_160x160.jpg
INFO: [ app_init ] --START--
INFO: Run Behavior\BuildLiteBehavior [ RunTime:0.000058s ]
INFO: [ app_init ] --END-- [ RunTime:0.000729s ]
ERR: 无法加载模块:Uploads

[ 2016-04-20T21:15:46+08:00 ] ::1 /yimishop/Uploads/goods/20160318/M_14582807596_160x160.jpg
INFO: [ app_init ] --START--
INFO: Run Behavior\BuildLiteBehavior [ RunTime:0.000034s ]
INFO: [ app_init ] --END-- [ RunTime:0.000432s ]
ERR: 无法加载模块:Uploads

[ 2016-04-20T21:15:46+08:00 ] ::1 /yimishop/Uploads/goods/20160318/M_14582798784_160x160.jpg
INFO: [ app_init ] --START--
INFO: Run Behavior\BuildLiteBehavior [ RunTime:0.000053s ]
INFO: [ app_init ] --END-- [ RunTime:0.000621s ]
ERR: 无法加载模块:Uploads

[ 2016-04-20T21:16:08+08:00 ] ::1 /yimishop/Uploads/goods/20160318/M_14582807596_160x160.jpg
INFO: [ app_init ] --START--
INFO: Run Behavior\BuildLiteBehavior [ RunTime:0.000034s ]
INFO: [ app_init ] --END-- [ RunTime:0.000422s ]
ERR: 无法加载模块:Uploads

[ 2016-04-20T21:16:08+08:00 ] ::1 /yimishop/Uploads/goods/20160318/M_14582798784_160x160.jpg
INFO: [ app_init ] --START--
INFO: Run Behavior\BuildLiteBehavior [ RunTime:0.000062s ]
INFO: [ app_init ] --END-- [ RunTime:0.000748s ]
ERR: 无法加载模块:Uploads

[ 2016-04-20T21:16:45+08:00 ] ::1 /yimishop/Uploads/goods/20160318/M_14582798784_160x160.jpg
INFO: [ app_init ] --START--
INFO: Run Behavior\BuildLiteBehavior [ RunTime:0.000058s ]
INFO: [ app_init ] --END-- [ RunTime:0.000721s ]
ERR: 无法加载模块:Uploads

[ 2016-04-20T21:16:45+08:00 ] ::1 /yimishop/Uploads/goods/20160318/M_14582807596_160x160.jpg
INFO: [ app_init ] --START--
INFO: Run Behavior\BuildLiteBehavior [ RunTime:0.000105s ]
INFO: [ app_init ] --END-- [ RunTime:0.001812s ]
ERR: 无法加载模块:Uploads

[ 2016-04-20T21:16:54+08:00 ] ::1 /yimishop/Uploads/goods/20160318/M_14582798784_160x160.jpg
INFO: [ app_init ] --START--
INFO: Run Behavior\BuildLiteBehavior [ RunTime:0.000067s ]
INFO: [ app_init ] --END-- [ RunTime:0.000780s ]
ERR: 无法加载模块:Uploads

[ 2016-04-20T21:16:54+08:00 ] ::1 /yimishop/Uploads/goods/20160318/M_14582807596_160x160.jpg
INFO: [ app_init ] --START--
INFO: Run Behavior\BuildLiteBehavior [ RunTime:0.000054s ]
INFO: [ app_init ] --END-- [ RunTime:0.000789s ]
ERR: 无法加载模块:Uploads

[ 2016-04-20T21:17:35+08:00 ] ::1 /yimishop/Uploads/goods/20160318/M_14582807596_160x160.jpg
INFO: [ app_init ] --START--
INFO: Run Behavior\BuildLiteBehavior [ RunTime:0.000034s ]
INFO: [ app_init ] --END-- [ RunTime:0.000428s ]
ERR: 无法加载模块:Uploads

[ 2016-04-20T21:17:35+08:00 ] ::1 /yimishop/Uploads/goods/20160318/M_14582798784_160x160.jpg
INFO: [ app_init ] --START--
INFO: Run Behavior\BuildLiteBehavior [ RunTime:0.000058s ]
INFO: [ app_init ] --END-- [ RunTime:0.000699s ]
ERR: 无法加载模块:Uploads

[ 2016-04-20T21:17:45+08:00 ] ::1 /yimishop/Uploads/goods/20160318/M_14582798784_160x160.jpg
INFO: [ app_init ] --START--
INFO: Run Behavior\BuildLiteBehavior [ RunTime:0.000058s ]
INFO: [ app_init ] --END-- [ RunTime:0.000682s ]
ERR: 无法加载模块:Uploads

[ 2016-04-20T21:17:45+08:00 ] ::1 /yimishop/Uploads/goods/20160318/M_14582807596_160x160.jpg
INFO: [ app_init ] --START--
INFO: Run Behavior\BuildLiteBehavior [ RunTime:0.000032s ]
INFO: [ app_init ] --END-- [ RunTime:0.000522s ]
ERR: 无法加载模块:Uploads

[ 2016-04-20T21:18:08+08:00 ] ::1 /yimishop/Uploads/goods/20160318/M_14582798784_160x160.jpg
INFO: [ app_init ] --START--
INFO: Run Behavior\BuildLiteBehavior [ RunTime:0.000032s ]
INFO: [ app_init ] --END-- [ RunTime:0.000433s ]
ERR: 无法加载模块:Uploads

[ 2016-04-20T21:18:08+08:00 ] ::1 /yimishop/Uploads/goods/20160318/M_14582807596_160x160.jpg
INFO: [ app_init ] --START--
INFO: Run Behavior\BuildLiteBehavior [ RunTime:0.000057s ]
INFO: [ app_init ] --END-- [ RunTime:0.000719s ]
ERR: 无法加载模块:Uploads

[ 2016-04-20T21:18:19+08:00 ] ::1 /yimishop/Uploads/goods/20160318/M_14582807596_160x160.jpg
INFO: [ app_init ] --START--
INFO: Run Behavior\BuildLiteBehavior [ RunTime:0.000058s ]
INFO: [ app_init ] --END-- [ RunTime:0.000711s ]
ERR: 无法加载模块:Uploads

[ 2016-04-20T21:18:19+08:00 ] ::1 /yimishop/Uploads/goods/20160318/M_14582798784_160x160.jpg
INFO: [ app_init ] --START--
INFO: Run Behavior\BuildLiteBehavior [ RunTime:0.000059s ]
INFO: [ app_init ] --END-- [ RunTime:0.000788s ]
ERR: 无法加载模块:Uploads

[ 2016-04-20T21:18:36+08:00 ] ::1 /yimishop/Uploads/goods/20160318/M_14582807596_160x160.jpg
INFO: [ app_init ] --START--
INFO: Run Behavior\BuildLiteBehavior [ RunTime:0.000051s ]
INFO: [ app_init ] --END-- [ RunTime:0.000629s ]
ERR: 无法加载模块:Uploads

[ 2016-04-20T21:18:36+08:00 ] ::1 /yimishop/Uploads/goods/20160318/M_14582798784_160x160.jpg
INFO: [ app_init ] --START--
INFO: Run Behavior\BuildLiteBehavior [ RunTime:0.000056s ]
INFO: [ app_init ] --END-- [ RunTime:0.000747s ]
ERR: 无法加载模块:Uploads

[ 2016-04-20T21:20:00+08:00 ] ::1 /yimishop/Public/css/bootstrap.min.css.map
INFO: [ app_init ] --START--
INFO: Run Behavior\BuildLiteBehavior [ RunTime:0.000036s ]
INFO: [ app_init ] --END-- [ RunTime:0.000582s ]
ERR: 无法加载模块:Public

[ 2016-04-20T21:20:10+08:00 ] ::1 /yimishop/Uploads/goods/20160318/M_14582798784_160x160.jpg
INFO: [ app_init ] --START--
INFO: Run Behavior\BuildLiteBehavior [ RunTime:0.000036s ]
INFO: [ app_init ] --END-- [ RunTime:0.000475s ]
ERR: 无法加载模块:Uploads

[ 2016-04-20T21:20:10+08:00 ] ::1 /yimishop/Uploads/goods/20160318/M_14582807596_160x160.jpg
INFO: [ app_init ] --START--
INFO: Run Behavior\BuildLiteBehavior [ RunTime:0.000055s ]
INFO: [ app_init ] --END-- [ RunTime:0.000751s ]
ERR: 无法加载模块:Uploads

[ 2016-04-20T21:20:40+08:00 ] ::1 /yimishop/Uploads/goods/20160318/M_14582798784_160x160.jpg
INFO: [ app_init ] --START--
INFO: Run Behavior\BuildLiteBehavior [ RunTime:0.000062s ]
INFO: [ app_init ] --END-- [ RunTime:0.000848s ]
ERR: 无法加载模块:Uploads

[ 2016-04-20T21:20:40+08:00 ] ::1 /yimishop/Uploads/goods/20160318/M_14582807596_160x160.jpg
INFO: [ app_init ] --START--
INFO: Run Behavior\BuildLiteBehavior [ RunTime:0.000114s ]
INFO: [ app_init ] --END-- [ RunTime:0.001989s ]
ERR: 无法加载模块:Uploads

[ 2016-04-20T21:20:48+08:00 ] ::1 /yimishop/Uploads/goods/20160318/M_14582807596_160x160.jpg
INFO: [ app_init ] --START--
INFO: Run Behavior\BuildLiteBehavior [ RunTime:0.000033s ]
INFO: [ app_init ] --END-- [ RunTime:0.000489s ]
ERR: 无法加载模块:Uploads

[ 2016-04-20T21:20:48+08:00 ] ::1 /yimishop/Uploads/goods/20160318/M_14582798784_160x160.jpg
INFO: [ app_init ] --START--
INFO: Run Behavior\BuildLiteBehavior [ RunTime:0.000058s ]
INFO: [ app_init ] --END-- [ RunTime:0.000726s ]
ERR: 无法加载模块:Uploads

[ 2016-04-20T21:21:19+08:00 ] ::1 /yimishop/Uploads/goods/20160318/M_14582798784_160x160.jpg
INFO: [ app_init ] --START--
INFO: Run Behavior\BuildLiteBehavior [ RunTime:0.000032s ]
INFO: [ app_init ] --END-- [ RunTime:0.000576s ]
ERR: 无法加载模块:Uploads

[ 2016-04-20T21:21:19+08:00 ] ::1 /yimishop/Uploads/goods/20160318/M_14582807596_160x160.jpg
INFO: [ app_init ] --START--
INFO: Run Behavior\BuildLiteBehavior [ RunTime:0.000064s ]
INFO: [ app_init ] --END-- [ RunTime:0.000866s ]
ERR: 无法加载模块:Uploads

[ 2016-04-20T21:22:05+08:00 ] ::1 /yimishop/Uploads/goods/20160318/M_14582807596_160x160.jpg
INFO: [ app_init ] --START--
INFO: Run Behavior\BuildLiteBehavior [ RunTime:0.000056s ]
INFO: [ app_init ] --END-- [ RunTime:0.000706s ]
ERR: 无法加载模块:Uploads

[ 2016-04-20T21:22:24+08:00 ] ::1 /yimishop/Uploads/goods/20160318/M_14582807596_160x160.jpg
INFO: [ app_init ] --START--
INFO: Run Behavior\BuildLiteBehavior [ RunTime:0.000058s ]
INFO: [ app_init ] --END-- [ RunTime:0.000685s ]
ERR: 无法加载模块:Uploads

[ 2016-04-20T21:22:24+08:00 ] ::1 /yimishop/Uploads/goods/20160318/M_14582798784_160x160.jpg
INFO: [ app_init ] --START--
INFO: Run Behavior\BuildLiteBehavior [ RunTime:0.000061s ]
INFO: [ app_init ] --END-- [ RunTime:0.000776s ]
ERR: 无法加载模块:Uploads

[ 2016-04-20T21:22:40+08:00 ] ::1 /yimishop/Uploads/goods/20160318/M_14582798784_160x160.jpg
INFO: [ app_init ] --START--
INFO: Run Behavior\BuildLiteBehavior [ RunTime:0.000096s ]
INFO: [ app_init ] --END-- [ RunTime:0.001453s ]
ERR: 无法加载模块:Uploads

[ 2016-04-20T21:22:40+08:00 ] ::1 /yimishop/Uploads/goods/20160318/M_14582807596_160x160.jpg
INFO: [ app_init ] --START--
INFO: Run Behavior\BuildLiteBehavior [ RunTime:0.000100s ]
INFO: [ app_init ] --END-- [ RunTime:0.001143s ]
ERR: 无法加载模块:Uploads

[ 2016-04-20T21:23:04+08:00 ] ::1 /yimishop/Uploads/goods/20160318/M_14582807596_160x160.jpg
INFO: [ app_init ] --START--
INFO: Run Behavior\BuildLiteBehavior [ RunTime:0.000057s ]
INFO: [ app_init ] --END-- [ RunTime:0.000690s ]
ERR: 无法加载模块:Uploads

[ 2016-04-20T21:23:04+08:00 ] ::1 /yimishop/Uploads/goods/20160318/M_14582798784_160x160.jpg
INFO: [ app_init ] --START--
INFO: Run Behavior\BuildLiteBehavior [ RunTime:0.000061s ]
INFO: [ app_init ] --END-- [ RunTime:0.000844s ]
ERR: 无法加载模块:Uploads

[ 2016-04-20T21:24:32+08:00 ] ::1 /yimishop/Uploads/goods/20160318/M_14582798784_160x160.jpg
INFO: [ app_init ] --START--
INFO: Run Behavior\BuildLiteBehavior [ RunTime:0.000055s ]
INFO: [ app_init ] --END-- [ RunTime:0.000700s ]
ERR: 无法加载模块:Uploads

[ 2016-04-20T21:24:32+08:00 ] ::1 /yimishop/Uploads/goods/20160318/M_14582807596_160x160.jpg
INFO: [ app_init ] --START--
INFO: Run Behavior\BuildLiteBehavior [ RunTime:0.000032s ]
INFO: [ app_init ] --END-- [ RunTime:0.000447s ]
ERR: 无法加载模块:Uploads

[ 2016-04-20T21:25:03+08:00 ] ::1 /yimishop/Uploads/goods/20160318/M_14582807596_160x160.jpg
INFO: [ app_init ] --START--
INFO: Run Behavior\BuildLiteBehavior [ RunTime:0.000060s ]
INFO: [ app_init ] --END-- [ RunTime:0.000711s ]
ERR: 无法加载模块:Uploads

[ 2016-04-20T21:25:03+08:00 ] ::1 /yimishop/Uploads/goods/20160318/M_14582798784_160x160.jpg
INFO: [ app_init ] --START--
INFO: Run Behavior\BuildLiteBehavior [ RunTime:0.000057s ]
INFO: [ app_init ] --END-- [ RunTime:0.000753s ]
ERR: 无法加载模块:Uploads

[ 2016-04-20T21:25:39+08:00 ] ::1 /yimishop/Uploads/goods/20160318/M_14582798784_160x160.jpg
INFO: [ app_init ] --START--
INFO: Run Behavior\BuildLiteBehavior [ RunTime:0.000057s ]
INFO: [ app_init ] --END-- [ RunTime:0.000639s ]
ERR: 无法加载模块:Uploads

[ 2016-04-20T21:25:39+08:00 ] ::1 /yimishop/Uploads/goods/20160318/M_14582807596_160x160.jpg
INFO: [ app_init ] --START--
INFO: Run Behavior\BuildLiteBehavior [ RunTime:0.000059s ]
INFO: [ app_init ] --END-- [ RunTime:0.000667s ]
ERR: 无法加载模块:Uploads

[ 2016-04-20T21:25:54+08:00 ] ::1 /yimishop/Uploads/goods/20160318/M_14582798784_160x160.jpg
INFO: [ app_init ] --START--
INFO: Run Behavior\BuildLiteBehavior [ RunTime:0.000063s ]
INFO: [ app_init ] --END-- [ RunTime:0.000879s ]
ERR: 无法加载模块:Uploads

[ 2016-04-20T21:25:54+08:00 ] ::1 /yimishop/Uploads/goods/20160318/M_14582807596_160x160.jpg
INFO: [ app_init ] --START--
INFO: Run Behavior\BuildLiteBehavior [ RunTime:0.000058s ]
INFO: [ app_init ] --END-- [ RunTime:0.000952s ]
ERR: 无法加载模块:Uploads

[ 2016-04-20T21:26:06+08:00 ] ::1 /yimishop/Uploads/goods/20160318/M_14582807596_160x160.jpg
INFO: [ app_init ] --START--
INFO: Run Behavior\BuildLiteBehavior [ RunTime:0.000053s ]
INFO: [ app_init ] --END-- [ RunTime:0.000727s ]
ERR: 无法加载模块:Uploads

[ 2016-04-20T21:27:16+08:00 ] ::1 /yimishop/Uploads/goods/20160318/M_14582798784_160x160.jpg
INFO: [ app_init ] --START--
INFO: Run Behavior\BuildLiteBehavior [ RunTime:0.000064s ]
INFO: [ app_init ] --END-- [ RunTime:0.000799s ]
ERR: 无法加载模块:Uploads

[ 2016-04-20T21:27:16+08:00 ] ::1 /yimishop/Uploads/goods/20160318/M_14582807596_160x160.jpg
INFO: [ app_init ] --START--
INFO: Run Behavior\BuildLiteBehavior [ RunTime:0.000061s ]
INFO: [ app_init ] --END-- [ RunTime:0.000664s ]
ERR: 无法加载模块:Uploads

[ 2016-04-20T21:27:51+08:00 ] ::1 /yimishop/Uploads/goods/20160318/M_14582798784_160x160.jpg
INFO: [ app_init ] --START--
INFO: Run Behavior\BuildLiteBehavior [ RunTime:0.000059s ]
INFO: [ app_init ] --END-- [ RunTime:0.000718s ]
ERR: 无法加载模块:Uploads

[ 2016-04-20T21:27:51+08:00 ] ::1 /yimishop/Uploads/goods/20160318/M_14582807596_160x160.jpg
INFO: [ app_init ] --START--
INFO: Run Behavior\BuildLiteBehavior [ RunTime:0.000032s ]
INFO: [ app_init ] --END-- [ RunTime:0.000505s ]
ERR: 无法加载模块:Uploads

[ 2016-04-20T21:30:30+08:00 ] ::1 /yimishop/Uploads/goods/20160318/M_14582807596_160x160.jpg
INFO: [ app_init ] --START--
INFO: Run Behavior\BuildLiteBehavior [ RunTime:0.000033s ]
INFO: [ app_init ] --END-- [ RunTime:0.000618s ]
ERR: 无法加载模块:Uploads

[ 2016-04-20T21:30:30+08:00 ] ::1 /yimishop/Uploads/goods/20160318/M_14582798784_160x160.jpg
INFO: [ app_init ] --START--
INFO: Run Behavior\BuildLiteBehavior [ RunTime:0.000065s ]
INFO: [ app_init ] --END-- [ RunTime:0.000765s ]
ERR: 无法加载模块:Uploads

[ 2016-04-20T21:31:09+08:00 ] ::1 /yimishop/Uploads/goods/20160318/M_14582807596_160x160.jpg
INFO: [ app_init ] --START--
INFO: Run Behavior\BuildLiteBehavior [ RunTime:0.000061s ]
INFO: [ app_init ] --END-- [ RunTime:0.000788s ]
ERR: 无法加载模块:Uploads

[ 2016-04-20T21:31:09+08:00 ] ::1 /yimishop/Uploads/goods/20160318/M_14582798784_160x160.jpg
INFO: [ app_init ] --START--
INFO: Run Behavior\BuildLiteBehavior [ RunTime:0.000053s ]
INFO: [ app_init ] --END-- [ RunTime:0.000661s ]
ERR: 无法加载模块:Uploads

[ 2016-04-20T21:31:24+08:00 ] ::1 /yimishop/Uploads/goods/20160318/M_14582798784_160x160.jpg
INFO: [ app_init ] --START--
INFO: Run Behavior\BuildLiteBehavior [ RunTime:0.000032s ]
INFO: [ app_init ] --END-- [ RunTime:0.000427s ]
ERR: 无法加载模块:Uploads

[ 2016-04-20T21:31:24+08:00 ] ::1 /yimishop/Uploads/goods/20160318/M_14582807596_160x160.jpg
INFO: [ app_init ] --START--
INFO: Run Behavior\BuildLiteBehavior [ RunTime:0.000056s ]
INFO: [ app_init ] --END-- [ RunTime:0.000669s ]
ERR: 无法加载模块:Uploads

[ 2016-04-20T21:31:35+08:00 ] ::1 /yimishop/Uploads/goods/20160318/M_14582798784_160x160.jpg
INFO: [ app_init ] --START--
INFO: Run Behavior\BuildLiteBehavior [ RunTime:0.000058s ]
INFO: [ app_init ] --END-- [ RunTime:0.000696s ]
ERR: 无法加载模块:Uploads

[ 2016-04-20T21:31:35+08:00 ] ::1 /yimishop/Uploads/goods/20160318/M_14582807596_160x160.jpg
INFO: [ app_init ] --START--
INFO: Run Behavior\BuildLiteBehavior [ RunTime:0.000050s ]
INFO: [ app_init ] --END-- [ RunTime:0.000635s ]
ERR: 无法加载模块:Uploads

[ 2016-04-20T21:31:49+08:00 ] ::1 /yimishop/Uploads/goods/20160318/M_14582807596_160x160.jpg
INFO: [ app_init ] --START--
INFO: Run Behavior\BuildLiteBehavior [ RunTime:0.000059s ]
INFO: [ app_init ] --END-- [ RunTime:0.000718s ]
ERR: 无法加载模块:Uploads

[ 2016-04-20T21:31:49+08:00 ] ::1 /yimishop/Uploads/goods/20160318/M_14582798784_160x160.jpg
INFO: [ app_init ] --START--
INFO: Run Behavior\BuildLiteBehavior [ RunTime:0.000051s ]
INFO: [ app_init ] --END-- [ RunTime:0.000563s ]
ERR: 无法加载模块:Uploads

[ 2016-04-20T21:32:16+08:00 ] ::1 /yimishop/Public/css/bootstrap.min.css.map
INFO: [ app_init ] --START--
INFO: Run Behavior\BuildLiteBehavior [ RunTime:0.000065s ]
INFO: [ app_init ] --END-- [ RunTime:0.000841s ]
ERR: 无法加载模块:Public

[ 2016-04-20T21:33:13+08:00 ] ::1 /yimishop/Uploads/goods/20160318/M_14582798784_160x160.jpg
INFO: [ app_init ] --START--
INFO: Run Behavior\BuildLiteBehavior [ RunTime:0.000061s ]
INFO: [ app_init ] --END-- [ RunTime:0.000714s ]
ERR: 无法加载模块:Uploads

[ 2016-04-20T21:33:13+08:00 ] ::1 /yimishop/Uploads/goods/20160318/M_14582807596_160x160.jpg
INFO: [ app_init ] --START--
INFO: Run Behavior\BuildLiteBehavior [ RunTime:0.000057s ]
INFO: [ app_init ] --END-- [ RunTime:0.000785s ]
ERR: 无法加载模块:Uploads

[ 2016-04-20T21:33:13+08:00 ] ::1 /yimishop/Public/css/bootstrap.min.css.map
INFO: [ app_init ] --START--
INFO: Run Behavior\BuildLiteBehavior [ RunTime:0.000033s ]
INFO: [ app_init ] --END-- [ RunTime:0.000453s ]
ERR: 无法加载模块:Public

[ 2016-04-20T21:33:58+08:00 ] ::1 /yimishop/Uploads/goods/20160318/M_14582798784_160x160.jpg
INFO: [ app_init ] --START--
INFO: Run Behavior\BuildLiteBehavior [ RunTime:0.000062s ]
INFO: [ app_init ] --END-- [ RunTime:0.000743s ]
ERR: 无法加载模块:Uploads

[ 2016-04-20T21:33:58+08:00 ] ::1 /yimishop/Uploads/goods/20160318/M_14582807596_160x160.jpg
INFO: [ app_init ] --START--
INFO: Run Behavior\BuildLiteBehavior [ RunTime:0.000031s ]
INFO: [ app_init ] --END-- [ RunTime:0.000472s ]
ERR: 无法加载模块:Uploads

[ 2016-04-20T21:34:06+08:00 ] ::1 /yimishop/Uploads/goods/20160318/M_14582798784_160x160.jpg
INFO: [ app_init ] --START--
INFO: Run Behavior\BuildLiteBehavior [ RunTime:0.000184s ]
INFO: [ app_init ] --END-- [ RunTime:0.001004s ]
ERR: 无法加载模块:Uploads

[ 2016-04-20T21:34:06+08:00 ] ::1 /yimishop/Uploads/goods/20160318/M_14582807596_160x160.jpg
INFO: [ app_init ] --START--
INFO: Run Behavior\BuildLiteBehavior [ RunTime:0.000063s ]
INFO: [ app_init ] --END-- [ RunTime:0.000759s ]
ERR: 无法加载模块:Uploads

[ 2016-04-20T21:34:19+08:00 ] ::1 /yimishop/Uploads/goods/20160318/M_14582807596_160x160.jpg
INFO: [ app_init ] --START--
INFO: Run Behavior\BuildLiteBehavior [ RunTime:0.000034s ]
INFO: [ app_init ] --END-- [ RunTime:0.000439s ]
ERR: 无法加载模块:Uploads

[ 2016-04-20T21:34:19+08:00 ] ::1 /yimishop/Uploads/goods/20160318/M_14582798784_160x160.jpg
INFO: [ app_init ] --START--
INFO: Run Behavior\BuildLiteBehavior [ RunTime:0.000060s ]
INFO: [ app_init ] --END-- [ RunTime:0.000815s ]
ERR: 无法加载模块:Uploads

[ 2016-04-20T21:34:41+08:00 ] ::1 /yimishop/Uploads/goods/20160318/M_14582798784_160x160.jpg
INFO: [ app_init ] --START--
INFO: Run Behavior\BuildLiteBehavior [ RunTime:0.000059s ]
INFO: [ app_init ] --END-- [ RunTime:0.000880s ]
ERR: 无法加载模块:Uploads

[ 2016-04-20T21:34:41+08:00 ] ::1 /yimishop/Uploads/goods/20160318/M_14582807596_160x160.jpg
INFO: [ app_init ] --START--
INFO: Run Behavior\BuildLiteBehavior [ RunTime:0.000072s ]
INFO: [ app_init ] --END-- [ RunTime:0.000923s ]
ERR: 无法加载模块:Uploads

[ 2016-04-20T21:34:49+08:00 ] ::1 /yimishop/Uploads/goods/20160318/M_14582798784_160x160.jpg
INFO: [ app_init ] --START--
INFO: Run Behavior\BuildLiteBehavior [ RunTime:0.000030s ]
INFO: [ app_init ] --END-- [ RunTime:0.000421s ]
ERR: 无法加载模块:Uploads

[ 2016-04-20T21:34:49+08:00 ] ::1 /yimishop/Uploads/goods/20160318/M_14582807596_160x160.jpg
INFO: [ app_init ] --START--
INFO: Run Behavior\BuildLiteBehavior [ RunTime:0.000051s ]
INFO: [ app_init ] --END-- [ RunTime:0.000661s ]
ERR: 无法加载模块:Uploads

[ 2016-04-20T21:35:04+08:00 ] ::1 /yimishop/Uploads/goods/20160318/M_14582807596_160x160.jpg
INFO: [ app_init ] --START--
INFO: Run Behavior\BuildLiteBehavior [ RunTime:0.000034s ]
INFO: [ app_init ] --END-- [ RunTime:0.000528s ]
ERR: 无法加载模块:Uploads

[ 2016-04-20T21:35:04+08:00 ] ::1 /yimishop/Uploads/goods/20160318/M_14582798784_160x160.jpg
INFO: [ app_init ] --START--
INFO: Run Behavior\BuildLiteBehavior [ RunTime:0.000057s ]
INFO: [ app_init ] --END-- [ RunTime:0.000684s ]
ERR: 无法加载模块:Uploads

[ 2016-04-20T21:37:29+08:00 ] ::1 /yimishop/Uploads/goods/20160318/M_14582798784_160x160.jpg
INFO: [ app_init ] --START--
INFO: Run Behavior\BuildLiteBehavior [ RunTime:0.000032s ]
INFO: [ app_init ] --END-- [ RunTime:0.000475s ]
ERR: 无法加载模块:Uploads

[ 2016-04-20T21:37:29+08:00 ] ::1 /yimishop/Uploads/goods/20160318/M_14582807596_160x160.jpg
INFO: [ app_init ] --START--
INFO: Run Behavior\BuildLiteBehavior [ RunTime:0.000055s ]
INFO: [ app_init ] --END-- [ RunTime:0.000671s ]
ERR: 无法加载模块:Uploads

[ 2016-04-20T21:37:57+08:00 ] ::1 /yimishop/Uploads/goods/20160318/M_14582798784_160x160.jpg
INFO: [ app_init ] --START--
INFO: Run Behavior\BuildLiteBehavior [ RunTime:0.000058s ]
INFO: [ app_init ] --END-- [ RunTime:0.000724s ]
ERR: 无法加载模块:Uploads

[ 2016-04-20T21:37:57+08:00 ] ::1 /yimishop/Uploads/goods/20160318/M_14582807596_160x160.jpg
INFO: [ app_init ] --START--
INFO: Run Behavior\BuildLiteBehavior [ RunTime:0.000058s ]
INFO: [ app_init ] --END-- [ RunTime:0.000681s ]
ERR: 无法加载模块:Uploads

[ 2016-04-20T21:38:10+08:00 ] ::1 /yimishop/Uploads/goods/20160318/M_14582807596_160x160.jpg
INFO: [ app_init ] --START--
INFO: Run Behavior\BuildLiteBehavior [ RunTime:0.000063s ]
INFO: [ app_init ] --END-- [ RunTime:0.001059s ]
ERR: 无法加载模块:Uploads

[ 2016-04-20T21:38:10+08:00 ] ::1 /yimishop/Uploads/goods/20160318/M_14582798784_160x160.jpg
INFO: [ app_init ] --START--
INFO: Run Behavior\BuildLiteBehavior [ RunTime:0.000052s ]
INFO: [ app_init ] --END-- [ RunTime:0.000767s ]
ERR: 无法加载模块:Uploads

[ 2016-04-20T21:38:23+08:00 ] ::1 /yimishop/Uploads/goods/20160318/M_14582798784_160x160.jpg
INFO: [ app_init ] --START--
INFO: Run Behavior\BuildLiteBehavior [ RunTime:0.000033s ]
INFO: [ app_init ] --END-- [ RunTime:0.000430s ]
ERR: 无法加载模块:Uploads

[ 2016-04-20T21:38:23+08:00 ] ::1 /yimishop/Uploads/goods/20160318/M_14582807596_160x160.jpg
INFO: [ app_init ] --START--
INFO: Run Behavior\BuildLiteBehavior [ RunTime:0.000061s ]
INFO: [ app_init ] --END-- [ RunTime:0.000736s ]
ERR: 无法加载模块:Uploads

[ 2016-04-20T21:38:33+08:00 ] ::1 /yimishop/Uploads/goods/20160318/M_14582798784_160x160.jpg
INFO: [ app_init ] --START--
INFO: Run Behavior\BuildLiteBehavior [ RunTime:0.000058s ]
INFO: [ app_init ] --END-- [ RunTime:0.001013s ]
ERR: 无法加载模块:Uploads

[ 2016-04-20T21:38:33+08:00 ] ::1 /yimishop/Uploads/goods/20160318/M_14582807596_160x160.jpg
INFO: [ app_init ] --START--
INFO: Run Behavior\BuildLiteBehavior [ RunTime:0.000052s ]
INFO: [ app_init ] --END-- [ RunTime:0.000666s ]
ERR: 无法加载模块:Uploads

[ 2016-04-20T21:38:51+08:00 ] ::1 /yimishop/Uploads/goods/20160318/M_14582798784_160x160.jpg
INFO: [ app_init ] --START--
INFO: Run Behavior\BuildLiteBehavior [ RunTime:0.000032s ]
INFO: [ app_init ] --END-- [ RunTime:0.000442s ]
ERR: 无法加载模块:Uploads

[ 2016-04-20T21:38:51+08:00 ] ::1 /yimishop/Uploads/goods/20160318/M_14582807596_160x160.jpg
INFO: [ app_init ] --START--
INFO: Run Behavior\BuildLiteBehavior [ RunTime:0.000060s ]
INFO: [ app_init ] --END-- [ RunTime:0.000725s ]
ERR: 无法加载模块:Uploads

[ 2016-04-20T21:39:06+08:00 ] ::1 /yimishop/Uploads/goods/20160318/M_14582798784_160x160.jpg
INFO: [ app_init ] --START--
INFO: Run Behavior\BuildLiteBehavior [ RunTime:0.000056s ]
INFO: [ app_init ] --END-- [ RunTime:0.000679s ]
ERR: 无法加载模块:Uploads

[ 2016-04-20T21:39:06+08:00 ] ::1 /yimishop/Uploads/goods/20160318/M_14582807596_160x160.jpg
INFO: [ app_init ] --START--
INFO: Run Behavior\BuildLiteBehavior [ RunTime:0.000053s ]
INFO: [ app_init ] --END-- [ RunTime:0.000659s ]
ERR: 无法加载模块:Uploads

[ 2016-04-20T21:40:05+08:00 ] ::1 /yimishop/Uploads/goods/20160318/M_14582798784_160x160.jpg
INFO: [ app_init ] --START--
INFO: Run Behavior\BuildLiteBehavior [ RunTime:0.000062s ]
INFO: [ app_init ] --END-- [ RunTime:0.000812s ]
ERR: 无法加载模块:Uploads

[ 2016-04-20T21:40:05+08:00 ] ::1 /yimishop/Uploads/goods/20160318/M_14582807596_160x160.jpg
INFO: [ app_init ] --START--
INFO: Run Behavior\BuildLiteBehavior [ RunTime:0.000057s ]
INFO: [ app_init ] --END-- [ RunTime:0.000772s ]
ERR: 无法加载模块:Uploads

[ 2016-04-20T21:40:20+08:00 ] ::1 /yimishop/Public/css/bootstrap.min.css.map
INFO: [ app_init ] --START--
INFO: Run Behavior\BuildLiteBehavior [ RunTime:0.000037s ]
INFO: [ app_init ] --END-- [ RunTime:0.000854s ]
ERR: 无法加载模块:Public

[ 2016-04-20T21:40:43+08:00 ] ::1 /yimishop/Uploads/goods/20160318/M_14582798784_160x160.jpg
INFO: [ app_init ] --START--
INFO: Run Behavior\BuildLiteBehavior [ RunTime:0.000057s ]
INFO: [ app_init ] --END-- [ RunTime:0.000736s ]
ERR: 无法加载模块:Uploads

[ 2016-04-20T21:40:43+08:00 ] ::1 /yimishop/Uploads/goods/20160318/M_14582807596_160x160.jpg
INFO: [ app_init ] --START--
INFO: Run Behavior\BuildLiteBehavior [ RunTime:0.000058s ]
INFO: [ app_init ] --END-- [ RunTime:0.000772s ]
ERR: 无法加载模块:Uploads

[ 2016-04-20T21:41:08+08:00 ] ::1 /yimishop/Uploads/goods/20160318/M_14582798784_160x160.jpg
INFO: [ app_init ] --START--
INFO: Run Behavior\BuildLiteBehavior [ RunTime:0.000056s ]
INFO: [ app_init ] --END-- [ RunTime:0.000705s ]
ERR: 无法加载模块:Uploads

[ 2016-04-20T21:41:08+08:00 ] ::1 /yimishop/Uploads/goods/20160318/M_14582807596_160x160.jpg
INFO: [ app_init ] --START--
INFO: Run Behavior\BuildLiteBehavior [ RunTime:0.000056s ]
INFO: [ app_init ] --END-- [ RunTime:0.000671s ]
ERR: 无法加载模块:Uploads

[ 2016-04-20T21:41:26+08:00 ] ::1 /yimishop/Uploads/goods/20160318/M_14582798784_160x160.jpg
INFO: [ app_init ] --START--
INFO: Run Behavior\BuildLiteBehavior [ RunTime:0.000030s ]
INFO: [ app_init ] --END-- [ RunTime:0.000460s ]
ERR: 无法加载模块:Uploads

[ 2016-04-20T21:41:26+08:00 ] ::1 /yimishop/Uploads/goods/20160318/M_14582807596_160x160.jpg
INFO: [ app_init ] --START--
INFO: Run Behavior\BuildLiteBehavior [ RunTime:0.000057s ]
INFO: [ app_init ] --END-- [ RunTime:0.000734s ]
ERR: 无法加载模块:Uploads

[ 2016-04-20T22:00:21+08:00 ] ::1 /yimishop/Uploads/goods/20160319/M_14583519993_160x160.jpg
INFO: [ app_init ] --START--
INFO: Run Behavior\BuildLiteBehavior [ RunTime:0.000059s ]
INFO: [ app_init ] --END-- [ RunTime:0.000681s ]
ERR: 无法加载模块:Uploads

[ 2016-04-20T22:00:21+08:00 ] ::1 /yimishop/Uploads/goods/20160318/M_14582807596_160x160.jpg
INFO: [ app_init ] --START--
INFO: Run Behavior\BuildLiteBehavior [ RunTime:0.000059s ]
INFO: [ app_init ] --END-- [ RunTime:0.000736s ]
ERR: 无法加载模块:Uploads

[ 2016-04-20T22:00:21+08:00 ] ::1 /yimishop/Uploads/goods/20160319/M_14583519271_160x160.png
INFO: [ app_init ] --START--
INFO: Run Behavior\BuildLiteBehavior [ RunTime:0.000057s ]
INFO: [ app_init ] --END-- [ RunTime:0.000728s ]
ERR: 无法加载模块:Uploads

[ 2016-04-20T22:00:21+08:00 ] ::1 /yimishop/Uploads/goods/20160318/M_14582798784_160x160.jpg
INFO: [ app_init ] --START--
INFO: Run Behavior\BuildLiteBehavior [ RunTime:0.000053s ]
INFO: [ app_init ] --END-- [ RunTime:0.000712s ]
ERR: 无法加载模块:Uploads

[ 2016-04-20T22:00:21+08:00 ] ::1 /yimishop/Uploads/goods/20160319/M_14583518629_160x160.png
INFO: [ app_init ] --START--
INFO: Run Behavior\BuildLiteBehavior [ RunTime:0.000059s ]
INFO: [ app_init ] --END-- [ RunTime:0.000779s ]
ERR: 无法加载模块:Uploads

[ 2016-04-20T22:00:24+08:00 ] ::1 /yimishop/Uploads/goods/20160319/M_14583518629_160x160.png
INFO: [ app_init ] --START--
INFO: Run Behavior\BuildLiteBehavior [ RunTime:0.000052s ]
INFO: [ app_init ] --END-- [ RunTime:0.000674s ]
ERR: 无法加载模块:Uploads

[ 2016-04-20T22:00:24+08:00 ] ::1 /yimishop/Uploads/goods/20160319/M_14583519271_160x160.png
INFO: [ app_init ] --START--
INFO: Run Behavior\BuildLiteBehavior [ RunTime:0.000049s ]
INFO: [ app_init ] --END-- [ RunTime:0.000618s ]
ERR: 无法加载模块:Uploads

[ 2016-04-20T22:00:24+08:00 ] ::1 /yimishop/Uploads/goods/20160318/M_14582807596_160x160.jpg
INFO: [ app_init ] --START--
INFO: Run Behavior\BuildLiteBehavior [ RunTime:0.000057s ]
INFO: [ app_init ] --END-- [ RunTime:0.000659s ]
ERR: 无法加载模块:Uploads

[ 2016-04-20T22:00:24+08:00 ] ::1 /yimishop/Uploads/goods/20160319/M_14583519993_160x160.jpg
INFO: [ app_init ] --START--
INFO: Run Behavior\BuildLiteBehavior [ RunTime:0.000057s ]
INFO: [ app_init ] --END-- [ RunTime:0.000663s ]
ERR: 无法加载模块:Uploads

[ 2016-04-20T22:00:24+08:00 ] ::1 /yimishop/Uploads/goods/20160318/M_14582798784_160x160.jpg
INFO: [ app_init ] --START--
INFO: Run Behavior\BuildLiteBehavior [ RunTime:0.000056s ]
INFO: [ app_init ] --END-- [ RunTime:0.000731s ]
ERR: 无法加载模块:Uploads

[ 2016-04-20T22:00:41+08:00 ] ::1 /yimishop/Uploads/goods/20160319/M_14583519993_160x160.jpg
INFO: [ app_init ] --START--
INFO: Run Behavior\BuildLiteBehavior [ RunTime:0.000057s ]
INFO: [ app_init ] --END-- [ RunTime:0.000684s ]
ERR: 无法加载模块:Uploads

[ 2016-04-20T22:00:41+08:00 ] ::1 /yimishop/Uploads/goods/20160319/M_14583518629_160x160.png
INFO: [ app_init ] --START--
INFO: Run Behavior\BuildLiteBehavior [ RunTime:0.000054s ]
INFO: [ app_init ] --END-- [ RunTime:0.000657s ]
ERR: 无法加载模块:Uploads

[ 2016-04-20T22:00:41+08:00 ] ::1 /yimishop/Uploads/goods/20160319/M_14583519271_160x160.png
INFO: [ app_init ] --START--
INFO: Run Behavior\BuildLiteBehavior [ RunTime:0.000056s ]
INFO: [ app_init ] --END-- [ RunTime:0.000663s ]
ERR: 无法加载模块:Uploads

[ 2016-04-20T22:00:41+08:00 ] ::1 /yimishop/Uploads/goods/20160318/M_14582798784_160x160.jpg
INFO: [ app_init ] --START--
INFO: Run Behavior\BuildLiteBehavior [ RunTime:0.000050s ]
INFO: [ app_init ] --END-- [ RunTime:0.000632s ]
ERR: 无法加载模块:Uploads

[ 2016-04-20T22:00:41+08:00 ] ::1 /yimishop/Uploads/goods/20160318/M_14582807596_160x160.jpg
INFO: [ app_init ] --START--
INFO: Run Behavior\BuildLiteBehavior [ RunTime:0.000031s ]
INFO: [ app_init ] --END-- [ RunTime:0.000448s ]
ERR: 无法加载模块:Uploads

[ 2016-04-20T22:01:19+08:00 ] ::1 /yimishop/Uploads/goods/20160319/M_14583519271_160x160.png
INFO: [ app_init ] --START--
INFO: Run Behavior\BuildLiteBehavior [ RunTime:0.000055s ]
INFO: [ app_init ] --END-- [ RunTime:0.000662s ]
ERR: 无法加载模块:Uploads

[ 2016-04-20T22:01:19+08:00 ] ::1 /yimishop/Uploads/goods/20160319/M_14583518629_160x160.png
INFO: [ app_init ] --START--
INFO: Run Behavior\BuildLiteBehavior [ RunTime:0.000052s ]
INFO: [ app_init ] --END-- [ RunTime:0.000643s ]
ERR: 无法加载模块:Uploads

[ 2016-04-20T22:01:19+08:00 ] ::1 /yimishop/Uploads/goods/20160319/M_14583519993_160x160.jpg
INFO: [ app_init ] --START--
INFO: Run Behavior\BuildLiteBehavior [ RunTime:0.000057s ]
INFO: [ app_init ] --END-- [ RunTime:0.000669s ]
ERR: 无法加载模块:Uploads

[ 2016-04-20T22:01:19+08:00 ] ::1 /yimishop/Uploads/goods/20160318/M_14582807596_160x160.jpg
INFO: [ app_init ] --START--
INFO: Run Behavior\BuildLiteBehavior [ RunTime:0.000058s ]
INFO: [ app_init ] --END-- [ RunTime:0.000718s ]
ERR: 无法加载模块:Uploads

[ 2016-04-20T22:01:19+08:00 ] ::1 /yimishop/Uploads/goods/20160318/M_14582798784_160x160.jpg
INFO: [ app_init ] --START--
INFO: Run Behavior\BuildLiteBehavior [ RunTime:0.000059s ]
INFO: [ app_init ] --END-- [ RunTime:0.000743s ]
ERR: 无法加载模块:Uploads

[ 2016-04-20T22:01:25+08:00 ] ::1 /yimishop/Uploads/goods/20160319/M_14583519993_160x160.jpg
INFO: [ app_init ] --START--
INFO: Run Behavior\BuildLiteBehavior [ RunTime:0.000055s ]
INFO: [ app_init ] --END-- [ RunTime:0.000670s ]
ERR: 无法加载模块:Uploads

[ 2016-04-20T22:01:25+08:00 ] ::1 /yimishop/Uploads/goods/20160319/M_14583519271_160x160.png
INFO: [ app_init ] --START--
INFO: Run Behavior\BuildLiteBehavior [ RunTime:0.000055s ]
INFO: [ app_init ] --END-- [ RunTime:0.000668s ]
ERR: 无法加载模块:Uploads

[ 2016-04-20T22:01:25+08:00 ] ::1 /yimishop/Uploads/goods/20160318/M_14582798784_160x160.jpg
INFO: [ app_init ] --START--
INFO: Run Behavior\BuildLiteBehavior [ RunTime:0.000061s ]
INFO: [ app_init ] --END-- [ RunTime:0.000915s ]
ERR: 无法加载模块:Uploads

[ 2016-04-20T22:01:25+08:00 ] ::1 /yimishop/Uploads/goods/20160318/M_14582807596_160x160.jpg
INFO: [ app_init ] --START--
INFO: Run Behavior\BuildLiteBehavior [ RunTime:0.000053s ]
INFO: [ app_init ] --END-- [ RunTime:0.000702s ]
ERR: 无法加载模块:Uploads

[ 2016-04-20T22:01:25+08:00 ] ::1 /yimishop/Uploads/goods/20160319/M_14583518629_160x160.png
INFO: [ app_init ] --START--
INFO: Run Behavior\BuildLiteBehavior [ RunTime:0.000058s ]
INFO: [ app_init ] --END-- [ RunTime:0.000742s ]
ERR: 无法加载模块:Uploads

[ 2016-04-20T22:01:28+08:00 ] ::1 /yimishop/Uploads/goods/20160318/M_14582798784_160x160.jpg
INFO: [ app_init ] --START--
INFO: Run Behavior\BuildLiteBehavior [ RunTime:0.000059s ]
INFO: [ app_init ] --END-- [ RunTime:0.000728s ]
ERR: 无法加载模块:Uploads

[ 2016-04-20T22:01:28+08:00 ] ::1 /yimishop/Uploads/goods/20160318/M_14582807596_160x160.jpg
INFO: [ app_init ] --START--
INFO: Run Behavior\BuildLiteBehavior [ RunTime:0.000058s ]
INFO: [ app_init ] --END-- [ RunTime:0.000672s ]
ERR: 无法加载模块:Uploads

[ 2016-04-20T22:01:46+08:00 ] ::1 /yimishop/Uploads/goods/20160318/M_14582807596_160x160.jpg
INFO: [ app_init ] --START--
INFO: Run Behavior\BuildLiteBehavior [ RunTime:0.000054s ]
INFO: [ app_init ] --END-- [ RunTime:0.000682s ]
ERR: 无法加载模块:Uploads

[ 2016-04-20T22:01:46+08:00 ] ::1 /yimishop/Uploads/goods/20160318/M_14582798784_160x160.jpg
INFO: [ app_init ] --START--
INFO: Run Behavior\BuildLiteBehavior [ RunTime:0.000063s ]
INFO: [ app_init ] --END-- [ RunTime:0.000751s ]
ERR: 无法加载模块:Uploads

[ 2016-04-20T22:04:46+08:00 ] ::1 /yimishop/Uploads/goods/20160319/M_14583519993_160x160.jpg
INFO: [ app_init ] --START--
INFO: Run Behavior\BuildLiteBehavior [ RunTime:0.000066s ]
INFO: [ app_init ] --END-- [ RunTime:0.000696s ]
ERR: 无法加载模块:Uploads

[ 2016-04-20T22:04:46+08:00 ] ::1 /yimishop/Uploads/goods/20160319/M_14583519271_160x160.png
INFO: [ app_init ] --START--
INFO: Run Behavior\BuildLiteBehavior [ RunTime:0.000059s ]
INFO: [ app_init ] --END-- [ RunTime:0.002274s ]
ERR: 无法加载模块:Uploads

[ 2016-04-20T22:04:46+08:00 ] ::1 /yimishop/Uploads/goods/20160319/M_14583518629_160x160.png
INFO: [ app_init ] --START--
INFO: Run Behavior\BuildLiteBehavior [ RunTime:0.000059s ]
INFO: [ app_init ] --END-- [ RunTime:0.000732s ]
ERR: 无法加载模块:Uploads

[ 2016-04-20T22:04:46+08:00 ] ::1 /yimishop/Uploads/goods/20160318/M_14582807596_160x160.jpg
INFO: [ app_init ] --START--
INFO: Run Behavior\BuildLiteBehavior [ RunTime:0.000057s ]
INFO: [ app_init ] --END-- [ RunTime:0.000718s ]
ERR: 无法加载模块:Uploads

[ 2016-04-20T22:04:46+08:00 ] ::1 /yimishop/Uploads/goods/20160318/M_14582798784_160x160.jpg
INFO: [ app_init ] --START--
INFO: Run Behavior\BuildLiteBehavior [ RunTime:0.000056s ]
INFO: [ app_init ] --END-- [ RunTime:0.000800s ]
ERR: 无法加载模块:Uploads

[ 2016-04-20T22:05:55+08:00 ] ::1 /yimishop/Uploads/goods/20160318/M_14582807596_160x160.jpg
INFO: [ app_init ] --START--
INFO: Run Behavior\BuildLiteBehavior [ RunTime:0.000055s ]
INFO: [ app_init ] --END-- [ RunTime:0.000675s ]
ERR: 无法加载模块:Uploads

[ 2016-04-20T22:05:55+08:00 ] ::1 /yimishop/Uploads/goods/20160318/M_14582798784_160x160.jpg
INFO: [ app_init ] --START--
INFO: Run Behavior\BuildLiteBehavior [ RunTime:0.000075s ]
INFO: [ app_init ] --END-- [ RunTime:0.001532s ]
ERR: 无法加载模块:Uploads

[ 2016-04-20T22:19:22+08:00 ] ::1 /yimishop/Uploads/goods/20160319/M_14583519993_160x160.jpg
INFO: [ app_init ] --START--
INFO: Run Behavior\BuildLiteBehavior [ RunTime:0.000059s ]
INFO: [ app_init ] --END-- [ RunTime:0.000689s ]
ERR: 无法加载模块:Uploads

[ 2016-04-20T22:19:22+08:00 ] ::1 /yimishop/Uploads/goods/20160318/M_14582807596_160x160.jpg
INFO: [ app_init ] --START--
INFO: Run Behavior\BuildLiteBehavior [ RunTime:0.000056s ]
INFO: [ app_init ] --END-- [ RunTime:0.000712s ]
ERR: 无法加载模块:Uploads

[ 2016-04-20T22:19:22+08:00 ] ::1 /yimishop/Uploads/goods/20160319/M_14583518629_160x160.png
INFO: [ app_init ] --START--
INFO: Run Behavior\BuildLiteBehavior [ RunTime:0.000056s ]
INFO: [ app_init ] --END-- [ RunTime:0.000743s ]
ERR: 无法加载模块:Uploads

[ 2016-04-20T22:19:22+08:00 ] ::1 /yimishop/Uploads/goods/20160319/M_14583519271_160x160.png
INFO: [ app_init ] --START--
INFO: Run Behavior\BuildLiteBehavior [ RunTime:0.000058s ]
INFO: [ app_init ] --END-- [ RunTime:0.000750s ]
ERR: 无法加载模块:Uploads

[ 2016-04-20T22:19:22+08:00 ] ::1 /yimishop/Uploads/goods/20160318/M_14582798784_160x160.jpg
INFO: [ app_init ] --START--
INFO: Run Behavior\BuildLiteBehavior [ RunTime:0.000058s ]
INFO: [ app_init ] --END-- [ RunTime:0.000792s ]
ERR: 无法加载模块:Uploads

[ 2016-04-20T22:19:26+08:00 ] ::1 /yimishop/Uploads/goods/20160319/M_14583519993_160x160.jpg
INFO: [ app_init ] --START--
INFO: Run Behavior\BuildLiteBehavior [ RunTime:0.000055s ]
INFO: [ app_init ] --END-- [ RunTime:0.000680s ]
ERR: 无法加载模块:Uploads

[ 2016-04-20T22:19:26+08:00 ] ::1 /yimishop/Uploads/goods/20160319/M_14583519271_160x160.png
INFO: [ app_init ] --START--
INFO: Run Behavior\BuildLiteBehavior [ RunTime:0.000055s ]
INFO: [ app_init ] --END-- [ RunTime:0.000664s ]
ERR: 无法加载模块:Uploads

[ 2016-04-20T22:19:26+08:00 ] ::1 /yimishop/Uploads/goods/20160318/M_14582798784_160x160.jpg
INFO: [ app_init ] --START--
INFO: Run Behavior\BuildLiteBehavior [ RunTime:0.000053s ]
INFO: [ app_init ] --END-- [ RunTime:0.000656s ]
ERR: 无法加载模块:Uploads

[ 2016-04-20T22:19:26+08:00 ] ::1 /yimishop/Uploads/goods/20160319/M_14583518629_160x160.png
INFO: [ app_init ] --START--
INFO: Run Behavior\BuildLiteBehavior [ RunTime:0.000072s ]
INFO: [ app_init ] --END-- [ RunTime:0.000786s ]
ERR: 无法加载模块:Uploads

[ 2016-04-20T22:19:26+08:00 ] ::1 /yimishop/Uploads/goods/20160318/M_14582807596_160x160.jpg
INFO: [ app_init ] --START--
INFO: Run Behavior\BuildLiteBehavior [ RunTime:0.000051s ]
INFO: [ app_init ] --END-- [ RunTime:0.000815s ]
ERR: 无法加载模块:Uploads

[ 2016-04-20T22:19:45+08:00 ] ::1 /yimishop/Uploads/goods/20160318/M_14582807596_160x160.jpg
INFO: [ app_init ] --START--
INFO: Run Behavior\BuildLiteBehavior [ RunTime:0.000052s ]
INFO: [ app_init ] --END-- [ RunTime:0.000673s ]
ERR: 无法加载模块:Uploads

[ 2016-04-20T22:19:45+08:00 ] ::1 /yimishop/Uploads/goods/20160319/M_14583518629_160x160.png
INFO: [ app_init ] --START--
INFO: Run Behavior\BuildLiteBehavior [ RunTime:0.000052s ]
INFO: [ app_init ] --END-- [ RunTime:0.000635s ]
ERR: 无法加载模块:Uploads

[ 2016-04-20T22:19:45+08:00 ] ::1 /yimishop/Uploads/goods/20160319/M_14583519271_160x160.png
INFO: [ app_init ] --START--
INFO: Run Behavior\BuildLiteBehavior [ RunTime:0.000032s ]
INFO: [ app_init ] --END-- [ RunTime:0.000437s ]
ERR: 无法加载模块:Uploads

[ 2016-04-20T22:19:48+08:00 ] ::1 /yimishop/Uploads/_60x60.
INFO: [ app_init ] --START--
INFO: Run Behavior\BuildLiteBehavior [ RunTime:0.000056s ]
INFO: [ app_init ] --END-- [ RunTime:0.000661s ]
ERR: 无法加载模块:Uploads

[ 2016-04-20T22:19:48+08:00 ] ::1 /yimishop/Uploads/goods/20160318/M_14582807596_160x160.jpg
INFO: [ app_init ] --START--
INFO: Run Behavior\BuildLiteBehavior [ RunTime:0.000058s ]
INFO: [ app_init ] --END-- [ RunTime:0.000690s ]
ERR: 无法加载模块:Uploads

[ 2016-04-20T22:19:48+08:00 ] ::1 /yimishop/Uploads/goods/20160318/M_14582798784_160x160.jpg
INFO: [ app_init ] --START--
INFO: Run Behavior\BuildLiteBehavior [ RunTime:0.000055s ]
INFO: [ app_init ] --END-- [ RunTime:0.000671s ]
ERR: 无法加载模块:Uploads

[ 2016-04-20T22:19:48+08:00 ] ::1 /yimishop/Uploads/_400x400.
INFO: [ app_init ] --START--
INFO: Run Behavior\BuildLiteBehavior [ RunTime:0.000054s ]
INFO: [ app_init ] --END-- [ RunTime:0.000656s ]
ERR: 无法加载模块:Uploads

[ 2016-04-20T22:19:48+08:00 ] ::1 /yimishop/Uploads/goods/20160319/M_14583519993_160x160.jpg
INFO: [ app_init ] --START--
INFO: Run Behavior\BuildLiteBehavior [ RunTime:0.000033s ]
INFO: [ app_init ] --END-- [ RunTime:0.000451s ]
ERR: 无法加载模块:Uploads

[ 2016-04-20T22:19:49+08:00 ] ::1 /yimishop/Uploads/goods/20160319/M_14583519271_160x160.png
INFO: [ app_init ] --START--
INFO: Run Behavior\BuildLiteBehavior [ RunTime:0.000032s ]
INFO: [ app_init ] --END-- [ RunTime:0.000478s ]
ERR: 无法加载模块:Uploads

[ 2016-04-20T22:20:28+08:00 ] ::1 /yimishop/Uploads/goods/20160318/M_14582798784_160x160.jpg
INFO: [ app_init ] --START--
INFO: Run Behavior\BuildLiteBehavior [ RunTime:0.000034s ]
INFO: [ app_init ] --END-- [ RunTime:0.000444s ]
ERR: 无法加载模块:Uploads

[ 2016-04-20T22:20:28+08:00 ] ::1 /yimishop/Uploads/goods/20160318/M_14582807596_160x160.jpg
INFO: [ app_init ] --START--
INFO: Run Behavior\BuildLiteBehavior [ RunTime:0.000033s ]
INFO: [ app_init ] --END-- [ RunTime:0.000502s ]
ERR: 无法加载模块:Uploads

[ 2016-04-20T22:20:28+08:00 ] ::1 /yimishop/Uploads/goods/20160318/M_14582798784_160x160.jpg
INFO: [ app_init ] --START--
INFO: Run Behavior\BuildLiteBehavior [ RunTime:0.000055s ]
INFO: [ app_init ] --END-- [ RunTime:0.000682s ]
ERR: 无法加载模块:Uploads

[ 2016-04-20T22:20:28+08:00 ] ::1 /yimishop/Uploads/goods/20160318/M_14582807596_160x160.jpg
INFO: [ app_init ] --START--
INFO: Run Behavior\BuildLiteBehavior [ RunTime:0.000055s ]
INFO: [ app_init ] --END-- [ RunTime:0.000638s ]
ERR: 无法加载模块:Uploads

[ 2016-04-20T22:23:13+08:00 ] ::1 /yimishop/Uploads/goods/20160319/M_14583519993_160x160.jpg
INFO: [ app_init ] --START--
INFO: Run Behavior\BuildLiteBehavior [ RunTime:0.000056s ]
INFO: [ app_init ] --END-- [ RunTime:0.000674s ]
ERR: 无法加载模块:Uploads

[ 2016-04-20T22:23:13+08:00 ] ::1 /yimishop/Uploads/goods/20160319/M_14583519271_160x160.png
INFO: [ app_init ] --START--
INFO: Run Behavior\BuildLiteBehavior [ RunTime:0.000059s ]
INFO: [ app_init ] --END-- [ RunTime:0.000753s ]
ERR: 无法加载模块:Uploads

[ 2016-04-20T22:23:13+08:00 ] ::1 /yimishop/Uploads/goods/20160318/M_14582807596_160x160.jpg
INFO: [ app_init ] --START--
INFO: Run Behavior\BuildLiteBehavior [ RunTime:0.000053s ]
INFO: [ app_init ] --END-- [ RunTime:0.000732s ]
ERR: 无法加载模块:Uploads

[ 2016-04-20T22:23:13+08:00 ] ::1 /yimishop/Uploads/goods/20160318/M_14582798784_160x160.jpg
INFO: [ app_init ] --START--
INFO: Run Behavior\BuildLiteBehavior [ RunTime:0.000056s ]
INFO: [ app_init ] --END-- [ RunTime:0.000738s ]
ERR: 无法加载模块:Uploads

[ 2016-04-20T22:23:13+08:00 ] ::1 /yimishop/Uploads/goods/20160319/M_14583518629_160x160.png
INFO: [ app_init ] --START--
INFO: Run Behavior\BuildLiteBehavior [ RunTime:0.000049s ]
INFO: [ app_init ] --END-- [ RunTime:0.000615s ]
ERR: 无法加载模块:Uploads

[ 2016-04-20T22:24:14+08:00 ] ::1 /yimishop/Uploads/goods/20160319/M_14583519993_160x160.jpg
INFO: [ app_init ] --START--
INFO: Run Behavior\BuildLiteBehavior [ RunTime:0.000056s ]
INFO: [ app_init ] --END-- [ RunTime:0.000686s ]
ERR: 无法加载模块:Uploads

[ 2016-04-20T22:24:14+08:00 ] ::1 /yimishop/Uploads/goods/20160319/M_14583518629_160x160.png
INFO: [ app_init ] --START--
INFO: Run Behavior\BuildLiteBehavior [ RunTime:0.000058s ]
INFO: [ app_init ] --END-- [ RunTime:0.000671s ]
ERR: 无法加载模块:Uploads

[ 2016-04-20T22:24:14+08:00 ] ::1 /yimishop/Uploads/goods/20160319/M_14583519271_160x160.png
INFO: [ app_init ] --START--
INFO: Run Behavior\BuildLiteBehavior [ RunTime:0.000060s ]
INFO: [ app_init ] --END-- [ RunTime:0.000749s ]
ERR: 无法加载模块:Uploads

[ 2016-04-20T22:24:14+08:00 ] ::1 /yimishop/Uploads/goods/20160318/M_14582807596_160x160.jpg
INFO: [ app_init ] --START--
INFO: Run Behavior\BuildLiteBehavior [ RunTime:0.000055s ]
INFO: [ app_init ] --END-- [ RunTime:0.000700s ]
ERR: 无法加载模块:Uploads

[ 2016-04-20T22:24:14+08:00 ] ::1 /yimishop/Uploads/goods/20160318/M_14582798784_160x160.jpg
INFO: [ app_init ] --START--
INFO: Run Behavior\BuildLiteBehavior [ RunTime:0.000033s ]
INFO: [ app_init ] --END-- [ RunTime:0.000466s ]
ERR: 无法加载模块:Uploads

[ 2016-04-20T22:24:33+08:00 ] ::1 /yimishop/Uploads/goods/20160319/M_14583519993_160x160.jpg
INFO: [ app_init ] --START--
INFO: Run Behavior\BuildLiteBehavior [ RunTime:0.000057s ]
INFO: [ app_init ] --END-- [ RunTime:0.000683s ]
ERR: 无法加载模块:Uploads

[ 2016-04-20T22:24:33+08:00 ] ::1 /yimishop/Uploads/goods/20160319/M_14583518629_160x160.png
INFO: [ app_init ] --START--
INFO: Run Behavior\BuildLiteBehavior [ RunTime:0.000055s ]
INFO: [ app_init ] --END-- [ RunTime:0.000675s ]
ERR: 无法加载模块:Uploads

[ 2016-04-20T22:24:33+08:00 ] ::1 /yimishop/Uploads/goods/20160319/M_14583519271_160x160.png
INFO: [ app_init ] --START--
INFO: Run Behavior\BuildLiteBehavior [ RunTime:0.000062s ]
INFO: [ app_init ] --END-- [ RunTime:0.000717s ]
ERR: 无法加载模块:Uploads

[ 2016-04-20T22:24:33+08:00 ] ::1 /yimishop/Uploads/goods/20160318/M_14582798784_160x160.jpg
INFO: [ app_init ] --START--
INFO: Run Behavior\BuildLiteBehavior [ RunTime:0.000052s ]
INFO: [ app_init ] --END-- [ RunTime:0.000628s ]
ERR: 无法加载模块:Uploads

[ 2016-04-20T22:24:33+08:00 ] ::1 /yimishop/Uploads/goods/20160318/M_14582807596_160x160.jpg
INFO: [ app_init ] --START--
INFO: Run Behavior\BuildLiteBehavior [ RunTime:0.000063s ]
INFO: [ app_init ] --END-- [ RunTime:0.000693s ]
ERR: 无法加载模块:Uploads

[ 2016-04-20T22:24:40+08:00 ] ::1 /yimishop/Uploads/goods/20160319/M_14583518629_160x160.png
INFO: [ app_init ] --START--
INFO: Run Behavior\BuildLiteBehavior [ RunTime:0.000053s ]
INFO: [ app_init ] --END-- [ RunTime:0.000640s ]
ERR: 无法加载模块:Uploads

[ 2016-04-20T22:24:40+08:00 ] ::1 /yimishop/Uploads/goods/20160318/M_14582798784_160x160.jpg
INFO: [ app_init ] --START--
INFO: Run Behavior\BuildLiteBehavior [ RunTime:0.000054s ]
INFO: [ app_init ] --END-- [ RunTime:0.000645s ]
ERR: 无法加载模块:Uploads

[ 2016-04-20T22:24:40+08:00 ] ::1 /yimishop/Uploads/goods/20160318/M_14582807596_160x160.jpg
INFO: [ app_init ] --START--
INFO: Run Behavior\BuildLiteBehavior [ RunTime:0.000062s ]
INFO: [ app_init ] --END-- [ RunTime:0.000844s ]
ERR: 无法加载模块:Uploads

[ 2016-04-20T22:24:40+08:00 ] ::1 /yimishop/Uploads/goods/20160319/M_14583519993_160x160.jpg
INFO: [ app_init ] --START--
INFO: Run Behavior\BuildLiteBehavior [ RunTime:0.000063s ]
INFO: [ app_init ] --END-- [ RunTime:0.000752s ]
ERR: 无法加载模块:Uploads

[ 2016-04-20T22:24:52+08:00 ] ::1 /yimishop/Uploads/goods/20160319/M_14583519993_160x160.jpg
INFO: [ app_init ] --START--
INFO: Run Behavior\BuildLiteBehavior [ RunTime:0.000061s ]
INFO: [ app_init ] --END-- [ RunTime:0.000707s ]
ERR: 无法加载模块:Uploads

[ 2016-04-20T22:24:52+08:00 ] ::1 /yimishop/Uploads/goods/20160318/M_14582807596_160x160.jpg
INFO: [ app_init ] --START--
INFO: Run Behavior\BuildLiteBehavior [ RunTime:0.000057s ]
INFO: [ app_init ] --END-- [ RunTime:0.000691s ]
ERR: 无法加载模块:Uploads

[ 2016-04-20T22:24:52+08:00 ] ::1 /yimishop/Uploads/goods/20160319/M_14583519271_160x160.png
INFO: [ app_init ] --START--
INFO: Run Behavior\BuildLiteBehavior [ RunTime:0.000059s ]
INFO: [ app_init ] --END-- [ RunTime:0.001764s ]
ERR: 无法加载模块:Uploads

[ 2016-04-20T22:24:52+08:00 ] ::1 /yimishop/Uploads/goods/20160319/M_14583518629_160x160.png
INFO: [ app_init ] --START--
INFO: Run Behavior\BuildLiteBehavior [ RunTime:0.000054s ]
INFO: [ app_init ] --END-- [ RunTime:0.000743s ]
ERR: 无法加载模块:Uploads

[ 2016-04-20T22:24:52+08:00 ] ::1 /yimishop/Uploads/goods/20160318/M_14582798784_160x160.jpg
INFO: [ app_init ] --START--
INFO: Run Behavior\BuildLiteBehavior [ RunTime:0.000059s ]
INFO: [ app_init ] --END-- [ RunTime:0.002605s ]
ERR: 无法加载模块:Uploads

[ 2016-04-20T22:25:33+08:00 ] ::1 /yimishop/Uploads/_400x400.
INFO: [ app_init ] --START--
INFO: Run Behavior\BuildLiteBehavior [ RunTime:0.000056s ]
INFO: [ app_init ] --END-- [ RunTime:0.000684s ]
ERR: 无法加载模块:Uploads

[ 2016-04-20T22:25:33+08:00 ] ::1 /yimishop/Uploads/_60x60.
INFO: [ app_init ] --START--
INFO: Run Behavior\BuildLiteBehavior [ RunTime:0.000059s ]
INFO: [ app_init ] --END-- [ RunTime:0.000842s ]
ERR: 无法加载模块:Uploads

[ 2016-04-20T22:25:33+08:00 ] ::1 /yimishop/Uploads/goods/20160318/M_14582807596_160x160.jpg
INFO: [ app_init ] --START--
INFO: Run Behavior\BuildLiteBehavior [ RunTime:0.000060s ]
INFO: [ app_init ] --END-- [ RunTime:0.000855s ]
ERR: 无法加载模块:Uploads

[ 2016-04-20T22:25:33+08:00 ] ::1 /yimishop/Uploads/goods/20160319/M_14583519271_160x160.png
INFO: [ app_init ] --START--
INFO: Run Behavior\BuildLiteBehavior [ RunTime:0.000065s ]
INFO: [ app_init ] --END-- [ RunTime:0.000763s ]
ERR: 无法加载模块:Uploads

[ 2016-04-20T22:25:33+08:00 ] ::1 /yimishop/Uploads/goods/20160318/M_14582798784_160x160.jpg
INFO: [ app_init ] --START--
INFO: Run Behavior\BuildLiteBehavior [ RunTime:0.000064s ]
INFO: [ app_init ] --END-- [ RunTime:0.000968s ]
ERR: 无法加载模块:Uploads

[ 2016-04-20T22:25:37+08:00 ] ::1 /yimishop/Uploads/goods/20160319/M_14583519993_160x160.jpg
INFO: [ app_init ] --START--
INFO: Run Behavior\BuildLiteBehavior [ RunTime:0.000059s ]
INFO: [ app_init ] --END-- [ RunTime:0.000680s ]
ERR: 无法加载模块:Uploads

[ 2016-04-20T22:25:37+08:00 ] ::1 /yimishop/Uploads/goods/20160319/M_14583519271_160x160.png
INFO: [ app_init ] --START--
INFO: Run Behavior\BuildLiteBehavior [ RunTime:0.000088s ]
INFO: [ app_init ] --END-- [ RunTime:0.000730s ]
ERR: 无法加载模块:Uploads

[ 2016-04-20T22:25:37+08:00 ] ::1 /yimishop/Uploads/goods/20160318/M_14582807596_160x160.jpg
INFO: [ app_init ] --START--
INFO: Run Behavior\BuildLiteBehavior [ RunTime:0.000054s ]
INFO: [ app_init ] --END-- [ RunTime:0.000652s ]
ERR: 无法加载模块:Uploads

[ 2016-04-20T22:25:37+08:00 ] ::1 /yimishop/Uploads/goods/20160318/M_14582798784_160x160.jpg
INFO: [ app_init ] --START--
INFO: Run Behavior\BuildLiteBehavior [ RunTime:0.000061s ]
INFO: [ app_init ] --END-- [ RunTime:0.000770s ]
ERR: 无法加载模块:Uploads

[ 2016-04-20T22:25:37+08:00 ] ::1 /yimishop/Uploads/goods/20160319/M_14583518629_160x160.png
INFO: [ app_init ] --START--
INFO: Run Behavior\BuildLiteBehavior [ RunTime:0.000031s ]
INFO: [ app_init ] --END-- [ RunTime:0.000454s ]
ERR: 无法加载模块:Uploads

[ 2016-04-20T22:25:38+08:00 ] ::1 /yimishop/Uploads/goods/20160318/M_14582798784_160x160.jpg
INFO: [ app_init ] --START--
INFO: Run Behavior\BuildLiteBehavior [ RunTime:0.000032s ]
INFO: [ app_init ] --END-- [ RunTime:0.000469s ]
ERR: 无法加载模块:Uploads

[ 2016-04-20T22:25:38+08:00 ] ::1 /yimishop/Uploads/goods/20160318/M_14582807596_160x160.jpg
INFO: [ app_init ] --START--
INFO: Run Behavior\BuildLiteBehavior [ RunTime:0.000054s ]
INFO: [ app_init ] --END-- [ RunTime:0.000678s ]
ERR: 无法加载模块:Uploads

[ 2016-04-20T22:26:31+08:00 ] ::1 /yimishop/Uploads/_160x160.
INFO: [ app_init ] --START--
INFO: Run Behavior\BuildLiteBehavior [ RunTime:0.000057s ]
INFO: [ app_init ] --END-- [ RunTime:0.000710s ]
ERR: 无法加载模块:Uploads

[ 2016-04-20T22:26:31+08:00 ] ::1 /yimishop/Uploads/_60x60.
INFO: [ app_init ] --START--
INFO: Run Behavior\BuildLiteBehavior [ RunTime:0.000054s ]
INFO: [ app_init ] --END-- [ RunTime:0.000682s ]
ERR: 无法加载模块:Uploads


[ 2016-04-20T22:26:38+08:00 ] ::1 /yimishop/Uploads/_400x400.
INFO: [ app_init ] --START--
INFO: Run Behavior\BuildLiteBehavior [ RunTime:0.000053s ]
INFO: [ app_init ] --END-- [ RunTime:0.000675s ]
ERR: 无法加载模块:Uploads

 无法加载模块:Uploads

[ 2016-04-20T22:26:38+08:00 ] ::1 /yimishop/Uploads/_60x60.
INFO: [ app_init ] --START--
INFO: Run Behavior\BuildLiteBehavior [ RunTime:0.000057s ]
INFO: [ app_init ] --END-- [ RunTime:0.000670s ]
ERR: 无法加载模块:Uploads

[ 2016-04-20T22:26:38+08:00 ] ::1 /yimishop/Uploads/goods/20160318/M_14582807596_160x160.jpg
INFO: [ app_init ] --START--
INFO: Run Behavior\BuildLiteBehavior [ RunTime:0.000057s ]
INFO: [ app_init ] --END-- [ RunTime:0.000659s ]
ERR: 无法加载模块:Uploads

[ 2016-04-20T22:26:41+08:00 ] ::1 /yimishop/Uploads/goods/20160318/M_14582807596_160x160.jpg
INFO: [ app_init ] --START--
INFO: Run Behavior\BuildLiteBehavior [ RunTime:0.000126s ]
INFO: [ app_init ] --END-- [ RunTime:0.000953s ]
ERR: 无法加载模块:Uploads

[ 2016-04-20T22:26:41+08:00 ] ::1 /yimishop/Uploads/goods/20160318/M_14582798784_160x160.jpg
INFO: [ app_init ] --START--
INFO: Run Behavior\BuildLiteBehavior [ RunTime:0.000054s ]
INFO: [ app_init ] --END-- [ RunTime:0.000704s ]
ERR: 无法加载模块:Uploads

[ 2016-04-20T22:34:01+08:00 ] ::1 /yimishop/Public/css/bootstrap.min.css.map
INFO: [ app_init ] --START--
INFO: Run Behavior\BuildLiteBehavior [ RunTime:0.000059s ]
INFO: [ app_init ] --END-- [ RunTime:0.000780s ]
ERR: 无法加载模块:Public

