[ 2016-05-13T20:25:36+08:00 ] ::1 /yimishop/Public/img/loading.gif
INFO: [ app_init ] --START--
INFO: Run Behavior\BuildLiteBehavior [ RunTime:0.000051s ]
INFO: [ app_init ] --END-- [ RunTime:0.000634s ]
ERR: 无法加载模块:Public

[ 2016-05-13T21:55:56+08:00 ] ::1 /yimishop/Uploads/_160x160.
INFO: [ app_init ] --START--
INFO: Run Behavior\BuildLiteBehavior [ RunTime:0.000145s ]
INFO: [ app_init ] --END-- [ RunTime:0.002299s ]
ERR: 无法加载模块:Uploads

[ 2016-05-13T22:24:11+08:00 ] ::1 /yimishop/Uploads/_160x160.
INFO: [ app_init ] --START--
INFO: Run Behavior\BuildLiteBehavior [ RunTime:0.000038s ]
INFO: [ app_init ] --END-- [ RunTime:0.000546s ]
ERR: 无法加载模块:Uploads

[ 2016-05-13T22:24:39+08:00 ] ::1 /yimishop/Uploads/_160x160.
INFO: [ app_init ] --START--
INFO: Run Behavior\BuildLiteBehavior [ RunTime:0.000032s ]
INFO: [ app_init ] --END-- [ RunTime:0.000519s ]
ERR: 无法加载模块:Uploads

[ 2016-05-13T22:25:45+08:00 ] ::1 /yimishop/Uploads/_160x160.
INFO: [ app_init ] --START--
INFO: Run Behavior\BuildLiteBehavior [ RunTime:0.000034s ]
INFO: [ app_init ] --END-- [ RunTime:0.000545s ]
ERR: 无法加载模块:Uploads

[ 2016-05-13T22:25:45+08:00 ] ::1 /yimishop/Uploads/_160x160.
INFO: [ app_init ] --START--
INFO: Run Behavior\BuildLiteBehavior [ RunTime:0.000065s ]
INFO: [ app_init ] --END-- [ RunTime:0.001006s ]
ERR: 无法加载模块:Uploads

[ 2016-05-13T22:32:16+08:00 ] ::1 /yimishop/Uploads/_160x160.
INFO: [ app_init ] --START--
INFO: Run Behavior\BuildLiteBehavior [ RunTime:0.000061s ]
INFO: [ app_init ] --END-- [ RunTime:0.000811s ]
ERR: 无法加载模块:Uploads

[ 2016-05-13T22:40:13+08:00 ] ::1 /yimishop/Uploads/_160x160.
INFO: [ app_init ] --START--
INFO: Run Behavior\BuildLiteBehavior [ RunTime:0.000035s ]
INFO: [ app_init ] --END-- [ RunTime:0.000535s ]
ERR: 无法加载模块:Uploads

[ 2016-05-13T22:40:20+08:00 ] ::1 /yimishop/Uploads/_160x160.
INFO: [ app_init ] --START--
INFO: Run Behavior\BuildLiteBehavior [ RunTime:0.000164s ]
INFO: [ app_init ] --END-- [ RunTime:0.001170s ]
ERR: 无法加载模块:Uploads

[ 2016-05-13T22:42:03+08:00 ] ::1 /yimishop/Uploads/_160x160.
INFO: [ app_init ] --START--
INFO: Run Behavior\BuildLiteBehavior [ RunTime:0.000045s ]
INFO: [ app_init ] --END-- [ RunTime:0.000648s ]
ERR: 无法加载模块:Uploads

[ 2016-05-13T22:44:09+08:00 ] ::1 /yimishop/Uploads/_160x160.
INFO: [ app_init ] --START--
INFO: Run Behavior\BuildLiteBehavior [ RunTime:0.000036s ]
INFO: [ app_init ] --END-- [ RunTime:0.000720s ]
ERR: 无法加载模块:Uploads

[ 2016-05-13T22:44:21+08:00 ] ::1 /yimishop/Uploads/_160x160.
INFO: [ app_init ] --START--
INFO: Run Behavior\BuildLiteBehavior [ RunTime:0.000058s ]
INFO: [ app_init ] --END-- [ RunTime:0.000785s ]
ERR: 无法加载模块:Uploads

[ 2016-05-13T22:44:21+08:00 ] ::1 /yimishop/Uploads/_160x160.
INFO: [ app_init ] --START--
INFO: Run Behavior\BuildLiteBehavior [ RunTime:0.000049s ]
INFO: [ app_init ] --END-- [ RunTime:0.000562s ]
ERR: 无法加载模块:Uploads

[ 2016-05-13T22:48:10+08:00 ] ::1 /yimishop/Uploads/_160x160.
INFO: [ app_init ] --START--
INFO: Run Behavior\BuildLiteBehavior [ RunTime:0.000120s ]
INFO: [ app_init ] --END-- [ RunTime:0.001314s ]
ERR: 无法加载模块:Uploads

[ 2016-05-13T23:01:21+08:00 ] ::1 /yimishop/Uploads/_160x160.
INFO: [ app_init ] --START--
INFO: Run Behavior\BuildLiteBehavior [ RunTime:0.000059s ]
INFO: [ app_init ] --END-- [ RunTime:0.000826s ]
ERR: 无法加载模块:Uploads

[ 2016-05-13T23:09:21+08:00 ] ::1 /yimishop/Uploads/_160x160.
INFO: [ app_init ] --START--
INFO: Run Behavior\BuildLiteBehavior [ RunTime:0.000034s ]
INFO: [ app_init ] --END-- [ RunTime:0.000513s ]
ERR: 无法加载模块:Uploads

[ 2016-05-13T23:09:40+08:00 ] ::1 /yimishop/Uploads/_160x160.
INFO: [ app_init ] --START--
INFO: Run Behavior\BuildLiteBehavior [ RunTime:0.000066s ]
INFO: [ app_init ] --END-- [ RunTime:0.001024s ]
ERR: 无法加载模块:Uploads

