[ 2016-04-26T20:46:06+08:00 ] ::1 /yimishop/Uploads/goods/20160319/M_14583519993_160x160.jpg
INFO: [ app_init ] --START--
INFO: Run Behavior\BuildLiteBehavior [ RunTime:0.000103s ]
INFO: [ app_init ] --END-- [ RunTime:0.001071s ]
ERR: 无法加载模块:Uploads

[ 2016-04-26T20:46:06+08:00 ] ::1 /yimishop/Uploads/goods/20160318/M_14582807596_160x160.jpg
INFO: [ app_init ] --START--
INFO: Run Behavior\BuildLiteBehavior [ RunTime:0.000056s ]
INFO: [ app_init ] --END-- [ RunTime:0.000738s ]
ERR: 无法加载模块:Uploads

[ 2016-04-26T20:46:06+08:00 ] ::1 /yimishop/Uploads/goods/20160319/M_14583519271_160x160.png
INFO: [ app_init ] --START--
INFO: Run Behavior\BuildLiteBehavior [ RunTime:0.000089s ]
INFO: [ app_init ] --END-- [ RunTime:0.004948s ]
ERR: 无法加载模块:Uploads

[ 2016-04-26T20:46:06+08:00 ] ::1 /yimishop/Uploads/goods/20160319/M_14583518629_160x160.png
INFO: [ app_init ] --START--
INFO: Run Behavior\BuildLiteBehavior [ RunTime:0.000061s ]
INFO: [ app_init ] --END-- [ RunTime:0.000772s ]
ERR: 无法加载模块:Uploads

[ 2016-04-26T20:46:19+08:00 ] ::1 /yimishop/Uploads/goods/20160319/M_14583519993_160x160.jpg
INFO: [ app_init ] --START--
INFO: Run Behavior\BuildLiteBehavior [ RunTime:0.000085s ]
INFO: [ app_init ] --END-- [ RunTime:0.001018s ]
ERR: 无法加载模块:Uploads

[ 2016-04-26T20:46:19+08:00 ] ::1 /yimishop/Uploads/goods/20160319/M_14583519271_160x160.png
INFO: [ app_init ] --START--
INFO: Run Behavior\BuildLiteBehavior [ RunTime:0.000087s ]
INFO: [ app_init ] --END-- [ RunTime:0.001005s ]
ERR: 无法加载模块:Uploads

[ 2016-04-26T20:46:19+08:00 ] ::1 /yimishop/Uploads/goods/20160318/M_14582807596_160x160.jpg
INFO: [ app_init ] --START--
INFO: Run Behavior\BuildLiteBehavior [ RunTime:0.000080s ]
INFO: [ app_init ] --END-- [ RunTime:0.001399s ]
ERR: 无法加载模块:Uploads

[ 2016-04-26T20:46:19+08:00 ] ::1 /yimishop/Uploads/goods/20160319/M_14583518629_160x160.png
INFO: [ app_init ] --START--
INFO: Run Behavior\BuildLiteBehavior [ RunTime:0.000065s ]
INFO: [ app_init ] --END-- [ RunTime:0.000976s ]
ERR: 无法加载模块:Uploads

[ 2016-04-26T20:46:19+08:00 ] ::1 /yimishop/Uploads/goods/20160318/M_14582798784_160x160.jpg
INFO: [ app_init ] --START--
INFO: Run Behavior\BuildLiteBehavior [ RunTime:0.000034s ]
INFO: [ app_init ] --END-- [ RunTime:0.000454s ]
ERR: 无法加载模块:Uploads

[ 2016-04-26T20:46:36+08:00 ] ::1 /yimishop/Uploads/goods/20160318/M_14582807596_160x160.jpg
INFO: [ app_init ] --START--
INFO: Run Behavior\BuildLiteBehavior [ RunTime:0.000076s ]
INFO: [ app_init ] --END-- [ RunTime:0.001006s ]
ERR: 无法加载模块:Uploads

[ 2016-04-26T20:46:36+08:00 ] ::1 /yimishop/Uploads/goods/20160318/M_14582798784_160x160.jpg
INFO: [ app_init ] --START--
INFO: Run Behavior\BuildLiteBehavior [ RunTime:0.000138s ]
INFO: [ app_init ] --END-- [ RunTime:0.001829s ]
ERR: 无法加载模块:Uploads

[ 2016-04-26T20:46:55+08:00 ] ::1 /yimishop/Uploads/goods/20160318/M_14582798784_160x160.jpg
INFO: [ app_init ] --START--
INFO: Run Behavior\BuildLiteBehavior [ RunTime:0.000067s ]
INFO: [ app_init ] --END-- [ RunTime:0.000827s ]
ERR: 无法加载模块:Uploads

[ 2016-04-26T20:46:55+08:00 ] ::1 /yimishop/Uploads/goods/20160318/M_14582807596_160x160.jpg
INFO: [ app_init ] --START--
INFO: Run Behavior\BuildLiteBehavior [ RunTime:0.000064s ]
INFO: [ app_init ] --END-- [ RunTime:0.000956s ]
ERR: 无法加载模块:Uploads

[ 2016-04-26T20:48:37+08:00 ] ::1 /yimishop/Public/css/bootstrap.min.css.map
INFO: [ app_init ] --START--
INFO: Run Behavior\BuildLiteBehavior [ RunTime:0.000055s ]
INFO: [ app_init ] --END-- [ RunTime:0.000754s ]
ERR: 无法加载模块:Public

[ 2016-04-26T20:49:31+08:00 ] ::1 /yimishop/Public/css/bootstrap.min.css.map
INFO: [ app_init ] --START--
INFO: Run Behavior\BuildLiteBehavior [ RunTime:0.000031s ]
INFO: [ app_init ] --END-- [ RunTime:0.000437s ]
ERR: 无法加载模块:Public

[ 2016-04-26T20:49:54+08:00 ] ::1 /yimishop/Uploads/goods/20160318/M_14582798784_160x160.jpg
INFO: [ app_init ] --START--
INFO: Run Behavior\BuildLiteBehavior [ RunTime:0.000059s ]
INFO: [ app_init ] --END-- [ RunTime:0.000822s ]
ERR: 无法加载模块:Uploads

[ 2016-04-26T20:49:54+08:00 ] ::1 /yimishop/Uploads/goods/20160318/M_14582807596_160x160.jpg
INFO: [ app_init ] --START--
INFO: Run Behavior\BuildLiteBehavior [ RunTime:0.000058s ]
INFO: [ app_init ] --END-- [ RunTime:0.000792s ]
ERR: 无法加载模块:Uploads

[ 2016-04-26T20:49:54+08:00 ] ::1 /yimishop/Public/css/bootstrap.min.css.map
INFO: [ app_init ] --START--
INFO: Run Behavior\BuildLiteBehavior [ RunTime:0.000034s ]
INFO: [ app_init ] --END-- [ RunTime:0.000473s ]
ERR: 无法加载模块:Public

[ 2016-04-26T20:52:47+08:00 ] ::1 /yimishop/Uploads/goods/20160318/M_14582798784_160x160.jpg
INFO: [ app_init ] --START--
INFO: Run Behavior\BuildLiteBehavior [ RunTime:0.000061s ]
INFO: [ app_init ] --END-- [ RunTime:0.000735s ]
ERR: 无法加载模块:Uploads

[ 2016-04-26T20:52:47+08:00 ] ::1 /yimishop/Uploads/goods/20160318/M_14582807596_160x160.jpg
INFO: [ app_init ] --START--
INFO: Run Behavior\BuildLiteBehavior [ RunTime:0.000033s ]
INFO: [ app_init ] --END-- [ RunTime:0.000469s ]
ERR: 无法加载模块:Uploads

[ 2016-04-26T20:53:04+08:00 ] ::1 /yimishop/Uploads/goods/20160318/M_14582807596_160x160.jpg
INFO: [ app_init ] --START--
INFO: Run Behavior\BuildLiteBehavior [ RunTime:0.000037s ]
INFO: [ app_init ] --END-- [ RunTime:0.000501s ]
ERR: 无法加载模块:Uploads

[ 2016-04-26T20:53:04+08:00 ] ::1 /yimishop/Uploads/goods/20160318/M_14582798784_160x160.jpg
INFO: [ app_init ] --START--
INFO: Run Behavior\BuildLiteBehavior [ RunTime:0.000067s ]
INFO: [ app_init ] --END-- [ RunTime:0.000828s ]
ERR: 无法加载模块:Uploads

[ 2016-04-26T20:54:37+08:00 ] ::1 /yimishop/Uploads/goods/20160318/M_14582798784_160x160.jpg
INFO: [ app_init ] --START--
INFO: Run Behavior\BuildLiteBehavior [ RunTime:0.000071s ]
INFO: [ app_init ] --END-- [ RunTime:0.000893s ]
ERR: 无法加载模块:Uploads

[ 2016-04-26T20:54:37+08:00 ] ::1 /yimishop/Uploads/goods/20160318/M_14582807596_160x160.jpg
INFO: [ app_init ] --START--
INFO: Run Behavior\BuildLiteBehavior [ RunTime:0.000054s ]
INFO: [ app_init ] --END-- [ RunTime:0.000914s ]
ERR: 无法加载模块:Uploads

[ 2016-04-26T21:00:06+08:00 ] ::1 /yimishop/Uploads/goods/20160318/M_14582798784_160x160.jpg
INFO: [ app_init ] --START--
INFO: Run Behavior\BuildLiteBehavior [ RunTime:0.000060s ]
INFO: [ app_init ] --END-- [ RunTime:0.000908s ]
ERR: 无法加载模块:Uploads

[ 2016-04-26T21:00:06+08:00 ] ::1 /yimishop/Uploads/goods/20160318/M_14582807596_160x160.jpg
INFO: [ app_init ] --START--
INFO: Run Behavior\BuildLiteBehavior [ RunTime:0.000037s ]
INFO: [ app_init ] --END-- [ RunTime:0.000587s ]
ERR: 无法加载模块:Uploads

[ 2016-04-26T21:00:49+08:00 ] ::1 /yimishop/Uploads/goods/20160318/M_14582798784_160x160.jpg
INFO: [ app_init ] --START--
INFO: Run Behavior\BuildLiteBehavior [ RunTime:0.000066s ]
INFO: [ app_init ] --END-- [ RunTime:0.000804s ]
ERR: 无法加载模块:Uploads

[ 2016-04-26T21:00:49+08:00 ] ::1 /yimishop/Uploads/goods/20160318/M_14582807596_160x160.jpg
INFO: [ app_init ] --START--
INFO: Run Behavior\BuildLiteBehavior [ RunTime:0.000068s ]
INFO: [ app_init ] --END-- [ RunTime:0.001082s ]
ERR: 无法加载模块:Uploads

[ 2016-04-26T21:01:20+08:00 ] ::1 /yimishop/Uploads/goods/20160318/M_14582798784_160x160.jpg
INFO: [ app_init ] --START--
INFO: Run Behavior\BuildLiteBehavior [ RunTime:0.000062s ]
INFO: [ app_init ] --END-- [ RunTime:0.000782s ]
ERR: 无法加载模块:Uploads

[ 2016-04-26T21:01:20+08:00 ] ::1 /yimishop/Uploads/goods/20160318/M_14582807596_160x160.jpg
INFO: [ app_init ] --START--
INFO: Run Behavior\BuildLiteBehavior [ RunTime:0.000086s ]
INFO: [ app_init ] --END-- [ RunTime:0.000866s ]
ERR: 无法加载模块:Uploads

[ 2016-04-26T21:01:47+08:00 ] ::1 /yimishop/Uploads/goods/20160318/M_14582798784_160x160.jpg
INFO: [ app_init ] --START--
INFO: Run Behavior\BuildLiteBehavior [ RunTime:0.000062s ]
INFO: [ app_init ] --END-- [ RunTime:0.000822s ]
ERR: 无法加载模块:Uploads

[ 2016-04-26T21:01:47+08:00 ] ::1 /yimishop/Uploads/goods/20160318/M_14582807596_160x160.jpg
INFO: [ app_init ] --START--
INFO: Run Behavior\BuildLiteBehavior [ RunTime:0.000065s ]
INFO: [ app_init ] --END-- [ RunTime:0.001321s ]
ERR: 无法加载模块:Uploads

[ 2016-04-26T21:09:00+08:00 ] ::1 /yimishop/Uploads/goods/20160318/M_14582798784_160x160.jpg
INFO: [ app_init ] --START--
INFO: Run Behavior\BuildLiteBehavior [ RunTime:0.000036s ]
INFO: [ app_init ] --END-- [ RunTime:0.000496s ]
ERR: 无法加载模块:Uploads

[ 2016-04-26T21:09:00+08:00 ] ::1 /yimishop/Uploads/goods/20160318/M_14582807596_160x160.jpg
INFO: [ app_init ] --START--
INFO: Run Behavior\BuildLiteBehavior [ RunTime:0.000065s ]
INFO: [ app_init ] --END-- [ RunTime:0.000838s ]
ERR: 无法加载模块:Uploads

[ 2016-04-26T21:10:03+08:00 ] ::1 /yimishop/Uploads/goods/20160318/M_14582798784_160x160.jpg
INFO: [ app_init ] --START--
INFO: Run Behavior\BuildLiteBehavior [ RunTime:0.000059s ]
INFO: [ app_init ] --END-- [ RunTime:0.000774s ]
ERR: 无法加载模块:Uploads

[ 2016-04-26T21:10:03+08:00 ] ::1 /yimishop/Uploads/goods/20160318/M_14582807596_160x160.jpg
INFO: [ app_init ] --START--
INFO: Run Behavior\BuildLiteBehavior [ RunTime:0.000037s ]
INFO: [ app_init ] --END-- [ RunTime:0.000575s ]
ERR: 无法加载模块:Uploads

[ 2016-04-26T21:12:54+08:00 ] ::1 /yimishop/Uploads/goods/20160318/M_14582798784_160x160.jpg
INFO: [ app_init ] --START--
INFO: Run Behavior\BuildLiteBehavior [ RunTime:0.000055s ]
INFO: [ app_init ] --END-- [ RunTime:0.000714s ]
ERR: 无法加载模块:Uploads

[ 2016-04-26T21:12:54+08:00 ] ::1 /yimishop/Uploads/goods/20160318/M_14582807596_160x160.jpg
INFO: [ app_init ] --START--
INFO: Run Behavior\BuildLiteBehavior [ RunTime:0.000054s ]
INFO: [ app_init ] --END-- [ RunTime:0.000768s ]
ERR: 无法加载模块:Uploads

[ 2016-04-26T21:13:25+08:00 ] ::1 /yimishop/Uploads/goods/20160318/M_14582798784_160x160.jpg
INFO: [ app_init ] --START--
INFO: Run Behavior\BuildLiteBehavior [ RunTime:0.000062s ]
INFO: [ app_init ] --END-- [ RunTime:0.000760s ]
ERR: 无法加载模块:Uploads

[ 2016-04-26T21:13:25+08:00 ] ::1 /yimishop/Uploads/goods/20160318/M_14582807596_160x160.jpg
INFO: [ app_init ] --START--
INFO: Run Behavior\BuildLiteBehavior [ RunTime:0.000062s ]
INFO: [ app_init ] --END-- [ RunTime:0.000836s ]
ERR: 无法加载模块:Uploads

[ 2016-04-26T21:15:34+08:00 ] ::1 /yimishop/Uploads/goods/20160318/M_14582798784_160x160.jpg
INFO: [ app_init ] --START--
INFO: Run Behavior\BuildLiteBehavior [ RunTime:0.000051s ]
INFO: [ app_init ] --END-- [ RunTime:0.000542s ]
ERR: 无法加载模块:Uploads

[ 2016-04-26T21:15:34+08:00 ] ::1 /yimishop/Uploads/goods/20160318/M_14582807596_160x160.jpg
INFO: [ app_init ] --START--
INFO: Run Behavior\BuildLiteBehavior [ RunTime:0.000056s ]
INFO: [ app_init ] --END-- [ RunTime:0.000917s ]
ERR: 无法加载模块:Uploads

[ 2016-04-26T21:15:49+08:00 ] ::1 /yimishop/Uploads/goods/20160318/M_14582798784_160x160.jpg
INFO: [ app_init ] --START--
INFO: Run Behavior\BuildLiteBehavior [ RunTime:0.000032s ]
INFO: [ app_init ] --END-- [ RunTime:0.000589s ]
ERR: 无法加载模块:Uploads

[ 2016-04-26T21:15:49+08:00 ] ::1 /yimishop/Uploads/goods/20160318/M_14582807596_160x160.jpg
INFO: [ app_init ] --START--
INFO: Run Behavior\BuildLiteBehavior [ RunTime:0.000074s ]
INFO: [ app_init ] --END-- [ RunTime:0.001127s ]
ERR: 无法加载模块:Uploads

[ 2016-04-26T21:33:00+08:00 ] ::1 /yimishop/Uploads/goods/20160319/M_14583519993_160x160.jpg
INFO: [ app_init ] --START--
INFO: Run Behavior\BuildLiteBehavior [ RunTime:0.000064s ]
INFO: [ app_init ] --END-- [ RunTime:0.000792s ]
ERR: 无法加载模块:Uploads

[ 2016-04-26T21:33:00+08:00 ] ::1 /yimishop/Uploads/goods/20160318/M_14582807596_160x160.jpg
INFO: [ app_init ] --START--
INFO: Run Behavior\BuildLiteBehavior [ RunTime:0.000053s ]
INFO: [ app_init ] --END-- [ RunTime:0.000717s ]
ERR: 无法加载模块:Uploads

[ 2016-04-26T21:33:00+08:00 ] ::1 /yimishop/Uploads/goods/20160319/M_14583518629_160x160.png
INFO: [ app_init ] --START--
INFO: Run Behavior\BuildLiteBehavior [ RunTime:0.000050s ]
INFO: [ app_init ] --END-- [ RunTime:0.000778s ]
ERR: 无法加载模块:Uploads

[ 2016-04-26T21:33:00+08:00 ] ::1 /yimishop/Uploads/goods/20160318/M_14582798784_160x160.jpg
INFO: [ app_init ] --START--
INFO: Run Behavior\BuildLiteBehavior [ RunTime:0.000054s ]
INFO: [ app_init ] --END-- [ RunTime:0.000747s ]
ERR: 无法加载模块:Uploads

[ 2016-04-26T21:33:00+08:00 ] ::1 /yimishop/Uploads/goods/20160319/M_14583519271_160x160.png
INFO: [ app_init ] --START--
INFO: Run Behavior\BuildLiteBehavior [ RunTime:0.000056s ]
INFO: [ app_init ] --END-- [ RunTime:0.000768s ]
ERR: 无法加载模块:Uploads

[ 2016-04-26T21:43:45+08:00 ] ::1 /yimishop/Uploads/goods/20160319/M_14583519993_160x160.jpg
INFO: [ app_init ] --START--
INFO: Run Behavior\BuildLiteBehavior [ RunTime:0.000057s ]
INFO: [ app_init ] --END-- [ RunTime:0.000671s ]
ERR: 无法加载模块:Uploads

[ 2016-04-26T21:43:45+08:00 ] ::1 /yimishop/Uploads/goods/20160319/M_14583518629_160x160.png
INFO: [ app_init ] --START--
INFO: Run Behavior\BuildLiteBehavior [ RunTime:0.000055s ]
INFO: [ app_init ] --END-- [ RunTime:0.000752s ]
ERR: 无法加载模块:Uploads

[ 2016-04-26T21:43:45+08:00 ] ::1 /yimishop/Uploads/goods/20160318/M_14582798784_160x160.jpg
INFO: [ app_init ] --START--
INFO: Run Behavior\BuildLiteBehavior [ RunTime:0.000057s ]
INFO: [ app_init ] --END-- [ RunTime:0.000727s ]
ERR: 无法加载模块:Uploads

[ 2016-04-26T21:43:45+08:00 ] ::1 /yimishop/Uploads/goods/20160319/M_14583519271_160x160.png
INFO: [ app_init ] --START--
INFO: Run Behavior\BuildLiteBehavior [ RunTime:0.000056s ]
INFO: [ app_init ] --END-- [ RunTime:0.000751s ]
ERR: 无法加载模块:Uploads

[ 2016-04-26T21:43:45+08:00 ] ::1 /yimishop/Uploads/goods/20160318/M_14582807596_160x160.jpg
INFO: [ app_init ] --START--
INFO: Run Behavior\BuildLiteBehavior [ RunTime:0.000055s ]
INFO: [ app_init ] --END-- [ RunTime:0.000740s ]
ERR: 无法加载模块:Uploads

[ 2016-04-26T21:48:25+08:00 ] ::1 /yimishop/Uploads/goods/20160319/M_14583519993_160x160.jpg
INFO: [ app_init ] --START--
INFO: Run Behavior\BuildLiteBehavior [ RunTime:0.000057s ]
INFO: [ app_init ] --END-- [ RunTime:0.000676s ]
ERR: 无法加载模块:Uploads

[ 2016-04-26T21:48:25+08:00 ] ::1 /yimishop/Uploads/goods/20160318/M_14582807596_160x160.jpg
INFO: [ app_init ] --START--
INFO: Run Behavior\BuildLiteBehavior [ RunTime:0.000054s ]
INFO: [ app_init ] --END-- [ RunTime:0.000742s ]
ERR: 无法加载模块:Uploads

[ 2016-04-26T21:48:25+08:00 ] ::1 /yimishop/Uploads/goods/20160319/M_14583518629_160x160.png
INFO: [ app_init ] --START--
INFO: Run Behavior\BuildLiteBehavior [ RunTime:0.000058s ]
INFO: [ app_init ] --END-- [ RunTime:0.000753s ]
ERR: 无法加载模块:Uploads

[ 2016-04-26T21:48:25+08:00 ] ::1 /yimishop/Uploads/goods/20160319/M_14583519271_160x160.png
INFO: [ app_init ] --START--
INFO: Run Behavior\BuildLiteBehavior [ RunTime:0.000053s ]
INFO: [ app_init ] --END-- [ RunTime:0.000821s ]
ERR: 无法加载模块:Uploads

[ 2016-04-26T21:48:25+08:00 ] ::1 /yimishop/Uploads/goods/20160318/M_14582798784_160x160.jpg
INFO: [ app_init ] --START--
INFO: Run Behavior\BuildLiteBehavior [ RunTime:0.000032s ]
INFO: [ app_init ] --END-- [ RunTime:0.000470s ]
ERR: 无法加载模块:Uploads

[ 2016-04-26T21:48:27+08:00 ] ::1 /yimishop/Uploads/goods/20160319/M_14583519993_160x160.jpg
INFO: [ app_init ] --START--
INFO: Run Behavior\BuildLiteBehavior [ RunTime:0.000050s ]
INFO: [ app_init ] --END-- [ RunTime:0.000656s ]
ERR: 无法加载模块:Uploads

[ 2016-04-26T21:48:27+08:00 ] ::1 /yimishop/Uploads/goods/20160319/M_14583518629_160x160.png
INFO: [ app_init ] --START--
INFO: Run Behavior\BuildLiteBehavior [ RunTime:0.000049s ]
INFO: [ app_init ] --END-- [ RunTime:0.000615s ]
ERR: 无法加载模块:Uploads

[ 2016-04-26T21:48:27+08:00 ] ::1 /yimishop/Uploads/goods/20160319/M_14583519271_160x160.png
INFO: [ app_init ] --START--
INFO: Run Behavior\BuildLiteBehavior [ RunTime:0.000051s ]
INFO: [ app_init ] --END-- [ RunTime:0.000650s ]
ERR: 无法加载模块:Uploads

[ 2016-04-26T21:48:27+08:00 ] ::1 /yimishop/Uploads/goods/20160318/M_14582807596_160x160.jpg
INFO: [ app_init ] --START--
INFO: Run Behavior\BuildLiteBehavior [ RunTime:0.000056s ]
INFO: [ app_init ] --END-- [ RunTime:0.000655s ]
ERR: 无法加载模块:Uploads

[ 2016-04-26T21:48:27+08:00 ] ::1 /yimishop/Uploads/goods/20160318/M_14582798784_160x160.jpg
INFO: [ app_init ] --START--
INFO: Run Behavior\BuildLiteBehavior [ RunTime:0.000030s ]
INFO: [ app_init ] --END-- [ RunTime:0.000447s ]
ERR: 无法加载模块:Uploads

[ 2016-04-26T21:49:02+08:00 ] ::1 /yimishop/Uploads/goods/20160318/M_14582807596_160x160.jpg
INFO: [ app_init ] --START--
INFO: Run Behavior\BuildLiteBehavior [ RunTime:0.000057s ]
INFO: [ app_init ] --END-- [ RunTime:0.000676s ]
ERR: 无法加载模块:Uploads

[ 2016-04-26T21:49:02+08:00 ] ::1 /yimishop/Uploads/goods/20160319/M_14583519993_160x160.jpg
INFO: [ app_init ] --START--
INFO: Run Behavior\BuildLiteBehavior [ RunTime:0.000055s ]
INFO: [ app_init ] --END-- [ RunTime:0.000658s ]
ERR: 无法加载模块:Uploads

[ 2016-04-26T21:49:02+08:00 ] ::1 /yimishop/Uploads/goods/20160319/M_14583519271_160x160.png
INFO: [ app_init ] --START--
INFO: Run Behavior\BuildLiteBehavior [ RunTime:0.000050s ]
INFO: [ app_init ] --END-- [ RunTime:0.000643s ]
ERR: 无法加载模块:Uploads

[ 2016-04-26T21:49:02+08:00 ] ::1 /yimishop/Uploads/goods/20160319/M_14583518629_160x160.png
INFO: [ app_init ] --START--
INFO: Run Behavior\BuildLiteBehavior [ RunTime:0.000053s ]
INFO: [ app_init ] --END-- [ RunTime:0.000723s ]
ERR: 无法加载模块:Uploads

[ 2016-04-26T21:49:02+08:00 ] ::1 /yimishop/Uploads/goods/20160318/M_14582798784_160x160.jpg
INFO: [ app_init ] --START--
INFO: Run Behavior\BuildLiteBehavior [ RunTime:0.000108s ]
INFO: [ app_init ] --END-- [ RunTime:0.001006s ]
ERR: 无法加载模块:Uploads

[ 2016-04-26T21:49:34+08:00 ] ::1 /yimishop/Uploads/goods/20160318/M_14582807596_160x160.jpg
INFO: [ app_init ] --START--
INFO: Run Behavior\BuildLiteBehavior [ RunTime:0.000064s ]
INFO: [ app_init ] --END-- [ RunTime:0.000759s ]
ERR: 无法加载模块:Uploads

[ 2016-04-26T21:49:34+08:00 ] ::1 /yimishop/Uploads/goods/20160319/M_14583519271_160x160.png
INFO: [ app_init ] --START--
INFO: Run Behavior\BuildLiteBehavior [ RunTime:0.000059s ]
INFO: [ app_init ] --END-- [ RunTime:0.000751s ]
ERR: 无法加载模块:Uploads

[ 2016-04-26T21:49:34+08:00 ] ::1 /yimishop/Uploads/goods/20160318/M_14582798784_160x160.jpg
INFO: [ app_init ] --START--
INFO: Run Behavior\BuildLiteBehavior [ RunTime:0.000063s ]
INFO: [ app_init ] --END-- [ RunTime:0.000755s ]
ERR: 无法加载模块:Uploads

[ 2016-04-26T21:49:34+08:00 ] ::1 /yimishop/Uploads/goods/20160319/M_14583519993_160x160.jpg
INFO: [ app_init ] --START--
INFO: Run Behavior\BuildLiteBehavior [ RunTime:0.000053s ]
INFO: [ app_init ] --END-- [ RunTime:0.000674s ]
ERR: 无法加载模块:Uploads

[ 2016-04-26T21:49:34+08:00 ] ::1 /yimishop/Uploads/goods/20160319/M_14583518629_160x160.png
INFO: [ app_init ] --START--
INFO: Run Behavior\BuildLiteBehavior [ RunTime:0.000030s ]
INFO: [ app_init ] --END-- [ RunTime:0.000436s ]
ERR: 无法加载模块:Uploads

[ 2016-04-26T21:50:02+08:00 ] ::1 /yimishop/Uploads/goods/20160319/M_14583519993_160x160.jpg
INFO: [ app_init ] --START--
INFO: Run Behavior\BuildLiteBehavior [ RunTime:0.000059s ]
INFO: [ app_init ] --END-- [ RunTime:0.000763s ]
ERR: 无法加载模块:Uploads

[ 2016-04-26T21:50:02+08:00 ] ::1 /yimishop/Uploads/goods/20160318/M_14582798784_160x160.jpg
INFO: [ app_init ] --START--
INFO: Run Behavior\BuildLiteBehavior [ RunTime:0.000061s ]
INFO: [ app_init ] --END-- [ RunTime:0.000788s ]
ERR: 无法加载模块:Uploads

[ 2016-04-26T21:50:02+08:00 ] ::1 /yimishop/Uploads/goods/20160318/M_14582807596_160x160.jpg
INFO: [ app_init ] --START--
INFO: Run Behavior\BuildLiteBehavior [ RunTime:0.000061s ]
INFO: [ app_init ] --END-- [ RunTime:0.000731s ]
ERR: 无法加载模块:Uploads

[ 2016-04-26T21:50:02+08:00 ] ::1 /yimishop/Uploads/goods/20160319/M_14583518629_160x160.png
INFO: [ app_init ] --START--
INFO: Run Behavior\BuildLiteBehavior [ RunTime:0.000060s ]
INFO: [ app_init ] --END-- [ RunTime:0.000778s ]
ERR: 无法加载模块:Uploads

[ 2016-04-26T21:50:02+08:00 ] ::1 /yimishop/Uploads/goods/20160319/M_14583519271_160x160.png
INFO: [ app_init ] --START--
INFO: Run Behavior\BuildLiteBehavior [ RunTime:0.000066s ]
INFO: [ app_init ] --END-- [ RunTime:0.000678s ]
ERR: 无法加载模块:Uploads

