[ 2016-05-18T11:43:30+08:00 ] ::1 /yimishop1/
INFO: [ app_init ] --START--
INFO: Run Behavior\BuildLiteBehavior [ RunTime:0.000083s ]
INFO: [ app_init ] --END-- [ RunTime:0.001846s ]
INFO: [ app_begin ] --START--
INFO: Run Behavior\ReadHtmlCacheBehavior [ RunTime:0.002270s ]
INFO: [ app_begin ] --END-- [ RunTime:0.002830s ]
SQL: SHOW COLUMNS FROM `er_goods` [ RunTime:0.0080s ]
SQL: SELECT * FROM `er_goods` ORDER BY g_time desc LIMIT 12   [ RunTime:0.0013s ]
INFO: [ view_parse ] --START--
INFO: [ template_filter ] --START--
INFO: Run Behavior\ContentReplaceBehavior [ RunTime:0.000520s ]
INFO: [ template_filter ] --END-- [ RunTime:0.001053s ]
INFO: Run Behavior\ParseTemplateBehavior [ RunTime:0.031093s ]
INFO: [ view_parse ] --END-- [ RunTime:0.031456s ]
INFO: [ view_filter ] --START--
INFO: Run Behavior\WriteHtmlCacheBehavior [ RunTime:0.001561s ]
INFO: [ view_filter ] --END-- [ RunTime:0.001904s ]
INFO: [ app_end ] --START--
INFO: Run Behavior\ShowPageTraceBehavior [ RunTime:0.003488s ]
INFO: [ app_end ] --END-- [ RunTime:0.004128s ]

[ 2016-05-18T11:43:42+08:00 ] ::1 /yimishop1/
INFO: [ app_init ] --START--
INFO: Run Behavior\BuildLiteBehavior [ RunTime:0.000036s ]
INFO: [ app_init ] --END-- [ RunTime:0.000522s ]
INFO: [ app_begin ] --START--
INFO: Run Behavior\ReadHtmlCacheBehavior [ RunTime:0.000762s ]
INFO: [ app_begin ] --END-- [ RunTime:0.000938s ]
SQL: SHOW COLUMNS FROM `er_goods` [ RunTime:0.0030s ]
SQL: SELECT * FROM `er_goods` ORDER BY g_time desc LIMIT 12   [ RunTime:0.0006s ]
INFO: [ view_parse ] --START--
INFO: [ template_filter ] --START--
INFO: Run Behavior\ContentReplaceBehavior [ RunTime:0.000185s ]
INFO: [ template_filter ] --END-- [ RunTime:0.000367s ]
INFO: Run Behavior\ParseTemplateBehavior [ RunTime:0.013504s ]
INFO: [ view_parse ] --END-- [ RunTime:0.013680s ]
INFO: [ view_filter ] --START--
INFO: Run Behavior\WriteHtmlCacheBehavior [ RunTime:0.000563s ]
INFO: [ view_filter ] --END-- [ RunTime:0.000731s ]
INFO: [ app_end ] --START--
INFO: Run Behavior\ShowPageTraceBehavior [ RunTime:0.001025s ]
INFO: [ app_end ] --END-- [ RunTime:0.001223s ]

[ 2016-05-18T11:43:44+08:00 ] ::1 /yimishop1/
INFO: [ app_init ] --START--
INFO: Run Behavior\BuildLiteBehavior [ RunTime:0.000037s ]
INFO: [ app_init ] --END-- [ RunTime:0.000521s ]
INFO: [ app_begin ] --START--
INFO: Run Behavior\ReadHtmlCacheBehavior [ RunTime:0.000820s ]
INFO: [ app_begin ] --END-- [ RunTime:0.001056s ]
SQL: SHOW COLUMNS FROM `er_goods` [ RunTime:0.0036s ]
SQL: SELECT * FROM `er_goods` ORDER BY g_time desc LIMIT 12   [ RunTime:0.0007s ]
INFO: [ view_parse ] --START--
INFO: [ template_filter ] --START--
INFO: Run Behavior\ContentReplaceBehavior [ RunTime:0.000147s ]
INFO: [ template_filter ] --END-- [ RunTime:0.000293s ]
INFO: Run Behavior\ParseTemplateBehavior [ RunTime:0.012956s ]
INFO: [ view_parse ] --END-- [ RunTime:0.013117s ]
INFO: [ view_filter ] --START--
INFO: Run Behavior\WriteHtmlCacheBehavior [ RunTime:0.000482s ]
INFO: [ view_filter ] --END-- [ RunTime:0.000615s ]
INFO: [ app_end ] --START--
INFO: Run Behavior\ShowPageTraceBehavior [ RunTime:0.000956s ]
INFO: [ app_end ] --END-- [ RunTime:0.001176s ]

[ 2016-05-18T11:47:00+08:00 ] ::1 /yimishop1/
INFO: [ app_init ] --START--
INFO: Run Behavior\BuildLiteBehavior [ RunTime:0.000036s ]
INFO: [ app_init ] --END-- [ RunTime:0.000526s ]
INFO: [ app_begin ] --START--
INFO: Run Behavior\ReadHtmlCacheBehavior [ RunTime:0.000779s ]
INFO: [ app_begin ] --END-- [ RunTime:0.000955s ]
SQL: SHOW COLUMNS FROM `er_goods` [ RunTime:0.0035s ]
SQL: SELECT * FROM `er_goods` ORDER BY g_time desc LIMIT 12   [ RunTime:0.0010s ]
INFO: [ view_parse ] --START--
INFO: [ template_filter ] --START--
INFO: Run Behavior\ContentReplaceBehavior [ RunTime:0.000181s ]
INFO: [ template_filter ] --END-- [ RunTime:0.000358s ]
INFO: Run Behavior\ParseTemplateBehavior [ RunTime:0.013321s ]
INFO: [ view_parse ] --END-- [ RunTime:0.013524s ]
INFO: [ view_filter ] --START--
INFO: Run Behavior\WriteHtmlCacheBehavior [ RunTime:0.000569s ]
INFO: [ view_filter ] --END-- [ RunTime:0.000736s ]
INFO: [ app_end ] --START--
INFO: Run Behavior\ShowPageTraceBehavior [ RunTime:0.001131s ]
INFO: [ app_end ] --END-- [ RunTime:0.001378s ]

[ 2016-05-18T13:25:12+08:00 ] ::1 /yimishop1/
INFO: [ app_init ] --START--
INFO: Run Behavior\BuildLiteBehavior [ RunTime:0.000058s ]
INFO: [ app_init ] --END-- [ RunTime:0.000915s ]
INFO: [ app_begin ] --START--
INFO: Run Behavior\ReadHtmlCacheBehavior [ RunTime:0.001243s ]
INFO: [ app_begin ] --END-- [ RunTime:0.001570s ]
SQL: SHOW COLUMNS FROM `er_goods` [ RunTime:0.0068s ]
SQL: SELECT * FROM `er_goods` ORDER BY g_time desc LIMIT 12   [ RunTime:0.0011s ]
INFO: [ view_parse ] --START--
INFO: [ template_filter ] --START--
INFO: Run Behavior\ContentReplaceBehavior [ RunTime:0.000282s ]
INFO: [ template_filter ] --END-- [ RunTime:0.000580s ]
NOTIC: [8] Undefined index: account G:\wamp\www\yimishop1\Thinkshop\Runtime\Cache\Home\172b237dad6c19ecd19d3f49b4a85426.php 第 121 行.
INFO: Run Behavior\ParseTemplateBehavior [ RunTime:0.022353s ]
INFO: [ view_parse ] --END-- [ RunTime:0.022654s ]
INFO: [ view_filter ] --START--
INFO: Run Behavior\WriteHtmlCacheBehavior [ RunTime:0.001617s ]
INFO: [ view_filter ] --END-- [ RunTime:0.001893s ]
INFO: [ app_end ] --START--
INFO: Run Behavior\ShowPageTraceBehavior [ RunTime:0.001235s ]
INFO: [ app_end ] --END-- [ RunTime:0.001520s ]

[ 2016-05-18T13:25:20+08:00 ] ::1 /yimishop1/
INFO: [ app_init ] --START--
INFO: Run Behavior\BuildLiteBehavior [ RunTime:0.000059s ]
INFO: [ app_init ] --END-- [ RunTime:0.000827s ]
INFO: [ app_begin ] --START--
INFO: Run Behavior\ReadHtmlCacheBehavior [ RunTime:0.000886s ]
INFO: [ app_begin ] --END-- [ RunTime:0.001103s ]
SQL: SHOW COLUMNS FROM `er_goods` [ RunTime:0.0027s ]
SQL: SELECT * FROM `er_goods` ORDER BY g_time desc LIMIT 12   [ RunTime:0.0005s ]
INFO: [ view_parse ] --START--
INFO: [ template_filter ] --START--
INFO: Run Behavior\ContentReplaceBehavior [ RunTime:0.000157s ]
INFO: [ template_filter ] --END-- [ RunTime:0.000308s ]
NOTIC: [8] Undefined index: account G:\wamp\www\yimishop1\Thinkshop\Runtime\Cache\Home\172b237dad6c19ecd19d3f49b4a85426.php 第 121 行.
INFO: Run Behavior\ParseTemplateBehavior [ RunTime:0.011540s ]
INFO: [ view_parse ] --END-- [ RunTime:0.011685s ]
INFO: [ view_filter ] --START--
INFO: Run Behavior\WriteHtmlCacheBehavior [ RunTime:0.000400s ]
INFO: [ view_filter ] --END-- [ RunTime:0.000536s ]
INFO: [ app_end ] --START--
INFO: Run Behavior\ShowPageTraceBehavior [ RunTime:0.001072s ]
INFO: [ app_end ] --END-- [ RunTime:0.001304s ]

[ 2016-05-18T13:25:21+08:00 ] ::1 /yimishop1/Home/Index/login
INFO: [ app_init ] --START--
INFO: Run Behavior\BuildLiteBehavior [ RunTime:0.000050s ]
INFO: [ app_init ] --END-- [ RunTime:0.000665s ]
INFO: [ app_begin ] --START--
INFO: Run Behavior\ReadHtmlCacheBehavior [ RunTime:0.000848s ]
INFO: [ app_begin ] --END-- [ RunTime:0.001110s ]
SQL: SHOW COLUMNS FROM `er_user` [ RunTime:0.0029s ]
INFO: [ view_parse ] --START--
INFO: [ template_filter ] --START--
INFO: Run Behavior\ContentReplaceBehavior [ RunTime:0.000111s ]
INFO: [ template_filter ] --END-- [ RunTime:0.000267s ]
NOTIC: [8] Undefined index: pwd G:\wamp\www\yimishop1\Thinkshop\Runtime\Cache\Home\76529125346a20bd00a90797650567e4.php 第 40 行.
NOTIC: [8] Undefined index: remember G:\wamp\www\yimishop1\Thinkshop\Runtime\Cache\Home\76529125346a20bd00a90797650567e4.php 第 46 行.
INFO: Run Behavior\ParseTemplateBehavior [ RunTime:0.029405s ]
INFO: [ view_parse ] --END-- [ RunTime:0.029611s ]
INFO: [ view_filter ] --START--
INFO: Run Behavior\WriteHtmlCacheBehavior [ RunTime:0.000639s ]
INFO: [ view_filter ] --END-- [ RunTime:0.000888s ]
INFO: [ app_end ] --START--
INFO: Run Behavior\ShowPageTraceBehavior [ RunTime:0.000899s ]
INFO: [ app_end ] --END-- [ RunTime:0.001142s ]

[ 2016-05-18T13:25:30+08:00 ] ::1 /yimishop1/Home/Index/login
INFO: [ app_init ] --START--
INFO: Run Behavior\BuildLiteBehavior [ RunTime:0.000035s ]
INFO: [ app_init ] --END-- [ RunTime:0.000515s ]
INFO: [ app_begin ] --START--
INFO: Run Behavior\ReadHtmlCacheBehavior [ RunTime:0.000642s ]
INFO: [ app_begin ] --END-- [ RunTime:0.000818s ]
SQL: SHOW COLUMNS FROM `er_user` [ RunTime:0.0026s ]
SQL: SELECT `id`,`account`,`username`,`is_approve`,`face` FROM `er_user` WHERE `account` = '2425399474@qq.com' AND `pwd` = '96e79218965eb72c92a549dd5a330112' LIMIT 1   [ RunTime:0.0003s ]

[ 2016-05-18T13:25:30+08:00 ] ::1 /yimishop1/Home/Index/index.html
INFO: [ app_init ] --START--
INFO: Run Behavior\BuildLiteBehavior [ RunTime:0.000051s ]
INFO: [ app_init ] --END-- [ RunTime:0.000726s ]
INFO: [ app_begin ] --START--
INFO: Run Behavior\ReadHtmlCacheBehavior [ RunTime:0.002943s ]
INFO: [ app_begin ] --END-- [ RunTime:0.003950s ]
SQL: SHOW COLUMNS FROM `er_goods` [ RunTime:0.0039s ]
SQL: SELECT * FROM `er_goods` ORDER BY g_time desc LIMIT 12   [ RunTime:0.0009s ]
INFO: [ view_parse ] --START--
INFO: [ template_filter ] --START--
INFO: Run Behavior\ContentReplaceBehavior [ RunTime:0.000245s ]
INFO: [ template_filter ] --END-- [ RunTime:0.000535s ]
INFO: Run Behavior\ParseTemplateBehavior [ RunTime:0.016833s ]
INFO: [ view_parse ] --END-- [ RunTime:0.017089s ]
INFO: [ view_filter ] --START--
INFO: Run Behavior\WriteHtmlCacheBehavior [ RunTime:0.000868s ]
INFO: [ view_filter ] --END-- [ RunTime:0.001030s ]
INFO: [ app_end ] --START--
INFO: Run Behavior\ShowPageTraceBehavior [ RunTime:0.001447s ]
INFO: [ app_end ] --END-- [ RunTime:0.001764s ]

[ 2016-05-18T13:25:34+08:00 ] ::1 /yimishop1/Home/Index/index.html
INFO: [ app_init ] --START--
INFO: Run Behavior\BuildLiteBehavior [ RunTime:0.000037s ]
INFO: [ app_init ] --END-- [ RunTime:0.000529s ]
INFO: [ app_begin ] --START--
INFO: Run Behavior\ReadHtmlCacheBehavior [ RunTime:0.000895s ]
INFO: [ app_begin ] --END-- [ RunTime:0.001266s ]
SQL: SHOW COLUMNS FROM `er_goods` [ RunTime:0.0025s ]
SQL: SELECT * FROM `er_goods` ORDER BY g_time desc LIMIT 12   [ RunTime:0.0005s ]
INFO: [ view_parse ] --START--
INFO: [ template_filter ] --START--
INFO: Run Behavior\ContentReplaceBehavior [ RunTime:0.000155s ]
INFO: [ template_filter ] --END-- [ RunTime:0.000307s ]
INFO: Run Behavior\ParseTemplateBehavior [ RunTime:0.012038s ]
INFO: [ view_parse ] --END-- [ RunTime:0.012188s ]
INFO: [ view_filter ] --START--
INFO: Run Behavior\WriteHtmlCacheBehavior [ RunTime:0.000403s ]
INFO: [ view_filter ] --END-- [ RunTime:0.000538s ]
INFO: [ app_end ] --START--
INFO: Run Behavior\ShowPageTraceBehavior [ RunTime:0.000646s ]
INFO: [ app_end ] --END-- [ RunTime:0.000823s ]

[ 2016-05-18T13:25:45+08:00 ] ::1 /yimishop1/Home/Product/detail/gid/59
INFO: [ app_init ] --START--
INFO: Run Behavior\BuildLiteBehavior [ RunTime:0.000058s ]
INFO: [ app_init ] --END-- [ RunTime:0.000910s ]
INFO: [ app_begin ] --START--
INFO: Run Behavior\ReadHtmlCacheBehavior [ RunTime:0.001086s ]
INFO: [ app_begin ] --END-- [ RunTime:0.001485s ]
SQL: SHOW COLUMNS FROM `er_goods` [ RunTime:0.0032s ]
SQL: SHOW COLUMNS FROM `er_comm` [ RunTime:0.0027s ]
SQL: SHOW COLUMNS FROM `er_activities` [ RunTime:0.0028s ]
SQL: SELECT er_goods.*,er_user.username,er_school.school FROM `er_goods` LEFT JOIN er_user ON er_goods.uid=er_user.id LEFT JOIN er_school ON er_school.id=er_user.scid  WHERE er_goods.id = '59' LIMIT 1   [ RunTime:0.0005s ]
SQL: SELECT `id`,`g_name`,`g_img`,`price` FROM `er_goods` WHERE (  `g_name` LIKE '%出售gmat、toefl复习资料%' OR `cid` = '9' ) AND `id` <> '59'  [ RunTime:0.0003s ]
SQL: SELECT `id`,`g_name`,`g_img`,`price` FROM `er_goods` WHERE `uid` = 6 LIMIT 3   [ RunTime:0.0002s ]
SQL: SELECT * FROM `er_comm` WHERE `co_gid` = 59  [ RunTime:0.0003s ]
INFO: [ view_parse ] --START--
INFO: [ template_filter ] --START--
INFO: Run Behavior\ContentReplaceBehavior [ RunTime:0.000223s ]
INFO: [ template_filter ] --END-- [ RunTime:0.000381s ]
NOTIC: [8] Undefined variable: godact G:\wamp\www\yimishop1\Thinkshop\Runtime\Cache\Home\7b8cdf4d07265972ccb74f36dff10e65.php 第 174 行.
NOTIC: [8] Undefined variable: godact G:\wamp\www\yimishop1\Thinkshop\Runtime\Cache\Home\7b8cdf4d07265972ccb74f36dff10e65.php 第 182 行.
NOTIC: [8] Undefined variable: godact G:\wamp\www\yimishop1\Thinkshop\Runtime\Cache\Home\7b8cdf4d07265972ccb74f36dff10e65.php 第 183 行.
NOTIC: [8] Undefined variable: godact G:\wamp\www\yimishop1\Thinkshop\Runtime\Cache\Home\7b8cdf4d07265972ccb74f36dff10e65.php 第 184 行.
NOTIC: [8] Undefined variable: godact G:\wamp\www\yimishop1\Thinkshop\Runtime\Cache\Home\7b8cdf4d07265972ccb74f36dff10e65.php 第 185 行.
NOTIC: [8] Undefined variable: godact G:\wamp\www\yimishop1\Thinkshop\Runtime\Cache\Home\7b8cdf4d07265972ccb74f36dff10e65.php 第 186 行.
INFO: Run Behavior\ParseTemplateBehavior [ RunTime:0.032012s ]
INFO: [ view_parse ] --END-- [ RunTime:0.032287s ]
INFO: [ view_filter ] --START--
INFO: Run Behavior\WriteHtmlCacheBehavior [ RunTime:0.000664s ]
INFO: [ view_filter ] --END-- [ RunTime:0.000921s ]
INFO: [ app_end ] --START--
INFO: Run Behavior\ShowPageTraceBehavior [ RunTime:0.000984s ]
INFO: [ app_end ] --END-- [ RunTime:0.001259s ]

