[ 2016-04-21T20:43:08+08:00 ] ::1 /yimishop/
INFO: [ app_init ] --START--
INFO: Run Behavior\BuildLiteBehavior [ RunTime:0.000035s ]
INFO: [ app_init ] --END-- [ RunTime:0.000581s ]
INFO: [ app_begin ] --START--
INFO: Run Behavior\ReadHtmlCacheBehavior [ RunTime:0.000633s ]
INFO: [ app_begin ] --END-- [ RunTime:0.000818s ]
SQL: SHOW COLUMNS FROM `er_goods` [ RunTime:0.0361s ]
SQL: SELECT * FROM `er_goods` ORDER BY g_time desc  [ RunTime:0.0007s ]
INFO: [ view_parse ] --START--
INFO: [ template_filter ] --START--
INFO: Run Behavior\ContentReplaceBehavior [ RunTime:0.000187s ]
INFO: [ template_filter ] --END-- [ RunTime:0.000418s ]
NOTIC: [8] Undefined index: account G:\wamp\www\yimishop\Thinkshop\Runtime\Cache\Home\172b237dad6c19ecd19d3f49b4a85426.php 第 122 行.
INFO: Run Behavior\ParseTemplateBehavior [ RunTime:0.013454s ]
INFO: [ view_parse ] --END-- [ RunTime:0.013639s ]
INFO: [ view_filter ] --START--
INFO: Run Behavior\WriteHtmlCacheBehavior [ RunTime:0.000457s ]
INFO: [ view_filter ] --END-- [ RunTime:0.000617s ]
INFO: [ app_end ] --START--
INFO: Run Behavior\ShowPageTraceBehavior [ RunTime:0.000713s ]
INFO: [ app_end ] --END-- [ RunTime:0.000902s ]

[ 2016-04-21T20:50:57+08:00 ] ::1 /yimishop/Home/Index/login
INFO: [ app_init ] --START--
INFO: Run Behavior\BuildLiteBehavior [ RunTime:0.000040s ]
INFO: [ app_init ] --END-- [ RunTime:0.000615s ]
INFO: [ app_begin ] --START--
INFO: Run Behavior\ReadHtmlCacheBehavior [ RunTime:0.000637s ]
INFO: [ app_begin ] --END-- [ RunTime:0.000826s ]
SQL: SHOW COLUMNS FROM `er_user` [ RunTime:0.0395s ]
INFO: [ view_parse ] --START--
INFO: [ template_filter ] --START--
INFO: Run Behavior\ContentReplaceBehavior [ RunTime:0.000137s ]
INFO: [ template_filter ] --END-- [ RunTime:0.000347s ]
NOTIC: [8] Undefined index: pwd G:\wamp\www\yimishop\Thinkshop\Runtime\Cache\Home\76529125346a20bd00a90797650567e4.php 第 40 行.
NOTIC: [8] Undefined index: remember G:\wamp\www\yimishop\Thinkshop\Runtime\Cache\Home\76529125346a20bd00a90797650567e4.php 第 46 行.
INFO: Run Behavior\ParseTemplateBehavior [ RunTime:0.009430s ]
INFO: [ view_parse ] --END-- [ RunTime:0.009599s ]
INFO: [ view_filter ] --START--
INFO: Run Behavior\WriteHtmlCacheBehavior [ RunTime:0.000383s ]
INFO: [ view_filter ] --END-- [ RunTime:0.000558s ]
INFO: [ app_end ] --START--
INFO: Run Behavior\ShowPageTraceBehavior [ RunTime:0.000589s ]
INFO: [ app_end ] --END-- [ RunTime:0.000765s ]

[ 2016-04-21T20:51:06+08:00 ] ::1 /yimishop/Home/Index/login
INFO: [ app_init ] --START--
INFO: Run Behavior\BuildLiteBehavior [ RunTime:0.000032s ]
INFO: [ app_init ] --END-- [ RunTime:0.000479s ]
INFO: [ app_begin ] --START--
INFO: Run Behavior\ReadHtmlCacheBehavior [ RunTime:0.000970s ]
INFO: [ app_begin ] --END-- [ RunTime:0.001260s ]
SQL: SHOW COLUMNS FROM `er_user` [ RunTime:0.0038s ]
SQL: SELECT `id`,`account`,`username` FROM `er_user` WHERE `account` = '2425399474@qq.com' AND `pwd` = '96e79218965eb72c92a549dd5a330112' LIMIT 1   [ RunTime:0.0005s ]

[ 2016-04-21T20:51:06+08:00 ] ::1 /yimishop/Home/Index/index.html
INFO: [ app_init ] --START--
INFO: Run Behavior\BuildLiteBehavior [ RunTime:0.000048s ]
INFO: [ app_init ] --END-- [ RunTime:0.000684s ]
INFO: [ app_begin ] --START--
INFO: Run Behavior\ReadHtmlCacheBehavior [ RunTime:0.000509s ]
INFO: [ app_begin ] --END-- [ RunTime:0.000678s ]
SQL: SHOW COLUMNS FROM `er_goods` [ RunTime:0.0030s ]
SQL: SELECT * FROM `er_goods` ORDER BY g_time desc  [ RunTime:0.0006s ]
INFO: [ view_parse ] --START--
INFO: [ template_filter ] --START--
INFO: Run Behavior\ContentReplaceBehavior [ RunTime:0.000183s ]
INFO: [ template_filter ] --END-- [ RunTime:0.000362s ]
INFO: Run Behavior\ParseTemplateBehavior [ RunTime:0.012757s ]
INFO: [ view_parse ] --END-- [ RunTime:0.012930s ]
INFO: [ view_filter ] --START--
INFO: Run Behavior\WriteHtmlCacheBehavior [ RunTime:0.000260s ]
INFO: [ view_filter ] --END-- [ RunTime:0.000393s ]
INFO: [ app_end ] --START--
INFO: Run Behavior\ShowPageTraceBehavior [ RunTime:0.000480s ]
INFO: [ app_end ] --END-- [ RunTime:0.000628s ]

[ 2016-04-21T21:06:20+08:00 ] ::1 /yimishop/Home/Member/index
INFO: [ app_init ] --START--
INFO: Run Behavior\BuildLiteBehavior [ RunTime:0.000050s ]
INFO: [ app_init ] --END-- [ RunTime:0.000941s ]
INFO: [ app_begin ] --START--
INFO: Run Behavior\ReadHtmlCacheBehavior [ RunTime:0.000769s ]
INFO: [ app_begin ] --END-- [ RunTime:0.000984s ]
SQL: SHOW COLUMNS FROM `er_user` [ RunTime:0.0033s ]
SQL: SHOW COLUMNS FROM `er_goods` [ RunTime:0.0031s ]
SQL: SHOW COLUMNS FROM `er_product_order_pro` [ RunTime:0.0262s ]
SQL: SELECT COUNT(id) num FROM `er_goods` WHERE ( uid=3 ) LIMIT 1   [ RunTime:0.0005s ]
SQL: SELECT COUNT(id) num FROM `er_product_order_pro` WHERE ( buyer_id=3 ) LIMIT 1   [ RunTime:0.0004s ]
SQL: SELECT er_user.*,er_school.school FROM `er_user` LEFT JOIN `er_school` on er_user.scid=er_school.id  WHERE er_user.id = '3' LIMIT 1   [ RunTime:0.0375s ]
INFO: [ view_parse ] --START--
INFO: [ template_filter ] --START--
INFO: Run Behavior\ContentReplaceBehavior [ RunTime:0.000218s ]
INFO: [ template_filter ] --END-- [ RunTime:0.000420s ]
INFO: Run Behavior\ParseTemplateBehavior [ RunTime:0.013480s ]
INFO: [ view_parse ] --END-- [ RunTime:0.013707s ]
INFO: [ view_filter ] --START--
INFO: Run Behavior\WriteHtmlCacheBehavior [ RunTime:0.000389s ]
INFO: [ view_filter ] --END-- [ RunTime:0.000543s ]
SQL: SELECT er_user.*,er_school.school FROM `er_user` LEFT JOIN `er_school` on er_user.scid=er_school.id  WHERE er_user.id = '3' LIMIT 1   [ RunTime:0.0005s ]
SQL: SHOW COLUMNS FROM `er_school` [ RunTime:0.0046s ]
SQL: SELECT * FROM `er_school`  [ RunTime:0.0005s ]
INFO: [ view_parse ] --START--
INFO: [ template_filter ] --START--
INFO: Run Behavior\ContentReplaceBehavior [ RunTime:0.000202s ]
INFO: [ template_filter ] --END-- [ RunTime:-0.016983s ]
NOTIC: [8] Use of undefined constant school - assumed 'school' G:\wamp\www\yimishop\Thinkshop\Runtime\Cache\Home\7a208df919ea68f32b72c9e84e9549fb.php 第 10 行.
NOTIC: [8] Array to string conversion G:\wamp\www\yimishop\Thinkshop\Runtime\Cache\Home\7a208df919ea68f32b72c9e84e9549fb.php 第 10 行.
NOTIC: [8] Use of undefined constant school - assumed 'school' G:\wamp\www\yimishop\Thinkshop\Runtime\Cache\Home\7a208df919ea68f32b72c9e84e9549fb.php 第 10 行.
NOTIC: [8] Array to string conversion G:\wamp\www\yimishop\Thinkshop\Runtime\Cache\Home\7a208df919ea68f32b72c9e84e9549fb.php 第 10 行.
NOTIC: [8] Use of undefined constant school - assumed 'school' G:\wamp\www\yimishop\Thinkshop\Runtime\Cache\Home\7a208df919ea68f32b72c9e84e9549fb.php 第 10 行.
NOTIC: [8] Array to string conversion G:\wamp\www\yimishop\Thinkshop\Runtime\Cache\Home\7a208df919ea68f32b72c9e84e9549fb.php 第 10 行.
NOTIC: [8] Use of undefined constant school - assumed 'school' G:\wamp\www\yimishop\Thinkshop\Runtime\Cache\Home\7a208df919ea68f32b72c9e84e9549fb.php 第 10 行.
NOTIC: [8] Array to string conversion G:\wamp\www\yimishop\Thinkshop\Runtime\Cache\Home\7a208df919ea68f32b72c9e84e9549fb.php 第 10 行.
NOTIC: [8] Use of undefined constant school - assumed 'school' G:\wamp\www\yimishop\Thinkshop\Runtime\Cache\Home\7a208df919ea68f32b72c9e84e9549fb.php 第 10 行.
NOTIC: [8] Array to string conversion G:\wamp\www\yimishop\Thinkshop\Runtime\Cache\Home\7a208df919ea68f32b72c9e84e9549fb.php 第 10 行.
NOTIC: [8] Use of undefined constant school - assumed 'school' G:\wamp\www\yimishop\Thinkshop\Runtime\Cache\Home\7a208df919ea68f32b72c9e84e9549fb.php 第 10 行.
NOTIC: [8] Array to string conversion G:\wamp\www\yimishop\Thinkshop\Runtime\Cache\Home\7a208df919ea68f32b72c9e84e9549fb.php 第 10 行.
NOTIC: [8] Use of undefined constant school - assumed 'school' G:\wamp\www\yimishop\Thinkshop\Runtime\Cache\Home\7a208df919ea68f32b72c9e84e9549fb.php 第 10 行.
NOTIC: [8] Array to string conversion G:\wamp\www\yimishop\Thinkshop\Runtime\Cache\Home\7a208df919ea68f32b72c9e84e9549fb.php 第 10 行.
NOTIC: [8] Use of undefined constant school - assumed 'school' G:\wamp\www\yimishop\Thinkshop\Runtime\Cache\Home\7a208df919ea68f32b72c9e84e9549fb.php 第 10 行.
NOTIC: [8] Array to string conversion G:\wamp\www\yimishop\Thinkshop\Runtime\Cache\Home\7a208df919ea68f32b72c9e84e9549fb.php 第 10 行.
NOTIC: [8] Use of undefined constant school - assumed 'school' G:\wamp\www\yimishop\Thinkshop\Runtime\Cache\Home\7a208df919ea68f32b72c9e84e9549fb.php 第 10 行.
NOTIC: [8] Array to string conversion G:\wamp\www\yimishop\Thinkshop\Runtime\Cache\Home\7a208df919ea68f32b72c9e84e9549fb.php 第 10 行.
NOTIC: [8] Use of undefined constant school - assumed 'school' G:\wamp\www\yimishop\Thinkshop\Runtime\Cache\Home\7a208df919ea68f32b72c9e84e9549fb.php 第 10 行.
NOTIC: [8] Array to string conversion G:\wamp\www\yimishop\Thinkshop\Runtime\Cache\Home\7a208df919ea68f32b72c9e84e9549fb.php 第 10 行.
NOTIC: [8] Use of undefined constant school - assumed 'school' G:\wamp\www\yimishop\Thinkshop\Runtime\Cache\Home\7a208df919ea68f32b72c9e84e9549fb.php 第 10 行.
NOTIC: [8] Array to string conversion G:\wamp\www\yimishop\Thinkshop\Runtime\Cache\Home\7a208df919ea68f32b72c9e84e9549fb.php 第 10 行.
NOTIC: [8] Use of undefined constant school - assumed 'school' G:\wamp\www\yimishop\Thinkshop\Runtime\Cache\Home\7a208df919ea68f32b72c9e84e9549fb.php 第 10 行.
NOTIC: [8] Array to string conversion G:\wamp\www\yimishop\Thinkshop\Runtime\Cache\Home\7a208df919ea68f32b72c9e84e9549fb.php 第 10 行.
NOTIC: [8] Use of undefined constant school - assumed 'school' G:\wamp\www\yimishop\Thinkshop\Runtime\Cache\Home\7a208df919ea68f32b72c9e84e9549fb.php 第 10 行.
NOTIC: [8] Array to string conversion G:\wamp\www\yimishop\Thinkshop\Runtime\Cache\Home\7a208df919ea68f32b72c9e84e9549fb.php 第 10 行.
NOTIC: [8] Use of undefined constant school - assumed 'school' G:\wamp\www\yimishop\Thinkshop\Runtime\Cache\Home\7a208df919ea68f32b72c9e84e9549fb.php 第 10 行.
NOTIC: [8] Array to string conversion G:\wamp\www\yimishop\Thinkshop\Runtime\Cache\Home\7a208df919ea68f32b72c9e84e9549fb.php 第 10 行.
NOTIC: [8] Use of undefined constant school - assumed 'school' G:\wamp\www\yimishop\Thinkshop\Runtime\Cache\Home\7a208df919ea68f32b72c9e84e9549fb.php 第 10 行.
NOTIC: [8] Array to string conversion G:\wamp\www\yimishop\Thinkshop\Runtime\Cache\Home\7a208df919ea68f32b72c9e84e9549fb.php 第 10 行.
NOTIC: [8] Use of undefined constant school - assumed 'school' G:\wamp\www\yimishop\Thinkshop\Runtime\Cache\Home\7a208df919ea68f32b72c9e84e9549fb.php 第 10 行.
NOTIC: [8] Array to string conversion G:\wamp\www\yimishop\Thinkshop\Runtime\Cache\Home\7a208df919ea68f32b72c9e84e9549fb.php 第 10 行.
NOTIC: [8] Use of undefined constant school - assumed 'school' G:\wamp\www\yimishop\Thinkshop\Runtime\Cache\Home\7a208df919ea68f32b72c9e84e9549fb.php 第 10 行.
NOTIC: [8] Array to string conversion G:\wamp\www\yimishop\Thinkshop\Runtime\Cache\Home\7a208df919ea68f32b72c9e84e9549fb.php 第 10 行.
NOTIC: [8] Use of undefined constant school - assumed 'school' G:\wamp\www\yimishop\Thinkshop\Runtime\Cache\Home\7a208df919ea68f32b72c9e84e9549fb.php 第 10 行.
NOTIC: [8] Array to string conversion G:\wamp\www\yimishop\Thinkshop\Runtime\Cache\Home\7a208df919ea68f32b72c9e84e9549fb.php 第 10 行.
NOTIC: [8] Use of undefined constant school - assumed 'school' G:\wamp\www\yimishop\Thinkshop\Runtime\Cache\Home\7a208df919ea68f32b72c9e84e9549fb.php 第 10 行.
NOTIC: [8] Array to string conversion G:\wamp\www\yimishop\Thinkshop\Runtime\Cache\Home\7a208df919ea68f32b72c9e84e9549fb.php 第 10 行.
NOTIC: [8] Use of undefined constant school - assumed 'school' G:\wamp\www\yimishop\Thinkshop\Runtime\Cache\Home\7a208df919ea68f32b72c9e84e9549fb.php 第 10 行.
NOTIC: [8] Array to string conversion G:\wamp\www\yimishop\Thinkshop\Runtime\Cache\Home\7a208df919ea68f32b72c9e84e9549fb.php 第 10 行.
NOTIC: [8] Use of undefined constant school - assumed 'school' G:\wamp\www\yimishop\Thinkshop\Runtime\Cache\Home\7a208df919ea68f32b72c9e84e9549fb.php 第 10 行.
NOTIC: [8] Array to string conversion G:\wamp\www\yimishop\Thinkshop\Runtime\Cache\Home\7a208df919ea68f32b72c9e84e9549fb.php 第 10 行.
INFO: Run Behavior\ParseTemplateBehavior [ RunTime:0.013578s ]
INFO: [ view_parse ] --END-- [ RunTime:-0.009387s ]
INFO: [ view_filter ] --START--
INFO: Run Behavior\WriteHtmlCacheBehavior [ RunTime:0.000082s ]
INFO: [ view_filter ] --END-- [ RunTime:-0.022763s ]
NOTIC: [2] Cannot modify header information - headers already sent by (output started at G:\wamp\www\yimishop\ThinkPHP\Library\Think\View.class.php:95) G:\wamp\www\yimishop\ThinkPHP\Library\Think\View.class.php 第 91 行.
NOTIC: [2] Cannot modify header information - headers already sent by (output started at G:\wamp\www\yimishop\ThinkPHP\Library\Think\View.class.php:95) G:\wamp\www\yimishop\ThinkPHP\Library\Think\View.class.php 第 92 行.
NOTIC: [2] Cannot modify header information - headers already sent by (output started at G:\wamp\www\yimishop\ThinkPHP\Library\Think\View.class.php:95) G:\wamp\www\yimishop\ThinkPHP\Library\Think\View.class.php 第 93 行.
INFO: [ app_end ] --START--
INFO: Run Behavior\ShowPageTraceBehavior [ RunTime:0.000884s ]
INFO: [ app_end ] --END-- [ RunTime:0.001047s ]

[ 2016-04-21T21:18:58+08:00 ] ::1 /yimishop/
INFO: [ app_init ] --START--
INFO: Run Behavior\BuildLiteBehavior [ RunTime:0.000037s ]
INFO: [ app_init ] --END-- [ RunTime:0.000559s ]
INFO: [ app_begin ] --START--
INFO: Run Behavior\ReadHtmlCacheBehavior [ RunTime:0.000618s ]
INFO: [ app_begin ] --END-- [ RunTime:0.000829s ]
SQL: SHOW COLUMNS FROM `er_goods` [ RunTime:0.0039s ]
SQL: SELECT * FROM `er_goods` ORDER BY g_time desc  [ RunTime:0.0007s ]
INFO: [ view_parse ] --START--
INFO: [ template_filter ] --START--
INFO: Run Behavior\ContentReplaceBehavior [ RunTime:0.000226s ]
INFO: [ template_filter ] --END-- [ RunTime:0.000400s ]
INFO: Run Behavior\ParseTemplateBehavior [ RunTime:0.013695s ]
INFO: [ view_parse ] --END-- [ RunTime:0.014028s ]
INFO: [ view_filter ] --START--
INFO: Run Behavior\WriteHtmlCacheBehavior [ RunTime:0.000582s ]
INFO: [ view_filter ] --END-- [ RunTime:0.000753s ]
INFO: [ app_end ] --START--
INFO: Run Behavior\ShowPageTraceBehavior [ RunTime:0.000752s ]
INFO: [ app_end ] --END-- [ RunTime:0.001017s ]

[ 2016-04-21T21:19:04+08:00 ] ::1 /yimishop/Home/Product/lists/cid/4
INFO: [ app_init ] --START--
INFO: Run Behavior\BuildLiteBehavior [ RunTime:0.000039s ]
INFO: [ app_init ] --END-- [ RunTime:0.000501s ]
INFO: [ app_begin ] --START--
INFO: Run Behavior\ReadHtmlCacheBehavior [ RunTime:0.000634s ]
INFO: [ app_begin ] --END-- [ RunTime:0.000825s ]
SQL: SHOW COLUMNS FROM `er_goods` [ RunTime:0.0033s ]
SQL: SELECT * FROM `er_goods` WHERE `cid` = '4'  [ RunTime:0.0004s ]
INFO: [ view_parse ] --START--
INFO: [ template_filter ] --START--
INFO: Run Behavior\ContentReplaceBehavior [ RunTime:0.000208s ]
INFO: [ template_filter ] --END-- [ RunTime:0.000417s ]
INFO: Run Behavior\ParseTemplateBehavior [ RunTime:0.014958s ]
INFO: [ view_parse ] --END-- [ RunTime:0.015211s ]
INFO: [ view_filter ] --START--
INFO: Run Behavior\WriteHtmlCacheBehavior [ RunTime:0.000522s ]
INFO: [ view_filter ] --END-- [ RunTime:0.000710s ]
INFO: [ app_end ] --START--
INFO: Run Behavior\ShowPageTraceBehavior [ RunTime:0.000878s ]
INFO: [ app_end ] --END-- [ RunTime:0.001053s ]

[ 2016-04-21T21:19:05+08:00 ] ::1 /yimishop/
INFO: [ app_init ] --START--
INFO: Run Behavior\BuildLiteBehavior [ RunTime:0.000037s ]
INFO: [ app_init ] --END-- [ RunTime:0.000490s ]
INFO: [ app_begin ] --START--
INFO: Run Behavior\ReadHtmlCacheBehavior [ RunTime:0.000657s ]
INFO: [ app_begin ] --END-- [ RunTime:0.000880s ]
SQL: SHOW COLUMNS FROM `er_goods` [ RunTime:0.0036s ]
SQL: SELECT * FROM `er_goods` ORDER BY g_time desc  [ RunTime:0.0006s ]
INFO: [ view_parse ] --START--
INFO: [ template_filter ] --START--
INFO: Run Behavior\ContentReplaceBehavior [ RunTime:0.000202s ]
INFO: [ template_filter ] --END-- [ RunTime:0.000398s ]
INFO: Run Behavior\ParseTemplateBehavior [ RunTime:0.013490s ]
INFO: [ view_parse ] --END-- [ RunTime:0.013691s ]
INFO: [ view_filter ] --START--
INFO: Run Behavior\WriteHtmlCacheBehavior [ RunTime:0.000301s ]
INFO: [ view_filter ] --END-- [ RunTime:0.000468s ]
INFO: [ app_end ] --START--
INFO: Run Behavior\ShowPageTraceBehavior [ RunTime:0.000629s ]
INFO: [ app_end ] --END-- [ RunTime:0.000940s ]

[ 2016-04-21T21:19:09+08:00 ] ::1 /yimishop/Home/Product/detail/gid/33
INFO: [ app_init ] --START--
INFO: Run Behavior\BuildLiteBehavior [ RunTime:0.000069s ]
INFO: [ app_init ] --END-- [ RunTime:0.000802s ]
INFO: [ app_begin ] --START--
INFO: Run Behavior\ReadHtmlCacheBehavior [ RunTime:0.000932s ]
INFO: [ app_begin ] --END-- [ RunTime:0.001293s ]
SQL: SHOW COLUMNS FROM `er_goods` [ RunTime:0.0032s ]
SQL: SHOW COLUMNS FROM `er_comm` [ RunTime:0.0400s ]
SQL: SHOW COLUMNS FROM `er_activities` [ RunTime:0.0437s ]
SQL: SELECT er_goods.*,er_user.username,er_school.school FROM `er_goods` LEFT JOIN er_user ON er_goods.uid=er_user.id LEFT JOIN er_school ON er_school.id=er_user.scid  WHERE er_goods.id = '33' LIMIT 1   [ RunTime:0.0004s ]
SQL: SELECT `id`,`g_name`,`g_img`,`price` FROM `er_goods` WHERE (  `g_name` LIKE '%相宜本草%' OR `cid` = '10' ) AND `id` <> '33'  [ RunTime:0.0011s ]
SQL: SELECT `id`,`g_name`,`g_img`,`price` FROM `er_goods` WHERE `uid` = 3 LIMIT 4   [ RunTime:0.0005s ]
SQL: SELECT * FROM `er_comm` WHERE `co_gid` = 33  [ RunTime:0.0004s ]
INFO: [ view_parse ] --START--
INFO: [ template_filter ] --START--
INFO: Run Behavior\ContentReplaceBehavior [ RunTime:0.000401s ]
INFO: [ template_filter ] --END-- [ RunTime:0.000747s ]
NOTIC: [8] Undefined variable: godact G:\wamp\www\yimishop\Thinkshop\Runtime\Cache\Home\7b8cdf4d07265972ccb74f36dff10e65.php 第 173 行.
NOTIC: [8] Undefined variable: godact G:\wamp\www\yimishop\Thinkshop\Runtime\Cache\Home\7b8cdf4d07265972ccb74f36dff10e65.php 第 181 行.
NOTIC: [8] Undefined variable: godact G:\wamp\www\yimishop\Thinkshop\Runtime\Cache\Home\7b8cdf4d07265972ccb74f36dff10e65.php 第 183 行.
NOTIC: [8] Undefined variable: godact G:\wamp\www\yimishop\Thinkshop\Runtime\Cache\Home\7b8cdf4d07265972ccb74f36dff10e65.php 第 184 行.
NOTIC: [8] Undefined variable: godact G:\wamp\www\yimishop\Thinkshop\Runtime\Cache\Home\7b8cdf4d07265972ccb74f36dff10e65.php 第 185 行.
NOTIC: [8] Undefined variable: godact G:\wamp\www\yimishop\Thinkshop\Runtime\Cache\Home\7b8cdf4d07265972ccb74f36dff10e65.php 第 186 行.
NOTIC: [8] Undefined variable: godact G:\wamp\www\yimishop\Thinkshop\Runtime\Cache\Home\7b8cdf4d07265972ccb74f36dff10e65.php 第 187 行.
INFO: Run Behavior\ParseTemplateBehavior [ RunTime:0.025079s ]
INFO: [ view_parse ] --END-- [ RunTime:0.025241s ]
INFO: [ view_filter ] --START--
INFO: Run Behavior\WriteHtmlCacheBehavior [ RunTime:0.000382s ]
INFO: [ view_filter ] --END-- [ RunTime:0.000517s ]
INFO: [ app_end ] --START--
INFO: Run Behavior\ShowPageTraceBehavior [ RunTime:0.001194s ]
INFO: [ app_end ] --END-- [ RunTime:0.001418s ]

[ 2016-04-21T21:19:20+08:00 ] ::1 /yimishop/
INFO: [ app_init ] --START--
INFO: Run Behavior\BuildLiteBehavior [ RunTime:0.000061s ]
INFO: [ app_init ] --END-- [ RunTime:0.000621s ]
INFO: [ app_begin ] --START--
INFO: Run Behavior\ReadHtmlCacheBehavior [ RunTime:0.000505s ]
INFO: [ app_begin ] --END-- [ RunTime:0.000756s ]
SQL: SHOW COLUMNS FROM `er_goods` [ RunTime:0.0034s ]
SQL: SELECT * FROM `er_goods` ORDER BY g_time desc  [ RunTime:0.0007s ]
INFO: [ view_parse ] --START--
INFO: [ template_filter ] --START--
INFO: Run Behavior\ContentReplaceBehavior [ RunTime:0.000191s ]
INFO: [ template_filter ] --END-- [ RunTime:0.000387s ]
INFO: Run Behavior\ParseTemplateBehavior [ RunTime:0.013313s ]
INFO: [ view_parse ] --END-- [ RunTime:0.013545s ]
INFO: [ view_filter ] --START--
INFO: Run Behavior\WriteHtmlCacheBehavior [ RunTime:0.000407s ]
INFO: [ view_filter ] --END-- [ RunTime:0.000574s ]
INFO: [ app_end ] --START--
INFO: Run Behavior\ShowPageTraceBehavior [ RunTime:0.000839s ]
INFO: [ app_end ] --END-- [ RunTime:0.001136s ]

[ 2016-04-21T21:19:22+08:00 ] ::1 /yimishop/Home/Product/detail/gid/33
INFO: [ app_init ] --START--
INFO: Run Behavior\BuildLiteBehavior [ RunTime:0.000064s ]
INFO: [ app_init ] --END-- [ RunTime:0.000784s ]
INFO: [ app_begin ] --START--
INFO: Run Behavior\ReadHtmlCacheBehavior [ RunTime:0.000798s ]
INFO: [ app_begin ] --END-- [ RunTime:0.001122s ]
SQL: SHOW COLUMNS FROM `er_goods` [ RunTime:0.0076s ]
SQL: SHOW COLUMNS FROM `er_comm` [ RunTime:0.0061s ]
SQL: SHOW COLUMNS FROM `er_activities` [ RunTime:0.0030s ]
SQL: SELECT er_goods.*,er_user.username,er_school.school FROM `er_goods` LEFT JOIN er_user ON er_goods.uid=er_user.id LEFT JOIN er_school ON er_school.id=er_user.scid  WHERE er_goods.id = '33' LIMIT 1   [ RunTime:0.0005s ]
SQL: SELECT `id`,`g_name`,`g_img`,`price` FROM `er_goods` WHERE (  `g_name` LIKE '%相宜本草%' OR `cid` = '10' ) AND `id` <> '33'  [ RunTime:0.0003s ]
SQL: SELECT `id`,`g_name`,`g_img`,`price` FROM `er_goods` WHERE `uid` = 3 LIMIT 4   [ RunTime:0.0003s ]
SQL: SELECT * FROM `er_comm` WHERE `co_gid` = 33  [ RunTime:0.0003s ]
INFO: [ view_parse ] --START--
INFO: [ template_filter ] --START--
INFO: Run Behavior\ContentReplaceBehavior [ RunTime:0.000238s ]
INFO: [ template_filter ] --END-- [ RunTime:0.000434s ]
NOTIC: [8] Undefined variable: godact G:\wamp\www\yimishop\Thinkshop\Runtime\Cache\Home\7b8cdf4d07265972ccb74f36dff10e65.php 第 173 行.
NOTIC: [8] Undefined variable: godact G:\wamp\www\yimishop\Thinkshop\Runtime\Cache\Home\7b8cdf4d07265972ccb74f36dff10e65.php 第 181 行.
NOTIC: [8] Undefined variable: godact G:\wamp\www\yimishop\Thinkshop\Runtime\Cache\Home\7b8cdf4d07265972ccb74f36dff10e65.php 第 183 行.
NOTIC: [8] Undefined variable: godact G:\wamp\www\yimishop\Thinkshop\Runtime\Cache\Home\7b8cdf4d07265972ccb74f36dff10e65.php 第 184 行.
NOTIC: [8] Undefined variable: godact G:\wamp\www\yimishop\Thinkshop\Runtime\Cache\Home\7b8cdf4d07265972ccb74f36dff10e65.php 第 185 行.
NOTIC: [8] Undefined variable: godact G:\wamp\www\yimishop\Thinkshop\Runtime\Cache\Home\7b8cdf4d07265972ccb74f36dff10e65.php 第 186 行.
NOTIC: [8] Undefined variable: godact G:\wamp\www\yimishop\Thinkshop\Runtime\Cache\Home\7b8cdf4d07265972ccb74f36dff10e65.php 第 187 行.
INFO: Run Behavior\ParseTemplateBehavior [ RunTime:0.024082s ]
INFO: [ view_parse ] --END-- [ RunTime:0.024422s ]
INFO: [ view_filter ] --START--
INFO: Run Behavior\WriteHtmlCacheBehavior [ RunTime:0.000816s ]
INFO: [ view_filter ] --END-- [ RunTime:0.001050s ]
INFO: [ app_end ] --START--
INFO: Run Behavior\ShowPageTraceBehavior [ RunTime:0.001336s ]
INFO: [ app_end ] --END-- [ RunTime:0.001645s ]

[ 2016-04-21T21:19:27+08:00 ] ::1 /yimishop/Home/Product/lists?key=
INFO: [ app_init ] --START--
INFO: Run Behavior\BuildLiteBehavior [ RunTime:0.000065s ]
INFO: [ app_init ] --END-- [ RunTime:0.000801s ]
INFO: [ app_begin ] --START--
INFO: Run Behavior\ReadHtmlCacheBehavior [ RunTime:0.000521s ]
INFO: [ app_begin ] --END-- [ RunTime:0.000730s ]
SQL: SHOW COLUMNS FROM `er_goods` [ RunTime:0.0029s ]
SQL: SELECT * FROM `er_goods` WHERE `g_name` LIKE '%%'  [ RunTime:0.0005s ]
INFO: [ view_parse ] --START--
INFO: [ template_filter ] --START--
INFO: Run Behavior\ContentReplaceBehavior [ RunTime:0.000178s ]
INFO: [ template_filter ] --END-- [ RunTime:0.000343s ]
NOTIC: [8] Undefined index: cid G:\wamp\www\yimishop\Thinkshop\Runtime\Cache\Home\21d5b5bb08c526e0ab14ea435e908f94.php 第 144 行.
INFO: Run Behavior\ParseTemplateBehavior [ RunTime:0.012329s ]
INFO: [ view_parse ] --END-- [ RunTime:0.012523s ]
INFO: [ view_filter ] --START--
INFO: Run Behavior\WriteHtmlCacheBehavior [ RunTime:0.000271s ]
INFO: [ view_filter ] --END-- [ RunTime:0.000412s ]
INFO: [ app_end ] --START--
INFO: Run Behavior\ShowPageTraceBehavior [ RunTime:0.000626s ]
INFO: [ app_end ] --END-- [ RunTime:0.000820s ]

[ 2016-04-21T21:19:31+08:00 ] ::1 /yimishop/Home/Product/lists/orderby/4
INFO: [ app_init ] --START--
INFO: Run Behavior\BuildLiteBehavior [ RunTime:0.000036s ]
INFO: [ app_init ] --END-- [ RunTime:0.000476s ]
INFO: [ app_begin ] --START--
INFO: Run Behavior\ReadHtmlCacheBehavior [ RunTime:0.000481s ]
INFO: [ app_begin ] --END-- [ RunTime:0.000663s ]
SQL: SHOW COLUMNS FROM `er_goods` [ RunTime:0.0032s ]
NOTIC: [8] Undefined variable: map G:\wamp\www\yimishop\Thinkshop\Home\Controller\ProductController.class.php 第 146 行.
NOTIC: [8] Undefined variable: order G:\wamp\www\yimishop\Thinkshop\Home\Controller\ProductController.class.php 第 149 行.
SQL: SELECT * FROM `er_goods`  [ RunTime:0.0005s ]
INFO: [ view_parse ] --START--
INFO: [ template_filter ] --START--
INFO: Run Behavior\ContentReplaceBehavior [ RunTime:0.000200s ]
INFO: [ template_filter ] --END-- [ RunTime:0.000383s ]
NOTIC: [8] Undefined index: cid G:\wamp\www\yimishop\Thinkshop\Runtime\Cache\Home\21d5b5bb08c526e0ab14ea435e908f94.php 第 144 行.
NOTIC: [8] Undefined index: key G:\wamp\www\yimishop\Thinkshop\Runtime\Cache\Home\21d5b5bb08c526e0ab14ea435e908f94.php 第 144 行.
INFO: Run Behavior\ParseTemplateBehavior [ RunTime:0.014382s ]
INFO: [ view_parse ] --END-- [ RunTime:0.014575s ]
INFO: [ view_filter ] --START--
INFO: Run Behavior\WriteHtmlCacheBehavior [ RunTime:0.000353s ]
INFO: [ view_filter ] --END-- [ RunTime:0.000524s ]
INFO: [ app_end ] --START--
INFO: Run Behavior\ShowPageTraceBehavior [ RunTime:0.000790s ]
INFO: [ app_end ] --END-- [ RunTime:0.001099s ]

[ 2016-04-21T21:21:50+08:00 ] ::1 /yimishop/Home/Product/lists?key=
INFO: [ app_init ] --START--
INFO: Run Behavior\BuildLiteBehavior [ RunTime:0.000037s ]
INFO: [ app_init ] --END-- [ RunTime:0.000608s ]
INFO: [ app_begin ] --START--
INFO: Run Behavior\ReadHtmlCacheBehavior [ RunTime:0.000658s ]
INFO: [ app_begin ] --END-- [ RunTime:0.000865s ]
SQL: SHOW COLUMNS FROM `er_goods` [ RunTime:0.0032s ]
SQL: SELECT * FROM `er_goods` WHERE `g_name` LIKE '%%'  [ RunTime:0.0006s ]
INFO: [ view_parse ] --START--
INFO: [ template_filter ] --START--
INFO: Run Behavior\ContentReplaceBehavior [ RunTime:0.000203s ]
INFO: [ template_filter ] --END-- [ RunTime:0.000398s ]
NOTIC: [8] Undefined index: cid G:\wamp\www\yimishop\Thinkshop\Runtime\Cache\Home\21d5b5bb08c526e0ab14ea435e908f94.php 第 144 行.
INFO: Run Behavior\ParseTemplateBehavior [ RunTime:0.014955s ]
INFO: [ view_parse ] --END-- [ RunTime:0.015152s ]
INFO: [ view_filter ] --START--
INFO: Run Behavior\WriteHtmlCacheBehavior [ RunTime:0.000433s ]
INFO: [ view_filter ] --END-- [ RunTime:0.000603s ]
INFO: [ app_end ] --START--
INFO: Run Behavior\ShowPageTraceBehavior [ RunTime:0.000987s ]
INFO: [ app_end ] --END-- [ RunTime:0.001194s ]

[ 2016-04-21T21:21:52+08:00 ] ::1 /yimishop/Home/Product/lists/orderby/4
INFO: [ app_init ] --START--
INFO: Run Behavior\BuildLiteBehavior [ RunTime:0.000036s ]
INFO: [ app_init ] --END-- [ RunTime:0.000506s ]
INFO: [ app_begin ] --START--
INFO: Run Behavior\ReadHtmlCacheBehavior [ RunTime:0.000524s ]
INFO: [ app_begin ] --END-- [ RunTime:0.000708s ]
SQL: SHOW COLUMNS FROM `er_goods` [ RunTime:0.0039s ]
NOTIC: [8] Undefined variable: map G:\wamp\www\yimishop\Thinkshop\Home\Controller\ProductController.class.php 第 146 行.
NOTIC: [8] Undefined variable: order G:\wamp\www\yimishop\Thinkshop\Home\Controller\ProductController.class.php 第 149 行.
SQL: SELECT * FROM `er_goods`  [ RunTime:0.0005s ]
INFO: [ view_parse ] --START--
INFO: [ template_filter ] --START--
INFO: Run Behavior\ContentReplaceBehavior [ RunTime:0.000207s ]
INFO: [ template_filter ] --END-- [ RunTime:0.000397s ]
NOTIC: [8] Undefined index: cid G:\wamp\www\yimishop\Thinkshop\Runtime\Cache\Home\21d5b5bb08c526e0ab14ea435e908f94.php 第 144 行.
NOTIC: [8] Undefined index: key G:\wamp\www\yimishop\Thinkshop\Runtime\Cache\Home\21d5b5bb08c526e0ab14ea435e908f94.php 第 144 行.
INFO: Run Behavior\ParseTemplateBehavior [ RunTime:0.014669s ]
INFO: [ view_parse ] --END-- [ RunTime:0.014864s ]
INFO: [ view_filter ] --START--
INFO: Run Behavior\WriteHtmlCacheBehavior [ RunTime:0.000311s ]
INFO: [ view_filter ] --END-- [ RunTime:0.000478s ]
INFO: [ app_end ] --START--
INFO: Run Behavior\ShowPageTraceBehavior [ RunTime:0.000878s ]
INFO: [ app_end ] --END-- [ RunTime:0.001122s ]

[ 2016-04-21T21:30:17+08:00 ] ::1 /yimishop/Home/Product/lists/orderby/4
INFO: [ app_init ] --START--
INFO: Run Behavior\BuildLiteBehavior [ RunTime:0.000036s ]
INFO: [ app_init ] --END-- [ RunTime:0.000538s ]
INFO: [ app_begin ] --START--
INFO: Run Behavior\ReadHtmlCacheBehavior [ RunTime:0.000607s ]
INFO: [ app_begin ] --END-- [ RunTime:0.000784s ]
SQL: SHOW COLUMNS FROM `er_goods` [ RunTime:0.0033s ]
NOTIC: [8] Undefined variable: map G:\wamp\www\yimishop\Thinkshop\Home\Controller\ProductController.class.php 第 146 行.
SQL: SELECT * FROM `er_goods` ORDER BY score  [ RunTime:0.0006s ]
INFO: [ view_parse ] --START--
INFO: [ template_filter ] --START--
INFO: Run Behavior\ContentReplaceBehavior [ RunTime:0.000198s ]
INFO: [ template_filter ] --END-- [ RunTime:0.000383s ]
NOTIC: [8] Undefined index: cid G:\wamp\www\yimishop\Thinkshop\Runtime\Cache\Home\21d5b5bb08c526e0ab14ea435e908f94.php 第 144 行.
NOTIC: [8] Undefined index: key G:\wamp\www\yimishop\Thinkshop\Runtime\Cache\Home\21d5b5bb08c526e0ab14ea435e908f94.php 第 144 行.
INFO: Run Behavior\ParseTemplateBehavior [ RunTime:0.015193s ]
INFO: [ view_parse ] --END-- [ RunTime:0.015409s ]
INFO: [ view_filter ] --START--
INFO: Run Behavior\WriteHtmlCacheBehavior [ RunTime:0.000477s ]
INFO: [ view_filter ] --END-- [ RunTime:0.000690s ]
INFO: [ app_end ] --START--
INFO: Run Behavior\ShowPageTraceBehavior [ RunTime:0.000929s ]
INFO: [ app_end ] --END-- [ RunTime:0.001207s ]

[ 2016-04-21T21:30:18+08:00 ] ::1 /yimishop/Home/Product/lists/orderby/4
INFO: [ app_init ] --START--
INFO: Run Behavior\BuildLiteBehavior [ RunTime:0.000043s ]
INFO: [ app_init ] --END-- [ RunTime:0.000547s ]
INFO: [ app_begin ] --START--
INFO: Run Behavior\ReadHtmlCacheBehavior [ RunTime:0.000623s ]
INFO: [ app_begin ] --END-- [ RunTime:0.000881s ]
SQL: SHOW COLUMNS FROM `er_goods` [ RunTime:0.0042s ]
NOTIC: [8] Undefined variable: map G:\wamp\www\yimishop\Thinkshop\Home\Controller\ProductController.class.php 第 146 行.
SQL: SELECT * FROM `er_goods` ORDER BY score  [ RunTime:0.0008s ]
INFO: [ view_parse ] --START--
INFO: [ template_filter ] --START--
INFO: Run Behavior\ContentReplaceBehavior [ RunTime:0.000167s ]
INFO: [ template_filter ] --END-- [ RunTime:0.000317s ]
NOTIC: [8] Undefined index: cid G:\wamp\www\yimishop\Thinkshop\Runtime\Cache\Home\21d5b5bb08c526e0ab14ea435e908f94.php 第 144 行.
NOTIC: [8] Undefined index: key G:\wamp\www\yimishop\Thinkshop\Runtime\Cache\Home\21d5b5bb08c526e0ab14ea435e908f94.php 第 144 行.
INFO: Run Behavior\ParseTemplateBehavior [ RunTime:0.012010s ]
INFO: [ view_parse ] --END-- [ RunTime:0.012205s ]
INFO: [ view_filter ] --START--
INFO: Run Behavior\WriteHtmlCacheBehavior [ RunTime:0.000262s ]
INFO: [ view_filter ] --END-- [ RunTime:0.000420s ]
INFO: [ app_end ] --START--
INFO: Run Behavior\ShowPageTraceBehavior [ RunTime:0.000589s ]
INFO: [ app_end ] --END-- [ RunTime:0.000764s ]

[ 2016-04-21T21:30:48+08:00 ] ::1 /yimishop/Home/Product/lists/orderby/4
INFO: [ app_init ] --START--
INFO: Run Behavior\BuildLiteBehavior [ RunTime:0.000036s ]
INFO: [ app_init ] --END-- [ RunTime:0.000512s ]
INFO: [ app_begin ] --START--
INFO: Run Behavior\ReadHtmlCacheBehavior [ RunTime:0.000509s ]
INFO: [ app_begin ] --END-- [ RunTime:0.000685s ]
SQL: SHOW COLUMNS FROM `er_goods` [ RunTime:0.0032s ]
NOTIC: [8] Undefined variable: map G:\wamp\www\yimishop\Thinkshop\Home\Controller\ProductController.class.php 第 146 行.
SQL: SELECT * FROM `er_goods` ORDER BY score desc  [ RunTime:0.0006s ]
INFO: [ view_parse ] --START--
INFO: [ template_filter ] --START--
INFO: Run Behavior\ContentReplaceBehavior [ RunTime:0.000204s ]
INFO: [ template_filter ] --END-- [ RunTime:0.000381s ]
NOTIC: [8] Undefined index: cid G:\wamp\www\yimishop\Thinkshop\Runtime\Cache\Home\21d5b5bb08c526e0ab14ea435e908f94.php 第 144 行.
NOTIC: [8] Undefined index: key G:\wamp\www\yimishop\Thinkshop\Runtime\Cache\Home\21d5b5bb08c526e0ab14ea435e908f94.php 第 144 行.
INFO: Run Behavior\ParseTemplateBehavior [ RunTime:0.014444s ]
INFO: [ view_parse ] --END-- [ RunTime:0.014663s ]
INFO: [ view_filter ] --START--
INFO: Run Behavior\WriteHtmlCacheBehavior [ RunTime:0.000337s ]
INFO: [ view_filter ] --END-- [ RunTime:0.000524s ]
INFO: [ app_end ] --START--
INFO: Run Behavior\ShowPageTraceBehavior [ RunTime:0.000717s ]
INFO: [ app_end ] --END-- [ RunTime:0.000965s ]

[ 2016-04-21T21:30:52+08:00 ] ::1 /yimishop/Home/Product/lists/orderby/3
INFO: [ app_init ] --START--
INFO: Run Behavior\BuildLiteBehavior [ RunTime:0.000036s ]
INFO: [ app_init ] --END-- [ RunTime:0.000501s ]
INFO: [ app_begin ] --START--
INFO: Run Behavior\ReadHtmlCacheBehavior [ RunTime:0.000531s ]
INFO: [ app_begin ] --END-- [ RunTime:0.000752s ]
SQL: SHOW COLUMNS FROM `er_goods` [ RunTime:0.0042s ]
NOTIC: [8] Undefined variable: map G:\wamp\www\yimishop\Thinkshop\Home\Controller\ProductController.class.php 第 146 行.
SQL: SELECT * FROM `er_goods` ORDER BY g_time  [ RunTime:0.0007s ]
INFO: [ view_parse ] --START--
INFO: [ template_filter ] --START--
INFO: Run Behavior\ContentReplaceBehavior [ RunTime:0.000307s ]
INFO: [ template_filter ] --END-- [ RunTime:0.000565s ]
NOTIC: [8] Undefined index: cid G:\wamp\www\yimishop\Thinkshop\Runtime\Cache\Home\21d5b5bb08c526e0ab14ea435e908f94.php 第 144 行.
NOTIC: [8] Undefined index: key G:\wamp\www\yimishop\Thinkshop\Runtime\Cache\Home\21d5b5bb08c526e0ab14ea435e908f94.php 第 144 行.
INFO: Run Behavior\ParseTemplateBehavior [ RunTime:0.014016s ]
INFO: [ view_parse ] --END-- [ RunTime:0.014226s ]
INFO: [ view_filter ] --START--
INFO: Run Behavior\WriteHtmlCacheBehavior [ RunTime:0.000333s ]
INFO: [ view_filter ] --END-- [ RunTime:0.000520s ]
INFO: [ app_end ] --START--
INFO: Run Behavior\ShowPageTraceBehavior [ RunTime:0.000649s ]
INFO: [ app_end ] --END-- [ RunTime:0.000924s ]

[ 2016-04-21T21:30:53+08:00 ] ::1 /yimishop/Home/Product/lists/orderby/2
INFO: [ app_init ] --START--
INFO: Run Behavior\BuildLiteBehavior [ RunTime:0.000063s ]
INFO: [ app_init ] --END-- [ RunTime:0.000789s ]
INFO: [ app_begin ] --START--
INFO: Run Behavior\ReadHtmlCacheBehavior [ RunTime:0.001415s ]
INFO: [ app_begin ] --END-- [ RunTime:0.001707s ]
SQL: SHOW COLUMNS FROM `er_goods` [ RunTime:0.0037s ]
NOTIC: [8] Undefined variable: map G:\wamp\www\yimishop\Thinkshop\Home\Controller\ProductController.class.php 第 146 行.
SQL: SELECT * FROM `er_goods` ORDER BY price  [ RunTime:0.0007s ]
INFO: [ view_parse ] --START--
INFO: [ template_filter ] --START--
INFO: Run Behavior\ContentReplaceBehavior [ RunTime:0.000296s ]
INFO: [ template_filter ] --END-- [ RunTime:0.000576s ]
NOTIC: [8] Undefined index: cid G:\wamp\www\yimishop\Thinkshop\Runtime\Cache\Home\21d5b5bb08c526e0ab14ea435e908f94.php 第 144 行.
NOTIC: [8] Undefined index: key G:\wamp\www\yimishop\Thinkshop\Runtime\Cache\Home\21d5b5bb08c526e0ab14ea435e908f94.php 第 144 行.
INFO: Run Behavior\ParseTemplateBehavior [ RunTime:0.018976s ]
INFO: [ view_parse ] --END-- [ RunTime:0.019274s ]
INFO: [ view_filter ] --START--
INFO: Run Behavior\WriteHtmlCacheBehavior [ RunTime:0.000392s ]
INFO: [ view_filter ] --END-- [ RunTime:0.000672s ]
INFO: [ app_end ] --START--
INFO: Run Behavior\ShowPageTraceBehavior [ RunTime:0.000758s ]
INFO: [ app_end ] --END-- [ RunTime:0.001149s ]

[ 2016-04-21T21:30:55+08:00 ] ::1 /yimishop/Home/Product/lists/orderby/1
INFO: [ app_init ] --START--
INFO: Run Behavior\BuildLiteBehavior [ RunTime:0.000065s ]
INFO: [ app_init ] --END-- [ RunTime:0.000848s ]
INFO: [ app_begin ] --START--
INFO: Run Behavior\ReadHtmlCacheBehavior [ RunTime:0.000853s ]
INFO: [ app_begin ] --END-- [ RunTime:0.001194s ]
SQL: SHOW COLUMNS FROM `er_goods` [ RunTime:0.0041s ]
NOTIC: [8] Undefined variable: map G:\wamp\www\yimishop\Thinkshop\Home\Controller\ProductController.class.php 第 146 行.
SQL: SELECT * FROM `er_goods` ORDER BY sales desc  [ RunTime:0.0007s ]
INFO: [ view_parse ] --START--
INFO: [ template_filter ] --START--
INFO: Run Behavior\ContentReplaceBehavior [ RunTime:0.000293s ]
INFO: [ template_filter ] --END-- [ RunTime:0.000553s ]
NOTIC: [8] Undefined index: cid G:\wamp\www\yimishop\Thinkshop\Runtime\Cache\Home\21d5b5bb08c526e0ab14ea435e908f94.php 第 144 行.
NOTIC: [8] Undefined index: key G:\wamp\www\yimishop\Thinkshop\Runtime\Cache\Home\21d5b5bb08c526e0ab14ea435e908f94.php 第 144 行.
INFO: Run Behavior\ParseTemplateBehavior [ RunTime:0.017902s ]
INFO: [ view_parse ] --END-- [ RunTime:0.018133s ]
INFO: [ view_filter ] --START--
INFO: Run Behavior\WriteHtmlCacheBehavior [ RunTime:0.000270s ]
INFO: [ view_filter ] --END-- [ RunTime:0.000430s ]
INFO: [ app_end ] --START--
INFO: Run Behavior\ShowPageTraceBehavior [ RunTime:0.000663s ]
INFO: [ app_end ] --END-- [ RunTime:0.000942s ]

